info|2019-12-12 12:57:26.069897|[INITIALIZER][initGlobalConfig],enableCompress=true,compatibilityVersion=2.1.0,versionNumber=33619968,chainId=1
info|2019-12-12 12:57:26.186784|[NETWORK][Host]Connecting to node,endpoint=127.0.0.1:30300
info|2019-12-12 12:57:26.187092|[NETWORK][Host]P2P StartAccept,Host=0.0.0.0:30301
info|2019-12-12 12:57:26.193244|[NETWORK][Host]Connecting to node,endpoint=127.0.0.1:30301
info|2019-12-12 12:57:26.193439|[NETWORK][Host]Connecting to node,endpoint=127.0.0.1:30302
info|2019-12-12 12:57:26.193565|[NETWORK][Host]Connecting to node,endpoint=127.0.0.1:30303
info|2019-12-12 12:57:26.193654|[P2P][Service] heartBeat,connected count=0
info|2019-12-12 12:57:26.194511|[CHANNEL]ChannelRPCServer started
info|2019-12-12 12:57:26.197776|[INITIALIZER][RPCInitializer]ChannelRPCHttpServer started.
info|2019-12-12 12:57:26.197821|[LedgerInitializer],groupConfigPath=conf/
info|2019-12-12 12:57:26.200942|[INITIALIZER][initSingleLedger] [GroupId]:  1
info|2019-12-12 12:57:26.200987|[g:1][LEDGER]LedgerConstructor,configPath=conf/group.1.genesis,baseDir=data//group1
info|2019-12-12 12:57:26.201012|[g:1][LEDGER][initGenesisConfig]initConsensusConfig/initDBConfig/initTxConfig,configFile=conf/group.1.genesis
info|2019-12-12 12:57:26.201113|[g:1][LEDGER][initConsensusConfig],it.first=fc2c7888ced21f44ebab8c5975a9aa05ef0da8f7d258808e4364334fe9157dac91ebde60444a932ada83a49c0079c9ac47e4fab1a1ff477a1c430f8e7e9a7b61
info|2019-12-12 12:57:26.201154|[g:1][LEDGER][initConsensusConfig],it.first=1aee600f24b13513289ed8a98280f0bd078adbeb29893ec5ce7094628c93a7d7827f87b019dff8d12821384d965db3fb0c2e398756a68265102d2eeea4a2e92c
info|2019-12-12 12:57:26.201182|[g:1][LEDGER][initConsensusConfig],it.first=2f680e6f9b4e79127a670f739c334cb5ec9d1d5ba8e4cdb23c77f1049295687a655c40def85838ca019eabdf59078609ffcd9f5ef442da0a96b7bde57ee4dac6
info|2019-12-12 12:57:26.201209|[g:1][LEDGER][initConsensusConfig],it.first=27fabce40ce2ae76a2c8766fdd2288911467e98748ed2e5426949c73aa0079c74d6a45334aff501adef05283a167d3af589c552366ffd7026b743df2351d489c
info|2019-12-12 12:57:26.201365|[g:1][LEDGER][initIniConfig]initTxPoolConfig/initSyncConfig/initTxExecuteConfig,configFile=conf/group.1.ini
info|2019-12-12 12:57:26.203179|[g:1][LEDGER][initLedger][DBInitializer]
info|2019-12-12 12:57:26.203341|[g:1][DBINITIALIZER] [initRocksDBStorage]
info|2019-12-12 12:57:26.199228|[NETWORK][ASIO]asyncResolveConnect,endpoint=127.0.0.1:30300
info|2019-12-12 12:57:26.205092|[NETWORK][ASIO]asyncResolveConnect,endpoint=127.0.0.1:30301
info|2019-12-12 12:57:26.205320|[NETWORK][ASIO]asyncResolveConnect,endpoint=127.0.0.1:30302
info|2019-12-12 12:57:26.205752|[NETWORK][ASIO]asyncResolveConnect,endpoint=127.0.0.1:30303
info|2019-12-12 12:57:26.205920|[NETWORK][Host]P2P Recv Connect, From=127.0.0.1:42848
info|2019-12-12 12:57:26.205980|[NETWORK][Host]P2P StartAccept,Host=0.0.0.0:30301
info|2019-12-12 12:57:26.211684|[g:1][ROCKSDB]open rocksDB handler
info|2019-12-12 12:57:26.271193|[NETWORK][Host]P2P Recv Connect, From=127.0.0.1:42860
info|2019-12-12 12:57:26.273871|[NETWORK][Host]P2P StartAccept,Host=0.0.0.0:30301
info|2019-12-12 12:57:26.293712|[NETWORK][Host]P2P Recv Connect, From=127.0.0.1:42862
info|2019-12-12 12:57:26.293794|[NETWORK][Host]P2P StartAccept,Host=0.0.0.0:30301
info|2019-12-12 12:57:26.320559|[P2P][Service] Connection established,nodeID=2f680e6f...,endpoint=127.0.0.1:30302
info|2019-12-12 12:57:26.320614|[NETWORK][Host]startPeerSession, From=127.0.0.1:30302,nodeID=2f680e6f...
info|2019-12-12 12:57:26.324543|[NETWORK][Host]startPeerSession, From=127.0.0.1:42848,nodeID=1aee600f...
info|2019-12-12 12:57:26.324783|[P2P][Service] Connection established,nodeID=27fabce4...,endpoint=127.0.0.1:30303
info|2019-12-12 12:57:26.324995|[NETWORK][Host]startPeerSession, From=127.0.0.1:30303,nodeID=27fabce4...
info|2019-12-12 12:57:26.325114|[NETWORK][Host]startPeerSession, From=127.0.0.1:30301,nodeID=1aee600f...
info|2019-12-12 12:57:26.351457|[NETWORK][Host]startPeerSession, From=127.0.0.1:30300,nodeID=fc2c7888...
info|2019-12-12 12:57:26.351488|[NETWORK][Host]P2P Recv Connect, From=127.0.0.1:42872
info|2019-12-12 12:57:26.351511|[NETWORK][Host]P2P StartAccept,Host=0.0.0.0:30301
info|2019-12-12 12:57:26.352381|[P2P][Service] Connection established,nodeID=fc2c7888...,endpoint=127.0.0.1:30300
info|2019-12-12 12:57:26.363625|[NETWORK][Host]startPeerSession, From=127.0.0.1:42860,nodeID=27fabce4...
info|2019-12-12 12:57:26.370539|[NETWORK][Host]startPeerSession, From=127.0.0.1:42862,nodeID=fc2c7888...
info|2019-12-12 12:57:26.376492|[NETWORK][Host]startPeerSession, From=127.0.0.1:42872,nodeID=2f680e6f...
info|2019-12-12 12:57:26.497270|[g:1][g:0][STORAGE][CachedStorage]Init flushStorage thread
info|2019-12-12 12:57:26.532442|[g:1][BLOCKCHAIN][#checkAndBuildGenesisBlock]Already have the 0th block, 0th groupMark is equal to file groupMark.
info|2019-12-12 12:57:26.541689|[g:1][CONSENSUS][PBFT]Register handler for PBFTEngine
info|2019-12-12 12:57:26.548882|[g:1][CONSENSUS][PBFT],minBlockGenerationTime=500
info|2019-12-12 12:57:26.548930|[LedgerInitializer init group succ],groupID=1
info|2019-12-12 12:57:26.549128|[INITIALIZER][RPCInitializer]JsonrpcHttpServer started.
info|2019-12-12 12:57:26.549150|[g:1][LEDGER]startAll...
warning|2019-12-12 12:57:26.550538|[SYNC][id:1aee600f...][Status]Peer data not found,nodeId=27fabce4...
warning|2019-12-12 12:57:26.550802|[SYNC][id:1aee600f...][Status]Peer data not found,nodeId=27fabce4...
info|2019-12-12 12:57:26.551623|[g:1][CONSENSUS][PBFT]^^^^^^^^Report,num=39,sealerIdx=2,hash=519f8cd2...,next=40,tx=1,nodeIdx=0
info|2019-12-12 12:57:26.700550|[g:1][CONSENSUS][PBFT][PBFT init env successfully]
info|2019-12-12 12:57:26.700608|[g:1][CONSENSUS][ConsensusEngine][Start ConsensusEngineBase]
info|2019-12-12 12:57:26.700740|[g:1][CONSENSUS][PBFT][Start PBFTEngine...]
info|2019-12-12 12:57:26.700746|[g:1][CONSENSUS][SEALER][Start sealer module]
info|2019-12-12 12:57:26.701012|[g:1][EVENT][EventLogFilterManager]start,m_maxBlockRange=0,m_maxBlockPerLoopFilter=3
info|2019-12-12 12:57:27.714921|[g:1][CONSENSUS]addRawPrepare,height=40,reqIdx=3,hash=41871a23...
info|2019-12-12 12:57:27.721926|[g:1][CONSENSUS][PBFT]checkTimeout Succ,view=0,toView=1,nodeIdx=0,changeCycle=0,myNode=1aee600f...,timecost=6.769
info|2019-12-12 12:57:27.726629|[g:1][CONSENSUS][PBFT]checkAndChangeView: Reach consensus,org_view=0,org_changeCycle=0,cur_changeCycle=0,to_view=1
info|2019-12-12 12:57:28.726761|[g:1][CONSENSUS][SEALER]++++++++++++++++ Generating seal on,blkNum=40,tx=0,nodeIdx=0,hash=2dd8823f...
info|2019-12-12 12:57:28.734395|[g:1][CONSENSUS][PBFT]checkTimeout Succ,view=1,toView=2,nodeIdx=0,changeCycle=0,myNode=1aee600f...,timecost=0.331
info|2019-12-12 12:57:28.737899|[g:1][CONSENSUS][PBFT]checkAndChangeView: Reach consensus,org_view=1,org_changeCycle=0,cur_changeCycle=0,to_view=2
info|2019-12-12 12:57:29.741130|[g:1][CONSENSUS]addRawPrepare,height=40,reqIdx=1,hash=90819502...
info|2019-12-12 12:57:29.741364|[g:1][CONSENSUS][PBFT]checkTimeout Succ,view=2,toView=3,nodeIdx=0,changeCycle=0,myNode=1aee600f...,timecost=0.198
info|2019-12-12 12:57:29.744659|[g:1][CONSENSUS][PBFT]checkAndChangeView: Reach consensus,org_view=2,org_changeCycle=0,cur_changeCycle=0,to_view=3
info|2019-12-12 12:57:30.745423|[g:1][CONSENSUS]addRawPrepare,height=40,reqIdx=2,hash=24c5459c...
info|2019-12-12 12:57:30.745684|[g:1][CONSENSUS][PBFT]checkTimeout Succ,view=3,toView=4,nodeIdx=0,changeCycle=0,myNode=1aee600f...,timecost=0.18
info|2019-12-12 12:57:30.749090|[g:1][CONSENSUS][PBFT]checkAndChangeView: Reach consensus,org_view=3,org_changeCycle=0,cur_changeCycle=0,to_view=4
info|2019-12-12 12:57:31.750549|[g:1][CONSENSUS]addRawPrepare,height=40,reqIdx=3,hash=eeba6e6d...
info|2019-12-12 12:57:31.750835|[g:1][CONSENSUS][PBFT]checkTimeout Succ,view=4,toView=5,nodeIdx=0,changeCycle=0,myNode=1aee600f...,timecost=0.208
info|2019-12-12 12:57:31.757309|[g:1][CONSENSUS][PBFT]checkAndChangeView: Reach consensus,org_view=4,org_changeCycle=0,cur_changeCycle=0,to_view=5
info|2019-12-12 12:57:32.757994|[g:1][CONSENSUS][SEALER]++++++++++++++++ Generating seal on,blkNum=40,tx=0,nodeIdx=0,hash=35175998...
info|2019-12-12 12:57:32.762958|[g:1][CONSENSUS][PBFT]checkTimeout Succ,view=5,toView=6,nodeIdx=0,changeCycle=0,myNode=1aee600f...,timecost=0.229
info|2019-12-12 12:57:32.765525|[g:1][CONSENSUS][PBFT]checkAndChangeView: Reach consensus,org_view=5,org_changeCycle=0,cur_changeCycle=0,to_view=6
info|2019-12-12 12:57:33.766240|[g:1][CONSENSUS]addRawPrepare,height=40,reqIdx=1,hash=9fdebc2b...
info|2019-12-12 12:57:33.766440|[g:1][CONSENSUS][PBFT]checkTimeout Succ,view=6,toView=7,nodeIdx=0,changeCycle=0,myNode=1aee600f...,timecost=0.177
info|2019-12-12 12:57:33.770131|[g:1][CONSENSUS][PBFT]checkAndChangeView: Reach consensus,org_view=6,org_changeCycle=0,cur_changeCycle=0,to_view=7
info|2019-12-12 12:57:34.769398|[g:1][CONSENSUS]addRawPrepare,height=40,reqIdx=2,hash=f85aa710...
info|2019-12-12 12:57:34.769669|[g:1][CONSENSUS][PBFT]checkTimeout Succ,view=7,toView=8,nodeIdx=0,changeCycle=0,myNode=1aee600f...,timecost=0.202
info|2019-12-12 12:57:34.774648|[g:1][CONSENSUS][PBFT]checkAndChangeView: Reach consensus,org_view=7,org_changeCycle=0,cur_changeCycle=0,to_view=8
info|2019-12-12 12:57:35.276499|[g:1][CONSENSUS]addRawPrepare,height=40,reqIdx=3,hash=f5ac67e5...
info|2019-12-12 12:57:35.276618|[g:1][CONSENSUS][PBFT]I am the next leader = 0, filter trans size = 2, total trans = 2
info|2019-12-12 12:57:35.276674|[g:1][BLOCKVERIFIER][executeBlock]Executing block,txNum=2,num=40,parentHash=519f8cd27e301f4b987d3c8b5728cd722c47241fc29ad255cf6bcb505e47740e,parentNum=39,parentStateRoot=2ea9ab9198d1638007400cd2c3bef1cc745b864b76011a0e1bc52180ac6452d4
info|2019-12-12 12:57:35.277198|[g:1][CONSENSUS][PBFT]execBlock,blkNum=40,reqIdx=3,hash=d6b5204e...,nodeIdx=0,myNode=1aee600f...,decodeCost=0,checkCost=0,notifyCost=0,noteSealingCost=0,currentCycle=0,verifyAndSetSenderCost=0,execCost=1,execPerTx=0.5,totalCost=1
info|2019-12-12 12:57:35.278469|[g:1][CONSENSUS][PBFT]handlePrepareMsg Succ,Timecost=2.184,INFO=handlePrepareMsg,reqIdx=3,view=8,reqNum=40,curNum=39,consNum=40,fromIp=127.0.0.1:30300,hash=f5ac67e5...,nodeIdx=0,myNode=1aee600f...,curChangeCycle=0
info|2019-12-12 12:57:35.282276|[g:1][CONSENSUS][PBFT]handleSignMsg Succ,Timecost=0.217,INFO=handleSignMsg,num=40,curNum=39,GenIdx=2,Sview=8,view=8,fromIdx=2,fromNode=2f680e6f...,fromIp=127.0.0.1:30302,hash=d6b5204e...,nodeIdx=0,myNode=1aee600f...
info|2019-12-12 12:57:35.282825|[g:1][CONSENSUS][PBFT]checkAndCommit: backup/updateCommittedPrepare,reqNum=40,hash=f5ac67e5...,nodeIdx=0,myNode=1aee600f...
info|2019-12-12 12:57:35.283837|[g:1][CONSENSUS][PBFT]handleSignMsg Succ,Timecost=1.224,INFO=handleSignMsg,num=40,curNum=39,GenIdx=1,Sview=8,view=8,fromIdx=1,fromNode=27fabce4...,fromIp=127.0.0.1:30303,hash=d6b5204e...,nodeIdx=0,myNode=1aee600f...
info|2019-12-12 12:57:35.284307|[g:1][CONSENSUS][PBFT]handleCommitMsg Succ,INFO=handleCommitMsg,reqNum=40,curNum=39,GenIdx=1,Cview=8,view=8,fromIdx=1,fromNode=27fabce4...,fromIp=127.0.0.1:30303,hash=d6b5204e...,nodeIdx=0,myNode=1aee600f...,Timecost=0.207
info|2019-12-12 12:57:35.289385|[g:1][CONSENSUS][PBFT]handleSignMsg Succ,Timecost=0.298,INFO=handleSignMsg,num=40,curNum=39,GenIdx=3,Sview=8,view=8,fromIdx=3,fromNode=fc2c7888...,fromIp=127.0.0.1:30300,hash=d6b5204e...,nodeIdx=0,myNode=1aee600f...
info|2019-12-12 12:57:35.292808|[g:1][CONSENSUS][PBFT]checkAndSave: CommitReq enough,prepareHeight=40,commitSize=3,hash=d6b5204e...,nodeIdx=0,myNode=1aee600f...
info|2019-12-12 12:57:35.293322|[g:1][g:1][STORAGE][CachedStorage]CachedStorage commit: 5 hash: d6b5204e417284572ca597ac412efbdc4c82c839f022d0576696a6827c4002b3 num: 40
info|2019-12-12 12:57:35.293487|[STORAGE]Start commit block: 40 to backend storage
info|2019-12-12 12:57:35.293743|[g:1][STORAGE]Submited block task: 40, current syncd block: 0
info|2019-12-12 12:57:35.293756|[g:1][g:1][STORAGE][CachedStorage]Current block number: 40 greater than syncd block number: 0, waiting...
info|2019-12-12 12:57:35.294205|[STORAGE][g:1]
---------------------------------------------------------------------
Commit block: 40 to backend storage finished, current cached block: 40
Flush elapsed time: 0.0007s
---------------------------------------------------------------------

info|2019-12-12 12:57:35.295388|[g:1]Push block notify: 1-40
info|2019-12-12 12:57:35.295551|[g:1][CONSENSUS][PBFT]CommitBlock Succ,prepareHeight=40,reqIdx=3,hash=d6b5204e...,nodeIdx=0,myNode=1aee600f...,genSigTimeCost=0,commitBlockTimeCost=3,dropTxsTimeCost=0,noteSealingTimeCost=0,totalTimeCost=3
info|2019-12-12 12:57:35.295577|[g:1][CONSENSUS][PBFT]handleCommitMsg Succ,INFO=handleCommitMsg,reqNum=40,curNum=39,GenIdx=3,Cview=8,view=8,fromIdx=3,fromNode=fc2c7888...,fromIp=127.0.0.1:30300,hash=d6b5204e...,nodeIdx=0,myNode=1aee600f...,Timecost=3.591
info|2019-12-12 12:57:35.295718|[g:1][CONSENSUS][SEALER]increase maxNoTimeoutTx,maxNoTimeoutTx=2
info|2019-12-12 12:57:35.295725|[g:1][CONSENSUS][PBFT]^^^^^^^^Report,num=40,sealerIdx=3,hash=d6b5204e...,next=41,tx=2,nodeIdx=0
info|2019-12-12 12:57:36.196558|[P2P][Service] heartBeat,connected count=3
info|2019-12-12 12:57:36.296025|[g:1][CONSENSUS][SEALER]++++++++++++++++ Generating seal on,blkNum=41,tx=0,nodeIdx=0,hash=937baf13...
info|2019-12-12 12:57:36.299692|[g:1][CONSENSUS][PBFT]checkTimeout Succ,view=0,toView=1,nodeIdx=0,changeCycle=0,myNode=1aee600f...,timecost=0.238
info|2019-12-12 12:57:36.300740|[g:1][CONSENSUS][PBFT]checkAndChangeView: Reach consensus,org_view=0,org_changeCycle=0,cur_changeCycle=0,to_view=1
info|2019-12-12 12:57:37.306348|[g:1][CONSENSUS]addRawPrepare,height=41,reqIdx=1,hash=ec47f8a6...
info|2019-12-12 12:57:37.306705|[g:1][CONSENSUS][PBFT]checkTimeout Succ,view=1,toView=2,nodeIdx=0,changeCycle=0,myNode=1aee600f...,timecost=0.22
info|2019-12-12 12:57:37.308286|[g:1][CONSENSUS][PBFT]checkAndChangeView: Reach consensus,org_view=1,org_changeCycle=0,cur_changeCycle=0,to_view=2
info|2019-12-12 12:57:38.310274|[g:1][CONSENSUS]addRawPrepare,height=41,reqIdx=2,hash=caacfa71...
info|2019-12-12 12:57:38.310478|[g:1][CONSENSUS][PBFT]checkTimeout Succ,view=2,toView=3,nodeIdx=0,changeCycle=0,myNode=1aee600f...,timecost=0.18
info|2019-12-12 12:57:38.313632|[g:1][CONSENSUS][PBFT]checkAndChangeView: Reach consensus,org_view=2,org_changeCycle=0,cur_changeCycle=0,to_view=3
info|2019-12-12 12:57:39.315880|[g:1][CONSENSUS]addRawPrepare,height=41,reqIdx=3,hash=0741fc0f...
info|2019-12-12 12:57:39.316069|[g:1][CONSENSUS][PBFT]checkTimeout Succ,view=3,toView=4,nodeIdx=0,changeCycle=0,myNode=1aee600f...,timecost=0.166
info|2019-12-12 12:57:39.318293|[g:1][CONSENSUS][PBFT]checkAndChangeView: Reach consensus,org_view=3,org_changeCycle=0,cur_changeCycle=0,to_view=4
info|2019-12-12 12:57:40.318514|[g:1][CONSENSUS][SEALER]++++++++++++++++ Generating seal on,blkNum=41,tx=0,nodeIdx=0,hash=d10a45c3...
info|2019-12-12 12:57:40.324989|[g:1][CONSENSUS][PBFT]checkTimeout Succ,view=4,toView=5,nodeIdx=0,changeCycle=0,myNode=1aee600f...,timecost=0.181
info|2019-12-12 12:57:40.327745|[g:1][CONSENSUS][PBFT]checkAndChangeView: Reach consensus,org_view=4,org_changeCycle=0,cur_changeCycle=0,to_view=5
info|2019-12-12 12:57:41.324544|[g:1][CONSENSUS]addRawPrepare,height=41,reqIdx=1,hash=9ec3df60...
info|2019-12-12 12:57:41.324741|[g:1][CONSENSUS][PBFT]checkTimeout Succ,view=5,toView=6,nodeIdx=0,changeCycle=0,myNode=1aee600f...,timecost=0.176
info|2019-12-12 12:57:41.326536|[g:1][CONSENSUS][PBFT]checkAndChangeView: Reach consensus,org_view=5,org_changeCycle=0,cur_changeCycle=0,to_view=6
info|2019-12-12 12:57:42.330054|[g:1][CONSENSUS]addRawPrepare,height=41,reqIdx=2,hash=72cffcc4...
info|2019-12-12 12:57:42.330300|[g:1][CONSENSUS][PBFT]checkTimeout Succ,view=6,toView=7,nodeIdx=0,changeCycle=0,myNode=1aee600f...,timecost=0.214
info|2019-12-12 12:57:42.337469|[g:1][CONSENSUS][PBFT]checkAndChangeView: Reach consensus,org_view=6,org_changeCycle=0,cur_changeCycle=0,to_view=7
info|2019-12-12 12:57:43.341092|[g:1][CONSENSUS]addRawPrepare,height=41,reqIdx=3,hash=0fe874a0...
info|2019-12-12 12:57:43.341293|[g:1][CONSENSUS][PBFT]checkTimeout Succ,view=7,toView=8,nodeIdx=0,changeCycle=0,myNode=1aee600f...,timecost=0.177
info|2019-12-12 12:57:43.344794|[g:1][CONSENSUS][PBFT]checkAndChangeView: Reach consensus,org_view=7,org_changeCycle=0,cur_changeCycle=0,to_view=8
info|2019-12-12 12:57:44.344617|[g:1][CONSENSUS][SEALER]++++++++++++++++ Generating seal on,blkNum=41,tx=0,nodeIdx=0,hash=824fba96...
info|2019-12-12 12:57:44.351081|[g:1][CONSENSUS][PBFT]checkTimeout Succ,view=8,toView=9,nodeIdx=0,changeCycle=0,myNode=1aee600f...,timecost=0.185
info|2019-12-12 12:57:44.352052|[g:1][CONSENSUS][PBFT]checkAndChangeView: Reach consensus,org_view=8,org_changeCycle=0,cur_changeCycle=0,to_view=9
info|2019-12-12 12:57:45.353108|[g:1][CONSENSUS]addRawPrepare,height=41,reqIdx=1,hash=d3a8da76...
info|2019-12-12 12:57:45.353442|[g:1][CONSENSUS][PBFT]checkTimeout Succ,view=9,toView=10,nodeIdx=0,changeCycle=0,myNode=1aee600f...,timecost=0.306
info|2019-12-12 12:57:45.381891|[g:1][CONSENSUS][PBFT]checkAndChangeView: Reach consensus,org_view=9,org_changeCycle=0,cur_changeCycle=0,to_view=10
info|2019-12-12 12:57:46.196641|[P2P][Service] heartBeat,connected count=3
info|2019-12-12 12:57:46.391366|[g:1][CONSENSUS]addRawPrepare,height=41,reqIdx=2,hash=1434d846...
info|2019-12-12 12:57:46.391596|[g:1][CONSENSUS][PBFT]checkTimeout Succ,view=10,toView=11,nodeIdx=0,changeCycle=0,myNode=1aee600f...,timecost=0.209
info|2019-12-12 12:57:46.393362|[g:1][CONSENSUS][PBFT]checkAndChangeView: Reach consensus,org_view=10,org_changeCycle=0,cur_changeCycle=0,to_view=11
info|2019-12-12 12:57:47.396935|[g:1][CONSENSUS]addRawPrepare,height=41,reqIdx=3,hash=3373ff4d...
info|2019-12-12 12:57:47.397158|[g:1][CONSENSUS][PBFT]checkTimeout Succ,view=11,toView=12,nodeIdx=0,changeCycle=0,myNode=1aee600f...,timecost=0.195
info|2019-12-12 12:57:47.399194|[g:1][CONSENSUS][PBFT]checkAndChangeView: Reach consensus,org_view=11,org_changeCycle=0,cur_changeCycle=0,to_view=12
info|2019-12-12 12:57:48.400771|[g:1][CONSENSUS][SEALER]++++++++++++++++ Generating seal on,blkNum=41,tx=0,nodeIdx=0,hash=20cc7349...
info|2019-12-12 12:57:48.406574|[g:1][CONSENSUS][PBFT]checkTimeout Succ,view=12,toView=13,nodeIdx=0,changeCycle=0,myNode=1aee600f...,timecost=0.263
info|2019-12-12 12:57:48.407406|[g:1][CONSENSUS][PBFT]checkAndChangeView: Reach consensus,org_view=12,org_changeCycle=0,cur_changeCycle=0,to_view=13
info|2019-12-12 12:57:49.409128|[g:1][CONSENSUS]addRawPrepare,height=41,reqIdx=1,hash=a3c05df7...
info|2019-12-12 12:57:49.409495|[g:1][CONSENSUS][PBFT]checkTimeout Succ,view=13,toView=14,nodeIdx=0,changeCycle=0,myNode=1aee600f...,timecost=0.341
info|2019-12-12 12:57:49.414694|[g:1][CONSENSUS][PBFT]checkAndChangeView: Reach consensus,org_view=13,org_changeCycle=0,cur_changeCycle=0,to_view=14
info|2019-12-12 12:57:50.435161|[g:1][CONSENSUS]addRawPrepare,height=41,reqIdx=2,hash=349ea837...
info|2019-12-12 12:57:50.435429|[g:1][CONSENSUS][PBFT]checkTimeout Succ,view=14,toView=15,nodeIdx=0,changeCycle=0,myNode=1aee600f...,timecost=0.224
info|2019-12-12 12:57:50.442640|[g:1][CONSENSUS][PBFT]checkAndChangeView: Reach consensus,org_view=14,org_changeCycle=0,cur_changeCycle=0,to_view=15
info|2019-12-12 12:57:51.359106|[NETWORK][Session]Received topic: [1] from fc2c7888ced21f44ebab8c5975a9aa05ef0da8f7d258808e4364334fe9157dac91ebde60444a932ada83a49c0079c9ac47e4fab1a1ff477a1c430f8e7e9a7b61
info|2019-12-12 12:57:51.445244|[g:1][CONSENSUS]addRawPrepare,height=41,reqIdx=3,hash=63c0c3fd...
info|2019-12-12 12:57:51.445495|[g:1][CONSENSUS][PBFT]checkTimeout Succ,view=15,toView=16,nodeIdx=0,changeCycle=0,myNode=1aee600f...,timecost=0.21
info|2019-12-12 12:57:51.447611|[g:1][CONSENSUS][PBFT]checkAndChangeView: Reach consensus,org_view=15,org_changeCycle=0,cur_changeCycle=0,to_view=16
info|2019-12-12 12:57:52.448433|[g:1][CONSENSUS][SEALER]++++++++++++++++ Generating seal on,blkNum=41,tx=0,nodeIdx=0,hash=530dd5a8...
info|2019-12-12 12:57:52.459053|[g:1][CONSENSUS][PBFT]checkTimeout Succ,view=16,toView=17,nodeIdx=0,changeCycle=0,myNode=1aee600f...,timecost=0.406
info|2019-12-12 12:57:52.460888|[g:1][CONSENSUS][PBFT]checkAndChangeView: Reach consensus,org_view=16,org_changeCycle=0,cur_changeCycle=0,to_view=17
info|2019-12-12 12:57:53.459585|[g:1][CONSENSUS]addRawPrepare,height=41,reqIdx=1,hash=9efb7dbb...
info|2019-12-12 12:57:53.459901|[g:1][CONSENSUS][PBFT]checkTimeout Succ,view=17,toView=18,nodeIdx=0,changeCycle=0,myNode=1aee600f...,timecost=0.296
info|2019-12-12 12:57:53.462681|[g:1][CONSENSUS][PBFT]checkAndChangeView: Reach consensus,org_view=17,org_changeCycle=0,cur_changeCycle=0,to_view=18
info|2019-12-12 12:57:54.465544|[g:1][CONSENSUS]addRawPrepare,height=41,reqIdx=2,hash=03d78a52...
info|2019-12-12 12:57:54.465747|[g:1][CONSENSUS][PBFT]checkTimeout Succ,view=18,toView=19,nodeIdx=0,changeCycle=0,myNode=1aee600f...,timecost=0.179
info|2019-12-12 12:57:54.468569|[g:1][CONSENSUS][PBFT]checkAndChangeView: Reach consensus,org_view=18,org_changeCycle=0,cur_changeCycle=0,to_view=19
info|2019-12-12 12:57:55.470214|[g:1][CONSENSUS]addRawPrepare,height=41,reqIdx=3,hash=85c93980...
info|2019-12-12 12:57:55.470468|[g:1][CONSENSUS][PBFT]checkTimeout Succ,view=19,toView=20,nodeIdx=0,changeCycle=0,myNode=1aee600f...,timecost=0.194
info|2019-12-12 12:57:55.473160|[g:1][CONSENSUS][PBFT]checkAndChangeView: Reach consensus,org_view=19,org_changeCycle=0,cur_changeCycle=0,to_view=20
info|2019-12-12 12:57:56.196836|[P2P][Service] heartBeat,connected count=3
info|2019-12-12 12:57:56.473279|[g:1][CONSENSUS][SEALER]++++++++++++++++ Generating seal on,blkNum=41,tx=0,nodeIdx=0,hash=017ecce3...
info|2019-12-12 12:57:56.493904|[g:1][CONSENSUS][PBFT]checkTimeout Succ,view=20,toView=21,nodeIdx=0,changeCycle=0,myNode=1aee600f...,timecost=0.324
info|2019-12-12 12:57:56.495213|[g:1][CONSENSUS][PBFT]checkAndChangeView: Reach consensus,org_view=20,org_changeCycle=0,cur_changeCycle=0,to_view=21
info|2019-12-12 12:57:57.485525|[g:1][CONSENSUS]addRawPrepare,height=41,reqIdx=1,hash=c199636d...
info|2019-12-12 12:57:57.485951|[g:1][CONSENSUS][PBFT]checkTimeout Succ,view=21,toView=22,nodeIdx=0,changeCycle=0,myNode=1aee600f...,timecost=0.361
info|2019-12-12 12:57:57.492116|[g:1][CONSENSUS][PBFT]checkAndChangeView: Reach consensus,org_view=21,org_changeCycle=0,cur_changeCycle=0,to_view=22
info|2019-12-12 12:57:58.493502|[g:1][CONSENSUS]addRawPrepare,height=41,reqIdx=2,hash=07472a1b...
info|2019-12-12 12:57:58.493702|[g:1][CONSENSUS][PBFT]checkTimeout Succ,view=22,toView=23,nodeIdx=0,changeCycle=0,myNode=1aee600f...,timecost=0.18
info|2019-12-12 12:57:58.496005|[g:1][CONSENSUS][PBFT]checkAndChangeView: Reach consensus,org_view=22,org_changeCycle=0,cur_changeCycle=0,to_view=23
info|2019-12-12 12:57:59.497534|[g:1][CONSENSUS]addRawPrepare,height=41,reqIdx=3,hash=d591cb7b...
info|2019-12-12 12:57:59.497733|[g:1][CONSENSUS][PBFT]checkTimeout Succ,view=23,toView=24,nodeIdx=0,changeCycle=0,myNode=1aee600f...,timecost=0.177
info|2019-12-12 12:57:59.500639|[g:1][CONSENSUS][PBFT]checkAndChangeView: Reach consensus,org_view=23,org_changeCycle=0,cur_changeCycle=0,to_view=24
info|2019-12-12 12:58:00.500162|[g:1][CONSENSUS][SEALER]++++++++++++++++ Generating seal on,blkNum=41,tx=0,nodeIdx=0,hash=d3ad82dd...
info|2019-12-12 12:58:00.505878|[g:1][CONSENSUS][PBFT]checkTimeout Succ,view=24,toView=25,nodeIdx=0,changeCycle=0,myNode=1aee600f...,timecost=0.242
info|2019-12-12 12:58:00.506531|[g:1][CONSENSUS][PBFT]checkAndChangeView: Reach consensus,org_view=24,org_changeCycle=0,cur_changeCycle=0,to_view=25
info|2019-12-12 12:58:01.506505|[g:1][CONSENSUS]addRawPrepare,height=41,reqIdx=1,hash=2f886cb9...
info|2019-12-12 12:58:01.506783|[g:1][CONSENSUS][PBFT]checkTimeout Succ,view=25,toView=26,nodeIdx=0,changeCycle=0,myNode=1aee600f...,timecost=0.258
info|2019-12-12 12:58:01.509412|[g:1][CONSENSUS][PBFT]checkAndChangeView: Reach consensus,org_view=25,org_changeCycle=0,cur_changeCycle=0,to_view=26
info|2019-12-12 12:58:02.511533|[g:1][CONSENSUS]addRawPrepare,height=41,reqIdx=2,hash=5e78fe3a...
info|2019-12-12 12:58:02.511742|[g:1][CONSENSUS][PBFT]checkTimeout Succ,view=26,toView=27,nodeIdx=0,changeCycle=0,myNode=1aee600f...,timecost=0.184
info|2019-12-12 12:58:02.513595|[g:1][CONSENSUS][PBFT]checkAndChangeView: Reach consensus,org_view=26,org_changeCycle=0,cur_changeCycle=0,to_view=27
info|2019-12-12 12:58:03.516093|[g:1][CONSENSUS]addRawPrepare,height=41,reqIdx=3,hash=f78c5a47...
info|2019-12-12 12:58:03.516292|[g:1][CONSENSUS][PBFT]checkTimeout Succ,view=27,toView=28,nodeIdx=0,changeCycle=0,myNode=1aee600f...,timecost=0.176
info|2019-12-12 12:58:03.519030|[g:1][CONSENSUS][PBFT]checkAndChangeView: Reach consensus,org_view=27,org_changeCycle=0,cur_changeCycle=0,to_view=28
info|2019-12-12 12:58:04.519482|[g:1][CONSENSUS][SEALER]++++++++++++++++ Generating seal on,blkNum=41,tx=0,nodeIdx=0,hash=4d873855...
info|2019-12-12 12:58:04.525074|[g:1][CONSENSUS][PBFT]checkTimeout Succ,view=28,toView=29,nodeIdx=0,changeCycle=0,myNode=1aee600f...,timecost=0.225
info|2019-12-12 12:58:04.525880|[g:1][CONSENSUS][PBFT]checkAndChangeView: Reach consensus,org_view=28,org_changeCycle=0,cur_changeCycle=0,to_view=29
info|2019-12-12 12:58:05.525929|[g:1][CONSENSUS]addRawPrepare,height=41,reqIdx=1,hash=cf2e111f...
info|2019-12-12 12:58:05.526145|[g:1][CONSENSUS][PBFT]checkTimeout Succ,view=29,toView=30,nodeIdx=0,changeCycle=0,myNode=1aee600f...,timecost=0.191
info|2019-12-12 12:58:05.528613|[g:1][CONSENSUS][PBFT]checkAndChangeView: Reach consensus,org_view=29,org_changeCycle=0,cur_changeCycle=0,to_view=30
info|2019-12-12 12:58:06.197482|[P2P][Service] heartBeat,connected count=3
info|2019-12-12 12:58:06.541231|[g:1][CONSENSUS]addRawPrepare,height=41,reqIdx=2,hash=a5be7051...
info|2019-12-12 12:58:06.541420|[g:1][CONSENSUS][PBFT]checkTimeout Succ,view=30,toView=31,nodeIdx=0,changeCycle=0,myNode=1aee600f...,timecost=0.165
info|2019-12-12 12:58:06.541693|[g:1][CONSENSUS][PBFT]checkAndChangeView: Reach consensus,org_view=30,org_changeCycle=0,cur_changeCycle=0,to_view=31
info|2019-12-12 12:58:07.544171|[g:1][CONSENSUS]addRawPrepare,height=41,reqIdx=3,hash=81f15239...
info|2019-12-12 12:58:07.544387|[g:1][CONSENSUS][PBFT]checkTimeout Succ,view=31,toView=32,nodeIdx=0,changeCycle=0,myNode=1aee600f...,timecost=0.186
info|2019-12-12 12:58:07.549977|[g:1][CONSENSUS][PBFT]checkAndChangeView: Reach consensus,org_view=31,org_changeCycle=0,cur_changeCycle=0,to_view=32
info|2019-12-12 12:58:08.550892|[g:1][CONSENSUS][SEALER]++++++++++++++++ Generating seal on,blkNum=41,tx=0,nodeIdx=0,hash=17eb0e6d...
info|2019-12-12 12:58:08.557447|[g:1][CONSENSUS][PBFT]checkTimeout Succ,view=32,toView=33,nodeIdx=0,changeCycle=0,myNode=1aee600f...,timecost=0.184
info|2019-12-12 12:58:08.558252|[g:1][CONSENSUS][PBFT]checkAndChangeView: Reach consensus,org_view=32,org_changeCycle=0,cur_changeCycle=0,to_view=33
info|2019-12-12 12:58:09.558785|[g:1][CONSENSUS]addRawPrepare,height=41,reqIdx=1,hash=e92f9c4a...
info|2019-12-12 12:58:09.558999|[g:1][CONSENSUS][PBFT]checkTimeout Succ,view=33,toView=34,nodeIdx=0,changeCycle=0,myNode=1aee600f...,timecost=0.179
info|2019-12-12 12:58:09.560033|[g:1][CONSENSUS][PBFT]checkAndChangeView: Reach consensus,org_view=33,org_changeCycle=0,cur_changeCycle=0,to_view=34
info|2019-12-12 12:58:10.564192|[g:1][CONSENSUS]addRawPrepare,height=41,reqIdx=2,hash=4e8dbd94...
info|2019-12-12 12:58:10.564460|[g:1][CONSENSUS][PBFT]checkTimeout Succ,view=34,toView=35,nodeIdx=0,changeCycle=0,myNode=1aee600f...,timecost=0.247
info|2019-12-12 12:58:10.564750|[g:1][CONSENSUS][PBFT]checkAndChangeView: Reach consensus,org_view=34,org_changeCycle=0,cur_changeCycle=0,to_view=35
info|2019-12-12 12:58:11.567984|[g:1][CONSENSUS]addRawPrepare,height=41,reqIdx=3,hash=3a5476e0...
info|2019-12-12 12:58:11.568180|[g:1][CONSENSUS][PBFT]checkTimeout Succ,view=35,toView=36,nodeIdx=0,changeCycle=0,myNode=1aee600f...,timecost=0.175
info|2019-12-12 12:58:11.570687|[g:1][CONSENSUS][PBFT]checkAndChangeView: Reach consensus,org_view=35,org_changeCycle=0,cur_changeCycle=0,to_view=36
info|2019-12-12 12:58:12.575373|[g:1][CONSENSUS][SEALER]++++++++++++++++ Generating seal on,blkNum=41,tx=0,nodeIdx=0,hash=3ff6f866...
info|2019-12-12 12:58:12.581526|[g:1][CONSENSUS][PBFT]checkTimeout Succ,view=36,toView=37,nodeIdx=0,changeCycle=0,myNode=1aee600f...,timecost=0.182
info|2019-12-12 12:58:12.582437|[g:1][CONSENSUS][PBFT]checkAndChangeView: Reach consensus,org_view=36,org_changeCycle=0,cur_changeCycle=0,to_view=37
info|2019-12-12 12:58:13.582985|[g:1][CONSENSUS]addRawPrepare,height=41,reqIdx=1,hash=9e5030d9...
info|2019-12-12 12:58:13.583187|[g:1][CONSENSUS][PBFT]checkTimeout Succ,view=37,toView=38,nodeIdx=0,changeCycle=0,myNode=1aee600f...,timecost=0.181
info|2019-12-12 12:58:13.584944|[g:1][CONSENSUS][PBFT]checkAndChangeView: Reach consensus,org_view=37,org_changeCycle=0,cur_changeCycle=0,to_view=38
info|2019-12-12 12:58:14.591131|[g:1][CONSENSUS]addRawPrepare,height=41,reqIdx=2,hash=420a3c78...
info|2019-12-12 12:58:14.591468|[g:1][CONSENSUS][PBFT]checkTimeout Succ,view=38,toView=39,nodeIdx=0,changeCycle=0,myNode=1aee600f...,timecost=0.315
info|2019-12-12 12:58:14.592301|[g:1][CONSENSUS][PBFT]checkAndChangeView: Reach consensus,org_view=38,org_changeCycle=0,cur_changeCycle=0,to_view=39
info|2019-12-12 12:58:15.599377|[g:1][CONSENSUS]addRawPrepare,height=41,reqIdx=3,hash=93b321b8...
info|2019-12-12 12:58:15.599620|[g:1][CONSENSUS][PBFT]checkTimeout Succ,view=39,toView=40,nodeIdx=0,changeCycle=0,myNode=1aee600f...,timecost=0.222
info|2019-12-12 12:58:15.604854|[g:1][CONSENSUS][PBFT]checkAndChangeView: Reach consensus,org_view=39,org_changeCycle=0,cur_changeCycle=0,to_view=40
info|2019-12-12 12:58:16.198130|[P2P][Service] heartBeat,connected count=3
info|2019-12-12 12:58:16.605128|[g:1][CONSENSUS][SEALER]++++++++++++++++ Generating seal on,blkNum=41,tx=0,nodeIdx=0,hash=2ea2e2a2...
info|2019-12-12 12:58:16.610651|[g:1][CONSENSUS][PBFT]checkTimeout Succ,view=40,toView=41,nodeIdx=0,changeCycle=0,myNode=1aee600f...,timecost=0.249
info|2019-12-12 12:58:16.612282|[g:1][CONSENSUS][PBFT]checkAndChangeView: Reach consensus,org_view=40,org_changeCycle=0,cur_changeCycle=0,to_view=41
info|2019-12-12 12:58:17.611356|[g:1][CONSENSUS]addRawPrepare,height=41,reqIdx=1,hash=371e085a...
info|2019-12-12 12:58:17.611624|[g:1][CONSENSUS][PBFT]checkTimeout Succ,view=41,toView=42,nodeIdx=0,changeCycle=0,myNode=1aee600f...,timecost=0.248
info|2019-12-12 12:58:17.614948|[g:1][CONSENSUS][PBFT]checkAndChangeView: Reach consensus,org_view=41,org_changeCycle=0,cur_changeCycle=0,to_view=42
info|2019-12-12 12:58:18.618600|[g:1][CONSENSUS]addRawPrepare,height=41,reqIdx=2,hash=da6cd703...
info|2019-12-12 12:58:18.621425|[g:1][CONSENSUS][PBFT]checkTimeout Succ,view=42,toView=43,nodeIdx=0,changeCycle=0,myNode=1aee600f...,timecost=2.808
info|2019-12-12 12:58:18.621749|[g:1][CONSENSUS][PBFT]checkAndChangeView: Reach consensus,org_view=42,org_changeCycle=0,cur_changeCycle=0,to_view=43
info|2019-12-12 12:58:19.626051|[g:1][CONSENSUS]addRawPrepare,height=41,reqIdx=3,hash=25cfc390...
info|2019-12-12 12:58:19.626293|[g:1][CONSENSUS][PBFT]checkTimeout Succ,view=43,toView=44,nodeIdx=0,changeCycle=0,myNode=1aee600f...,timecost=0.223
info|2019-12-12 12:58:19.632293|[g:1][CONSENSUS][PBFT]checkAndChangeView: Reach consensus,org_view=43,org_changeCycle=0,cur_changeCycle=0,to_view=44
info|2019-12-12 12:58:20.632537|[g:1][CONSENSUS][SEALER]++++++++++++++++ Generating seal on,blkNum=41,tx=0,nodeIdx=0,hash=f7cc71d3...
info|2019-12-12 12:58:20.637209|[g:1][CONSENSUS][PBFT]checkTimeout Succ,view=44,toView=45,nodeIdx=0,changeCycle=0,myNode=1aee600f...,timecost=0.174
info|2019-12-12 12:58:20.637928|[g:1][CONSENSUS][PBFT]checkAndChangeView: Reach consensus,org_view=44,org_changeCycle=0,cur_changeCycle=0,to_view=45
info|2019-12-12 12:58:21.638205|[g:1][CONSENSUS]addRawPrepare,height=41,reqIdx=1,hash=2005a9a9...
info|2019-12-12 12:58:21.638407|[g:1][CONSENSUS][PBFT]checkTimeout Succ,view=45,toView=46,nodeIdx=0,changeCycle=0,myNode=1aee600f...,timecost=0.18
info|2019-12-12 12:58:21.640339|[g:1][CONSENSUS][PBFT]checkAndChangeView: Reach consensus,org_view=45,org_changeCycle=0,cur_changeCycle=0,to_view=46
info|2019-12-12 12:58:22.645524|[g:1][CONSENSUS]addRawPrepare,height=41,reqIdx=2,hash=7e844e9d...
info|2019-12-12 12:58:22.645914|[g:1][CONSENSUS][PBFT]checkTimeout Succ,view=46,toView=47,nodeIdx=0,changeCycle=0,myNode=1aee600f...,timecost=0.327
info|2019-12-12 12:58:22.650006|[g:1][CONSENSUS][PBFT]checkAndChangeView: Reach consensus,org_view=46,org_changeCycle=0,cur_changeCycle=0,to_view=47
info|2019-12-12 12:58:23.652237|[g:1][CONSENSUS]addRawPrepare,height=41,reqIdx=3,hash=20f6fe99...
info|2019-12-12 12:58:23.652437|[g:1][CONSENSUS][PBFT]checkTimeout Succ,view=47,toView=48,nodeIdx=0,changeCycle=0,myNode=1aee600f...,timecost=0.178
info|2019-12-12 12:58:23.655085|[g:1][CONSENSUS][PBFT]checkAndChangeView: Reach consensus,org_view=47,org_changeCycle=0,cur_changeCycle=0,to_view=48
info|2019-12-12 12:58:24.655236|[g:1][CONSENSUS][SEALER]++++++++++++++++ Generating seal on,blkNum=41,tx=0,nodeIdx=0,hash=c2fbf65c...
info|2019-12-12 12:58:24.664107|[g:1][CONSENSUS][PBFT]checkTimeout Succ,view=48,toView=49,nodeIdx=0,changeCycle=0,myNode=1aee600f...,timecost=0.19
info|2019-12-12 12:58:24.664903|[g:1][CONSENSUS][PBFT]checkAndChangeView: Reach consensus,org_view=48,org_changeCycle=0,cur_changeCycle=0,to_view=49
info|2019-12-12 12:58:25.665668|[g:1][CONSENSUS]addRawPrepare,height=41,reqIdx=1,hash=c6587984...
info|2019-12-12 12:58:25.665871|[g:1][CONSENSUS][PBFT]checkTimeout Succ,view=49,toView=50,nodeIdx=0,changeCycle=0,myNode=1aee600f...,timecost=0.178
info|2019-12-12 12:58:25.668521|[g:1][CONSENSUS][PBFT]checkAndChangeView: Reach consensus,org_view=49,org_changeCycle=0,cur_changeCycle=0,to_view=50
info|2019-12-12 12:58:26.198372|[P2P][Service] heartBeat,connected count=3
info|2019-12-12 12:58:26.671352|[g:1][CONSENSUS][PBFT]Trigger fast-viewchange,view=50,toView=50,minView=51,INFO=,reqNum=40,curNum=40,GenIdx=1,Cview=51,view=50,fromIdx=1,fromNode=27fabce4...,fromIp=127.0.0.1:30303,hash=d6b5204e...,nodeIdx=0,myNode=1aee600f...
info|2019-12-12 12:58:26.671570|[g:1][CONSENSUS][PBFT]checkAndChangeView: Reach consensus,org_view=50,org_changeCycle=0,cur_changeCycle=0,to_view=51
info|2019-12-12 12:58:26.671576|[g:1][CONSENSUS][PBFT]checkTimeout Succ,view=51,toView=51,nodeIdx=0,changeCycle=0,myNode=1aee600f...,timecost=0.188
info|2019-12-12 12:58:27.677409|[g:1][CONSENSUS]addRawPrepare,height=41,reqIdx=3,hash=28813f69...
info|2019-12-12 12:58:27.677663|[g:1][CONSENSUS][PBFT]checkTimeout Succ,view=51,toView=52,nodeIdx=0,changeCycle=0,myNode=1aee600f...,timecost=0.224
info|2019-12-12 12:58:27.682271|[g:1][CONSENSUS][PBFT]checkAndChangeView: Reach consensus,org_view=51,org_changeCycle=0,cur_changeCycle=0,to_view=52
info|2019-12-12 12:58:28.683848|[g:1][CONSENSUS][SEALER]++++++++++++++++ Generating seal on,blkNum=41,tx=0,nodeIdx=0,hash=aaf3125a...
info|2019-12-12 12:58:28.696076|[g:1][CONSENSUS][PBFT]checkTimeout Succ,view=52,toView=53,nodeIdx=0,changeCycle=0,myNode=1aee600f...,timecost=3.692
info|2019-12-12 12:58:28.696837|[g:1][CONSENSUS][PBFT]checkAndChangeView: Reach consensus,org_view=52,org_changeCycle=0,cur_changeCycle=0,to_view=53
info|2019-12-12 12:58:29.693257|[g:1][CONSENSUS]addRawPrepare,height=41,reqIdx=1,hash=0224bc76...
info|2019-12-12 12:58:29.693473|[g:1][CONSENSUS][PBFT]checkTimeout Succ,view=53,toView=54,nodeIdx=0,changeCycle=0,myNode=1aee600f...,timecost=0.182
info|2019-12-12 12:58:29.695080|[g:1][CONSENSUS][PBFT]checkAndChangeView: Reach consensus,org_view=53,org_changeCycle=0,cur_changeCycle=0,to_view=54
info|2019-12-12 12:58:30.698164|[g:1][CONSENSUS]addRawPrepare,height=41,reqIdx=2,hash=0af49dec...
info|2019-12-12 12:58:30.698365|[g:1][CONSENSUS][PBFT]checkTimeout Succ,view=54,toView=55,nodeIdx=0,changeCycle=0,myNode=1aee600f...,timecost=0.178
info|2019-12-12 12:58:30.705776|[g:1][CONSENSUS][PBFT]checkAndChangeView: Reach consensus,org_view=54,org_changeCycle=0,cur_changeCycle=0,to_view=55
info|2019-12-12 12:58:31.709836|[g:1][CONSENSUS][PBFT]Trigger fast-viewchange,view=55,toView=55,minView=56,INFO=,reqNum=40,curNum=40,GenIdx=2,Cview=56,view=55,fromIdx=2,fromNode=2f680e6f...,fromIp=127.0.0.1:30302,hash=d6b5204e...,nodeIdx=0,myNode=1aee600f...
info|2019-12-12 12:58:31.710040|[g:1][CONSENSUS][PBFT]checkAndChangeView: Reach consensus,org_view=55,org_changeCycle=0,cur_changeCycle=0,to_view=56
info|2019-12-12 12:58:31.710045|[g:1][CONSENSUS][PBFT]checkTimeout Succ,view=56,toView=56,nodeIdx=0,changeCycle=0,myNode=1aee600f...,timecost=0.171
info|2019-12-12 12:58:32.711965|[g:1][CONSENSUS][SEALER]++++++++++++++++ Generating seal on,blkNum=41,tx=0,nodeIdx=0,hash=1ab0d1c9...
info|2019-12-12 12:58:32.717770|[g:1][CONSENSUS][PBFT]checkTimeout Succ,view=56,toView=57,nodeIdx=0,changeCycle=0,myNode=1aee600f...,timecost=0.185
info|2019-12-12 12:58:32.718684|[g:1][CONSENSUS][PBFT]checkAndChangeView: Reach consensus,org_view=56,org_changeCycle=0,cur_changeCycle=0,to_view=57
info|2019-12-12 12:58:33.523253|[g:1][CONSENSUS][PBFT]checkReq: Recv future request,prepHash=00000000...,INFO=handleSignMsg,num=41,curNum=40,GenIdx=2,Sview=57,view=57,fromIdx=2,fromNode=2f680e6f...,fromIp=127.0.0.1:30302,hash=464873d2...,nodeIdx=0,myNode=1aee600f...
info|2019-12-12 12:58:33.523263|[g:1][CONSENSUS][PBFT]FutureBlock,INFO=handleSignMsg,num=41,curNum=40,GenIdx=2,Sview=57,view=57,fromIdx=2,fromNode=2f680e6f...,fromIp=127.0.0.1:30302,hash=464873d2...,nodeIdx=0,myNode=1aee600f...
info|2019-12-12 12:58:33.527656|[g:1][CONSENSUS]addRawPrepare,height=41,reqIdx=1,hash=bf5ec896...
info|2019-12-12 12:58:33.527833|[g:1][BLOCKVERIFIER][executeBlock]Executing block,txNum=1,num=41,parentHash=d6b5204e417284572ca597ac412efbdc4c82c839f022d0576696a6827c4002b3,parentNum=40,parentStateRoot=2ea9ab9198d1638007400cd2c3bef1cc745b864b76011a0e1bc52180ac6452d4
info|2019-12-12 12:58:33.534224|[g:1][CONSENSUS][PBFT]execBlock,blkNum=41,reqIdx=1,hash=464873d2...,nodeIdx=0,myNode=1aee600f...,decodeCost=0,checkCost=0,notifyCost=0,noteSealingCost=0,currentCycle=0,verifyAndSetSenderCost=0,execCost=7,execPerTx=7,totalCost=7
info|2019-12-12 12:58:33.540011|[g:1][CONSENSUS][PBFT]handlePrepareMsg Succ,Timecost=12.679,INFO=handlePrepareMsg,reqIdx=1,view=57,reqNum=41,curNum=40,consNum=41,fromIp=127.0.0.1:30302,hash=bf5ec896...,nodeIdx=0,myNode=1aee600f...,curChangeCycle=0
info|2019-12-12 12:58:33.544166|[g:1][CONSENSUS][PBFT]checkAndCommit: backup/updateCommittedPrepare,reqNum=41,hash=bf5ec896...,nodeIdx=0,myNode=1aee600f...
info|2019-12-12 12:58:33.547523|[g:1][CONSENSUS][PBFT]handleSignMsg Succ,Timecost=7.464,INFO=handleSignMsg,num=41,curNum=40,GenIdx=3,Sview=57,view=57,fromIdx=3,fromNode=fc2c7888...,fromIp=127.0.0.1:30300,hash=464873d2...,nodeIdx=0,myNode=1aee600f...
info|2019-12-12 12:58:33.547940|[g:1][CONSENSUS][PBFT]handleCommitMsg Succ,INFO=handleCommitMsg,reqNum=41,curNum=40,GenIdx=3,Cview=57,view=57,fromIdx=3,fromNode=fc2c7888...,fromIp=127.0.0.1:30300,hash=464873d2...,nodeIdx=0,myNode=1aee600f...,Timecost=0.208
info|2019-12-12 12:58:33.551179|[g:1][CONSENSUS][PBFT]checkAndSave: CommitReq enough,prepareHeight=41,commitSize=3,hash=464873d2...,nodeIdx=0,myNode=1aee600f...
info|2019-12-12 12:58:33.554846|[g:1][g:1][STORAGE][CachedStorage]CachedStorage commit: 5 hash: 464873d2a8471bb75525f95f73d238cc5097eb484fcdbb78c760ce7905a8cfde num: 41
info|2019-12-12 12:58:33.566563|[STORAGE]Start commit block: 41 to backend storage
info|2019-12-12 12:58:33.566760|[STORAGE][g:1]
---------------------------------------------------------------------
Commit block: 41 to backend storage finished, current cached block: 41
Flush elapsed time: 0.0002s
---------------------------------------------------------------------

info|2019-12-12 12:58:33.566840|[g:1][STORAGE]Submited block task: 41, current syncd block: 41
info|2019-12-12 12:58:33.571615|[g:1]Push block notify: 1-41
info|2019-12-12 12:58:33.572355|[g:1][CONSENSUS][PBFT]CommitBlock Succ,prepareHeight=41,reqIdx=1,hash=464873d2...,nodeIdx=0,myNode=1aee600f...,genSigTimeCost=3,commitBlockTimeCost=17,dropTxsTimeCost=0,noteSealingTimeCost=1,totalTimeCost=21
info|2019-12-12 12:58:33.572385|[g:1][CONSENSUS][PBFT]handleCommitMsg Succ,INFO=handleCommitMsg,reqNum=41,curNum=40,GenIdx=2,Cview=57,view=57,fromIdx=3,fromNode=fc2c7888...,fromIp=127.0.0.1:30300,hash=464873d2...,nodeIdx=0,myNode=1aee600f...,Timecost=21.43
info|2019-12-12 12:58:33.572838|[g:1][CONSENSUS][PBFT]^^^^^^^^Report,num=41,sealerIdx=1,hash=464873d2...,next=42,tx=1,nodeIdx=0
info|2019-12-12 12:58:34.087365|[g:1][CONSENSUS][PBFT]checkReq: Recv future request,prepHash=00000000...,INFO=handleSignMsg,num=42,curNum=41,GenIdx=2,Sview=0,view=0,fromIdx=2,fromNode=2f680e6f...,fromIp=127.0.0.1:30302,hash=fe577a76...,nodeIdx=0,myNode=1aee600f...
info|2019-12-12 12:58:34.087374|[g:1][CONSENSUS][PBFT]FutureBlock,INFO=handleSignMsg,num=42,curNum=41,GenIdx=2,Sview=0,view=0,fromIdx=2,fromNode=2f680e6f...,fromIp=127.0.0.1:30302,hash=fe577a76...,nodeIdx=0,myNode=1aee600f...
info|2019-12-12 12:58:34.089312|[g:1][CONSENSUS][PBFT]checkReq: Recv future request,prepHash=00000000...,INFO=handleSignMsg,num=42,curNum=41,GenIdx=3,Sview=0,view=0,fromIdx=3,fromNode=fc2c7888...,fromIp=127.0.0.1:30300,hash=fe577a76...,nodeIdx=0,myNode=1aee600f...
info|2019-12-12 12:58:34.089321|[g:1][CONSENSUS][PBFT]FutureBlock,INFO=handleSignMsg,num=42,curNum=41,GenIdx=3,Sview=0,view=0,fromIdx=3,fromNode=fc2c7888...,fromIp=127.0.0.1:30300,hash=fe577a76...,nodeIdx=0,myNode=1aee600f...
info|2019-12-12 12:58:34.089696|[g:1][CONSENSUS]addRawPrepare,height=42,reqIdx=1,hash=0cfdcfd8...
info|2019-12-12 12:58:34.089813|[g:1][BLOCKVERIFIER][executeBlock]Executing block,txNum=1,num=42,parentHash=464873d2a8471bb75525f95f73d238cc5097eb484fcdbb78c760ce7905a8cfde,parentNum=41,parentStateRoot=2ea9ab9198d1638007400cd2c3bef1cc745b864b76011a0e1bc52180ac6452d4
info|2019-12-12 12:58:34.089985|[g:1][CONSENSUS][PBFT]execBlock,blkNum=42,reqIdx=1,hash=fe577a76...,nodeIdx=0,myNode=1aee600f...,decodeCost=0,checkCost=0,notifyCost=0,noteSealingCost=0,currentCycle=0,verifyAndSetSenderCost=0,execCost=0,execPerTx=0,totalCost=0
info|2019-12-12 12:58:34.091446|[g:1][CONSENSUS][PBFT]checkAndCommit: backup/updateCommittedPrepare,reqNum=42,hash=0cfdcfd8...,nodeIdx=0,myNode=1aee600f...
info|2019-12-12 12:58:34.092117|[g:1][CONSENSUS][PBFT]handlePrepareMsg Succ,Timecost=2.624,INFO=handlePrepareMsg,reqIdx=1,view=0,reqNum=42,curNum=41,consNum=42,fromIp=127.0.0.1:30302,hash=0cfdcfd8...,nodeIdx=0,myNode=1aee600f...,curChangeCycle=0
info|2019-12-12 12:58:34.092465|[g:1][CONSENSUS][PBFT]handleCommitMsg Succ,INFO=handleCommitMsg,reqNum=42,curNum=41,GenIdx=3,Cview=0,view=0,fromIdx=3,fromNode=fc2c7888...,fromIp=127.0.0.1:30300,hash=fe577a76...,nodeIdx=0,myNode=1aee600f...,Timecost=0.205
info|2019-12-12 12:58:34.093754|[g:1][CONSENSUS][PBFT]checkAndSave: CommitReq enough,prepareHeight=42,commitSize=3,hash=fe577a76...,nodeIdx=0,myNode=1aee600f...
info|2019-12-12 12:58:34.094639|[g:1][g:1][STORAGE][CachedStorage]CachedStorage commit: 5 hash: fe577a763c9bb6879f2d5f0b2d558018a2fd526c671c3cb53d2aefaba6e3348c num: 42
info|2019-12-12 12:58:34.095223|[STORAGE]Start commit block: 42 to backend storage
info|2019-12-12 12:58:34.095384|[STORAGE][g:1]
---------------------------------------------------------------------
Commit block: 42 to backend storage finished, current cached block: 42
Flush elapsed time: 0.0002s
---------------------------------------------------------------------

info|2019-12-12 12:58:34.095414|[g:1][STORAGE]Submited block task: 42, current syncd block: 42
info|2019-12-12 12:58:34.096039|[g:1]Push block notify: 1-42
info|2019-12-12 12:58:34.096462|[g:1][CONSENSUS][PBFT]CommitBlock Succ,prepareHeight=42,reqIdx=1,hash=fe577a76...,nodeIdx=0,myNode=1aee600f...,genSigTimeCost=1,commitBlockTimeCost=2,dropTxsTimeCost=0,noteSealingTimeCost=0,totalTimeCost=3
info|2019-12-12 12:58:34.096485|[g:1][CONSENSUS][PBFT]handleCommitMsg Succ,INFO=handleCommitMsg,reqNum=42,curNum=41,GenIdx=2,Cview=0,view=0,fromIdx=2,fromNode=2f680e6f...,fromIp=127.0.0.1:30302,hash=fe577a76...,nodeIdx=0,myNode=1aee600f...,Timecost=2.937
info|2019-12-12 12:58:34.096991|[g:1][CONSENSUS][PBFT]^^^^^^^^Report,num=42,sealerIdx=1,hash=fe577a76...,next=43,tx=1,nodeIdx=0
info|2019-12-12 12:58:35.100439|[g:1][CONSENSUS]addRawPrepare,height=43,reqIdx=2,hash=cb5ba19a...
info|2019-12-12 12:58:35.100697|[g:1][CONSENSUS][PBFT]checkTimeout Succ,view=0,toView=1,nodeIdx=0,changeCycle=0,myNode=1aee600f...,timecost=0.205
info|2019-12-12 12:58:35.103386|[g:1][CONSENSUS][PBFT]checkAndChangeView: Reach consensus,org_view=0,org_changeCycle=0,cur_changeCycle=0,to_view=1
info|2019-12-12 12:58:36.108597|[g:1][CONSENSUS]addRawPrepare,height=43,reqIdx=3,hash=e2339e03...
info|2019-12-12 12:58:36.108793|[g:1][CONSENSUS][PBFT]checkTimeout Succ,view=1,toView=2,nodeIdx=0,changeCycle=0,myNode=1aee600f...,timecost=0.175
info|2019-12-12 12:58:36.110057|[g:1][CONSENSUS][PBFT]checkAndChangeView: Reach consensus,org_view=1,org_changeCycle=0,cur_changeCycle=0,to_view=2
info|2019-12-12 12:58:36.198443|[P2P][Service] heartBeat,connected count=3
info|2019-12-12 12:58:37.110429|[g:1][CONSENSUS][SEALER]++++++++++++++++ Generating seal on,blkNum=43,tx=0,nodeIdx=0,hash=2ab4042d...
info|2019-12-12 12:58:37.116021|[g:1][CONSENSUS][PBFT]checkTimeout Succ,view=2,toView=3,nodeIdx=0,changeCycle=0,myNode=1aee600f...,timecost=0.178
info|2019-12-12 12:58:37.116827|[g:1][CONSENSUS][PBFT]checkAndChangeView: Reach consensus,org_view=2,org_changeCycle=0,cur_changeCycle=0,to_view=3
info|2019-12-12 12:58:38.116814|[g:1][CONSENSUS]addRawPrepare,height=43,reqIdx=1,hash=98a9853f...
info|2019-12-12 12:58:38.117014|[g:1][CONSENSUS][PBFT]checkTimeout Succ,view=3,toView=4,nodeIdx=0,changeCycle=0,myNode=1aee600f...,timecost=0.179
info|2019-12-12 12:58:38.119841|[g:1][CONSENSUS][PBFT]checkAndChangeView: Reach consensus,org_view=3,org_changeCycle=0,cur_changeCycle=0,to_view=4
info|2019-12-12 12:58:39.122754|[g:1][CONSENSUS]addRawPrepare,height=43,reqIdx=2,hash=0db252aa...
info|2019-12-12 12:58:39.122937|[g:1][CONSENSUS][PBFT]checkTimeout Succ,view=4,toView=5,nodeIdx=0,changeCycle=0,myNode=1aee600f...,timecost=0.164
info|2019-12-12 12:58:39.124182|[g:1][CONSENSUS][PBFT]checkAndChangeView: Reach consensus,org_view=4,org_changeCycle=0,cur_changeCycle=0,to_view=5
info|2019-12-12 12:58:40.128173|[g:1][CONSENSUS]addRawPrepare,height=43,reqIdx=3,hash=d7eb16b5...
info|2019-12-12 12:58:40.128370|[g:1][CONSENSUS][PBFT]checkTimeout Succ,view=5,toView=6,nodeIdx=0,changeCycle=0,myNode=1aee600f...,timecost=0.173
info|2019-12-12 12:58:40.134239|[g:1][CONSENSUS][PBFT]checkAndChangeView: Reach consensus,org_view=5,org_changeCycle=0,cur_changeCycle=0,to_view=6
info|2019-12-12 12:58:41.135501|[g:1][CONSENSUS][SEALER]++++++++++++++++ Generating seal on,blkNum=43,tx=0,nodeIdx=0,hash=0296587b...
info|2019-12-12 12:58:41.141231|[g:1][CONSENSUS][PBFT]checkTimeout Succ,view=6,toView=7,nodeIdx=0,changeCycle=0,myNode=1aee600f...,timecost=0.271
info|2019-12-12 12:58:41.142095|[g:1][CONSENSUS][PBFT]checkAndChangeView: Reach consensus,org_view=6,org_changeCycle=0,cur_changeCycle=0,to_view=7
info|2019-12-12 12:58:41.361048|[NETWORK][Session]Received topic: [2] from fc2c7888ced21f44ebab8c5975a9aa05ef0da8f7d258808e4364334fe9157dac91ebde60444a932ada83a49c0079c9ac47e4fab1a1ff477a1c430f8e7e9a7b61
info|2019-12-12 12:58:42.143216|[g:1][CONSENSUS]addRawPrepare,height=43,reqIdx=1,hash=a5c3e080...
info|2019-12-12 12:58:42.143548|[g:1][CONSENSUS][PBFT]checkTimeout Succ,view=7,toView=8,nodeIdx=0,changeCycle=0,myNode=1aee600f...,timecost=0.288
info|2019-12-12 12:58:42.148309|[g:1][CONSENSUS][PBFT]checkAndChangeView: Reach consensus,org_view=7,org_changeCycle=0,cur_changeCycle=0,to_view=8
info|2019-12-12 12:58:43.150566|[g:1][CONSENSUS]addRawPrepare,height=43,reqIdx=2,hash=9e7c5695...
info|2019-12-12 12:58:43.150859|[g:1][CONSENSUS][PBFT]checkTimeout Succ,view=8,toView=9,nodeIdx=0,changeCycle=0,myNode=1aee600f...,timecost=0.272
info|2019-12-12 12:58:43.154169|[g:1][CONSENSUS][PBFT]checkAndChangeView: Reach consensus,org_view=8,org_changeCycle=0,cur_changeCycle=0,to_view=9
info|2019-12-12 12:58:44.156527|[g:1][CONSENSUS]addRawPrepare,height=43,reqIdx=3,hash=baf0d1de...
info|2019-12-12 12:58:44.162781|[g:1][CONSENSUS][PBFT]checkTimeout Succ,view=9,toView=10,nodeIdx=0,changeCycle=0,myNode=1aee600f...,timecost=6.213
info|2019-12-12 12:58:44.163388|[g:1][CONSENSUS][PBFT]checkAndChangeView: Reach consensus,org_view=9,org_changeCycle=0,cur_changeCycle=0,to_view=10
info|2019-12-12 12:58:45.163615|[g:1][CONSENSUS][SEALER]++++++++++++++++ Generating seal on,blkNum=43,tx=0,nodeIdx=0,hash=b9c0f95d...
info|2019-12-12 12:58:45.168970|[g:1][CONSENSUS][PBFT]checkTimeout Succ,view=10,toView=11,nodeIdx=0,changeCycle=0,myNode=1aee600f...,timecost=0.257
info|2019-12-12 12:58:45.169850|[g:1][CONSENSUS][PBFT]checkAndChangeView: Reach consensus,org_view=10,org_changeCycle=0,cur_changeCycle=0,to_view=11
info|2019-12-12 12:58:46.171329|[g:1][CONSENSUS]addRawPrepare,height=43,reqIdx=1,hash=adae7c4e...
info|2019-12-12 12:58:46.171528|[g:1][CONSENSUS][PBFT]checkTimeout Succ,view=11,toView=12,nodeIdx=0,changeCycle=0,myNode=1aee600f...,timecost=0.178
info|2019-12-12 12:58:46.177476|[g:1][CONSENSUS][PBFT]checkAndChangeView: Reach consensus,org_view=11,org_changeCycle=0,cur_changeCycle=0,to_view=12
info|2019-12-12 12:58:46.199265|[P2P][Service] heartBeat,connected count=3
info|2019-12-12 12:58:47.181190|[g:1][CONSENSUS]addRawPrepare,height=43,reqIdx=2,hash=6489f41a...
info|2019-12-12 12:58:47.181381|[g:1][CONSENSUS][PBFT]checkTimeout Succ,view=12,toView=13,nodeIdx=0,changeCycle=0,myNode=1aee600f...,timecost=0.167
info|2019-12-12 12:58:47.183393|[g:1][CONSENSUS][PBFT]checkAndChangeView: Reach consensus,org_view=12,org_changeCycle=0,cur_changeCycle=0,to_view=13
info|2019-12-12 12:58:48.184715|[g:1][CONSENSUS]addRawPrepare,height=43,reqIdx=3,hash=51e5c2b1...
info|2019-12-12 12:58:48.184911|[g:1][CONSENSUS][PBFT]checkTimeout Succ,view=13,toView=14,nodeIdx=0,changeCycle=0,myNode=1aee600f...,timecost=0.175
info|2019-12-12 12:58:48.188420|[g:1][CONSENSUS][PBFT]checkAndChangeView: Reach consensus,org_view=13,org_changeCycle=0,cur_changeCycle=0,to_view=14
info|2019-12-12 12:58:49.188110|[g:1][CONSENSUS][SEALER]++++++++++++++++ Generating seal on,blkNum=43,tx=0,nodeIdx=0,hash=d301b948...
info|2019-12-12 12:58:49.193340|[g:1][CONSENSUS][PBFT]checkTimeout Succ,view=14,toView=15,nodeIdx=0,changeCycle=0,myNode=1aee600f...,timecost=0.18
info|2019-12-12 12:58:49.194091|[g:1][CONSENSUS][PBFT]checkAndChangeView: Reach consensus,org_view=14,org_changeCycle=0,cur_changeCycle=0,to_view=15
info|2019-12-12 12:58:50.194227|[g:1][CONSENSUS]addRawPrepare,height=43,reqIdx=1,hash=e1bfddd8...
info|2019-12-12 12:58:50.194430|[g:1][CONSENSUS][PBFT]checkTimeout Succ,view=15,toView=16,nodeIdx=0,changeCycle=0,myNode=1aee600f...,timecost=0.18
info|2019-12-12 12:58:50.196614|[g:1][CONSENSUS][PBFT]checkAndChangeView: Reach consensus,org_view=15,org_changeCycle=0,cur_changeCycle=0,to_view=16
info|2019-12-12 12:58:51.200135|[g:1][CONSENSUS]addRawPrepare,height=43,reqIdx=2,hash=9521a32d...
info|2019-12-12 12:58:51.200320|[g:1][CONSENSUS][PBFT]checkTimeout Succ,view=16,toView=17,nodeIdx=0,changeCycle=0,myNode=1aee600f...,timecost=0.166
info|2019-12-12 12:58:51.201829|[g:1][CONSENSUS][PBFT]checkAndChangeView: Reach consensus,org_view=16,org_changeCycle=0,cur_changeCycle=0,to_view=17
info|2019-12-12 12:58:52.203963|[g:1][CONSENSUS]addRawPrepare,height=43,reqIdx=3,hash=a2dc67d0...
info|2019-12-12 12:58:52.205614|[g:1][CONSENSUS][PBFT]checkTimeout Succ,view=17,toView=18,nodeIdx=0,changeCycle=0,myNode=1aee600f...,timecost=1.63
info|2019-12-12 12:58:52.206117|[g:1][CONSENSUS][PBFT]checkAndChangeView: Reach consensus,org_view=17,org_changeCycle=0,cur_changeCycle=0,to_view=18
info|2019-12-12 12:58:53.206647|[g:1][CONSENSUS][SEALER]++++++++++++++++ Generating seal on,blkNum=43,tx=0,nodeIdx=0,hash=49e7ba52...
info|2019-12-12 12:58:53.215060|[g:1][CONSENSUS][PBFT]checkTimeout Succ,view=18,toView=19,nodeIdx=0,changeCycle=0,myNode=1aee600f...,timecost=0.18
info|2019-12-12 12:58:53.215832|[g:1][CONSENSUS][PBFT]checkAndChangeView: Reach consensus,org_view=18,org_changeCycle=0,cur_changeCycle=0,to_view=19
info|2019-12-12 12:58:54.217523|[g:1][CONSENSUS]addRawPrepare,height=43,reqIdx=1,hash=6f6f9863...
info|2019-12-12 12:58:54.217715|[g:1][CONSENSUS][PBFT]checkTimeout Succ,view=19,toView=20,nodeIdx=0,changeCycle=0,myNode=1aee600f...,timecost=0.171
info|2019-12-12 12:58:54.218210|[g:1][CONSENSUS][PBFT]checkAndChangeView: Reach consensus,org_view=19,org_changeCycle=0,cur_changeCycle=0,to_view=20
info|2019-12-12 12:58:55.221134|[g:1][CONSENSUS]addRawPrepare,height=43,reqIdx=2,hash=73fd7ecb...
info|2019-12-12 12:58:55.221356|[g:1][CONSENSUS][PBFT]checkTimeout Succ,view=20,toView=21,nodeIdx=0,changeCycle=0,myNode=1aee600f...,timecost=0.202
info|2019-12-12 12:58:55.223470|[g:1][CONSENSUS][PBFT]checkAndChangeView: Reach consensus,org_view=20,org_changeCycle=0,cur_changeCycle=0,to_view=21
info|2019-12-12 12:58:56.199415|[P2P][Service] heartBeat,connected count=3
info|2019-12-12 12:58:56.226108|[g:1][CONSENSUS]addRawPrepare,height=43,reqIdx=3,hash=cbb7def6...
info|2019-12-12 12:58:56.226332|[g:1][CONSENSUS][PBFT]checkTimeout Succ,view=21,toView=22,nodeIdx=0,changeCycle=0,myNode=1aee600f...,timecost=0.178
info|2019-12-12 12:58:56.228808|[g:1][CONSENSUS][PBFT]checkAndChangeView: Reach consensus,org_view=21,org_changeCycle=0,cur_changeCycle=0,to_view=22
info|2019-12-12 12:58:57.228607|[g:1][CONSENSUS][SEALER]++++++++++++++++ Generating seal on,blkNum=43,tx=0,nodeIdx=0,hash=cbdb56ae...
info|2019-12-12 12:58:57.233493|[g:1][CONSENSUS][PBFT]checkTimeout Succ,view=22,toView=23,nodeIdx=0,changeCycle=0,myNode=1aee600f...,timecost=0.182
info|2019-12-12 12:58:57.234249|[g:1][CONSENSUS][PBFT]checkAndChangeView: Reach consensus,org_view=22,org_changeCycle=0,cur_changeCycle=0,to_view=23
info|2019-12-12 12:58:58.235268|[g:1][CONSENSUS]addRawPrepare,height=43,reqIdx=1,hash=7bdf7d8e...
info|2019-12-12 12:58:58.235465|[g:1][CONSENSUS][PBFT]checkTimeout Succ,view=23,toView=24,nodeIdx=0,changeCycle=0,myNode=1aee600f...,timecost=0.175
info|2019-12-12 12:58:58.236386|[g:1][CONSENSUS][PBFT]checkAndChangeView: Reach consensus,org_view=23,org_changeCycle=0,cur_changeCycle=0,to_view=24
info|2019-12-12 12:58:59.239478|[g:1][CONSENSUS]addRawPrepare,height=43,reqIdx=2,hash=2f70c99a...
info|2019-12-12 12:58:59.239679|[g:1][CONSENSUS][PBFT]checkTimeout Succ,view=24,toView=25,nodeIdx=0,changeCycle=0,myNode=1aee600f...,timecost=0.178
info|2019-12-12 12:58:59.242264|[g:1][CONSENSUS][PBFT]checkAndChangeView: Reach consensus,org_view=24,org_changeCycle=0,cur_changeCycle=0,to_view=25
info|2019-12-12 12:59:00.243230|[g:1][CONSENSUS]addRawPrepare,height=43,reqIdx=3,hash=234b85fd...
info|2019-12-12 12:59:00.243444|[g:1][CONSENSUS][PBFT]checkTimeout Succ,view=25,toView=26,nodeIdx=0,changeCycle=0,myNode=1aee600f...,timecost=0.178
info|2019-12-12 12:59:00.245928|[g:1][CONSENSUS][PBFT]checkAndChangeView: Reach consensus,org_view=25,org_changeCycle=0,cur_changeCycle=0,to_view=26
info|2019-12-12 12:59:01.246496|[g:1][CONSENSUS][SEALER]++++++++++++++++ Generating seal on,blkNum=43,tx=0,nodeIdx=0,hash=06d25a43...
info|2019-12-12 12:59:01.251747|[g:1][CONSENSUS][PBFT]checkTimeout Succ,view=26,toView=27,nodeIdx=0,changeCycle=0,myNode=1aee600f...,timecost=0.177
info|2019-12-12 12:59:01.252573|[g:1][CONSENSUS][PBFT]checkAndChangeView: Reach consensus,org_view=26,org_changeCycle=0,cur_changeCycle=0,to_view=27
info|2019-12-12 12:59:02.254971|[g:1][CONSENSUS]addRawPrepare,height=43,reqIdx=1,hash=8313d145...
info|2019-12-12 12:59:02.255356|[g:1][CONSENSUS][PBFT]checkTimeout Succ,view=27,toView=28,nodeIdx=0,changeCycle=0,myNode=1aee600f...,timecost=0.352
info|2019-12-12 12:59:02.258579|[g:1][CONSENSUS][PBFT]checkAndChangeView: Reach consensus,org_view=27,org_changeCycle=0,cur_changeCycle=0,to_view=28
info|2019-12-12 12:59:03.262078|[g:1][CONSENSUS]addRawPrepare,height=43,reqIdx=2,hash=32c20a07...
info|2019-12-12 12:59:03.262281|[g:1][CONSENSUS][PBFT]checkTimeout Succ,view=28,toView=29,nodeIdx=0,changeCycle=0,myNode=1aee600f...,timecost=0.178
info|2019-12-12 12:59:03.266785|[g:1][CONSENSUS][PBFT]checkAndChangeView: Reach consensus,org_view=28,org_changeCycle=0,cur_changeCycle=0,to_view=29
info|2019-12-12 12:59:04.273475|[g:1][CONSENSUS]addRawPrepare,height=43,reqIdx=3,hash=950908b1...
info|2019-12-12 12:59:04.273715|[g:1][CONSENSUS][PBFT]checkTimeout Succ,view=29,toView=30,nodeIdx=0,changeCycle=0,myNode=1aee600f...,timecost=0.219
info|2019-12-12 12:59:04.275774|[g:1][CONSENSUS][PBFT]checkAndChangeView: Reach consensus,org_view=29,org_changeCycle=0,cur_changeCycle=0,to_view=30
info|2019-12-12 12:59:05.278330|[g:1][CONSENSUS][SEALER]++++++++++++++++ Generating seal on,blkNum=43,tx=0,nodeIdx=0,hash=3e3730ba...
info|2019-12-12 12:59:05.283932|[g:1][CONSENSUS][PBFT]checkTimeout Succ,view=30,toView=31,nodeIdx=0,changeCycle=0,myNode=1aee600f...,timecost=0.182
info|2019-12-12 12:59:05.288205|[g:1][CONSENSUS][PBFT]checkAndChangeView: Reach consensus,org_view=30,org_changeCycle=0,cur_changeCycle=0,to_view=31
info|2019-12-12 12:59:06.199519|[P2P][Service] heartBeat,connected count=3
info|2019-12-12 12:59:06.283126|[g:1][CONSENSUS]addRawPrepare,height=43,reqIdx=1,hash=fb11c14b...
info|2019-12-12 12:59:06.283339|[g:1][CONSENSUS][PBFT]checkTimeout Succ,view=31,toView=32,nodeIdx=0,changeCycle=0,myNode=1aee600f...,timecost=0.192
info|2019-12-12 12:59:06.285978|[g:1][CONSENSUS][PBFT]checkAndChangeView: Reach consensus,org_view=31,org_changeCycle=0,cur_changeCycle=0,to_view=32
info|2019-12-12 12:59:07.291336|[g:1][CONSENSUS]addRawPrepare,height=43,reqIdx=2,hash=f4a61fa5...
info|2019-12-12 12:59:07.291579|[g:1][CONSENSUS][PBFT]checkTimeout Succ,view=32,toView=33,nodeIdx=0,changeCycle=0,myNode=1aee600f...,timecost=0.221
info|2019-12-12 12:59:07.295163|[g:1][CONSENSUS][PBFT]checkAndChangeView: Reach consensus,org_view=32,org_changeCycle=0,cur_changeCycle=0,to_view=33
info|2019-12-12 12:59:08.299057|[g:1][CONSENSUS]addRawPrepare,height=43,reqIdx=3,hash=51d5848c...
info|2019-12-12 12:59:08.300387|[g:1][CONSENSUS][PBFT]checkTimeout Succ,view=33,toView=34,nodeIdx=0,changeCycle=0,myNode=1aee600f...,timecost=1.304
info|2019-12-12 12:59:08.300910|[g:1][CONSENSUS][PBFT]checkAndChangeView: Reach consensus,org_view=33,org_changeCycle=0,cur_changeCycle=0,to_view=34
info|2019-12-12 12:59:09.300660|[g:1][CONSENSUS][SEALER]++++++++++++++++ Generating seal on,blkNum=43,tx=0,nodeIdx=0,hash=40b1eb00...
info|2019-12-12 12:59:09.310484|[g:1][CONSENSUS][PBFT]checkTimeout Succ,view=34,toView=35,nodeIdx=0,changeCycle=0,myNode=1aee600f...,timecost=0.188
info|2019-12-12 12:59:09.311321|[g:1][CONSENSUS][PBFT]checkAndChangeView: Reach consensus,org_view=34,org_changeCycle=0,cur_changeCycle=0,to_view=35
info|2019-12-12 12:59:10.312956|[g:1][CONSENSUS]addRawPrepare,height=43,reqIdx=1,hash=d8c553c6...
info|2019-12-12 12:59:10.313154|[g:1][CONSENSUS][PBFT]checkTimeout Succ,view=35,toView=36,nodeIdx=0,changeCycle=0,myNode=1aee600f...,timecost=0.176
info|2019-12-12 12:59:10.320870|[g:1][CONSENSUS][PBFT]checkAndChangeView: Reach consensus,org_view=35,org_changeCycle=0,cur_changeCycle=0,to_view=36
info|2019-12-12 12:59:11.322617|[g:1][CONSENSUS]addRawPrepare,height=43,reqIdx=2,hash=24ab4f37...
info|2019-12-12 12:59:11.322815|[g:1][CONSENSUS][PBFT]checkTimeout Succ,view=36,toView=37,nodeIdx=0,changeCycle=0,myNode=1aee600f...,timecost=0.178
info|2019-12-12 12:59:11.325492|[g:1][CONSENSUS][PBFT]checkAndChangeView: Reach consensus,org_view=36,org_changeCycle=0,cur_changeCycle=0,to_view=37
info|2019-12-12 12:59:12.327244|[g:1][CONSENSUS]addRawPrepare,height=43,reqIdx=3,hash=96fba650...
info|2019-12-12 12:59:12.327556|[g:1][CONSENSUS][PBFT]checkTimeout Succ,view=37,toView=38,nodeIdx=0,changeCycle=0,myNode=1aee600f...,timecost=0.274
info|2019-12-12 12:59:12.331233|[g:1][CONSENSUS][PBFT]checkAndChangeView: Reach consensus,org_view=37,org_changeCycle=0,cur_changeCycle=0,to_view=38
info|2019-12-12 12:59:13.331509|[g:1][CONSENSUS][SEALER]++++++++++++++++ Generating seal on,blkNum=43,tx=0,nodeIdx=0,hash=adc10d92...
info|2019-12-12 12:59:13.337079|[g:1][CONSENSUS][PBFT]checkTimeout Succ,view=38,toView=39,nodeIdx=0,changeCycle=0,myNode=1aee600f...,timecost=0.177
info|2019-12-12 12:59:13.337933|[g:1][CONSENSUS][PBFT]checkAndChangeView: Reach consensus,org_view=38,org_changeCycle=0,cur_changeCycle=0,to_view=39
info|2019-12-12 12:59:14.341411|[g:1][CONSENSUS]addRawPrepare,height=43,reqIdx=1,hash=14e18c6c...
info|2019-12-12 12:59:14.341614|[g:1][CONSENSUS][PBFT]checkTimeout Succ,view=39,toView=40,nodeIdx=0,changeCycle=0,myNode=1aee600f...,timecost=0.178
info|2019-12-12 12:59:14.341872|[g:1][CONSENSUS][PBFT]checkAndChangeView: Reach consensus,org_view=39,org_changeCycle=0,cur_changeCycle=0,to_view=40
info|2019-12-12 12:59:15.345582|[g:1][CONSENSUS]addRawPrepare,height=43,reqIdx=2,hash=9f6c2092...
info|2019-12-12 12:59:15.345793|[g:1][CONSENSUS][PBFT]checkTimeout Succ,view=40,toView=41,nodeIdx=0,changeCycle=0,myNode=1aee600f...,timecost=0.192
info|2019-12-12 12:59:15.346739|[g:1][CONSENSUS][PBFT]checkAndChangeView: Reach consensus,org_view=40,org_changeCycle=0,cur_changeCycle=0,to_view=41
info|2019-12-12 12:59:16.199757|[P2P][Service] heartBeat,connected count=3
info|2019-12-12 12:59:16.350509|[g:1][CONSENSUS]addRawPrepare,height=43,reqIdx=3,hash=478dad57...
info|2019-12-12 12:59:16.350704|[g:1][CONSENSUS][PBFT]checkTimeout Succ,view=41,toView=42,nodeIdx=0,changeCycle=0,myNode=1aee600f...,timecost=0.175
info|2019-12-12 12:59:16.353474|[g:1][CONSENSUS][PBFT]checkAndChangeView: Reach consensus,org_view=41,org_changeCycle=0,cur_changeCycle=0,to_view=42
info|2019-12-12 12:59:17.354398|[g:1][CONSENSUS][SEALER]++++++++++++++++ Generating seal on,blkNum=43,tx=0,nodeIdx=0,hash=f15f4dd4...
info|2019-12-12 12:59:17.360403|[g:1][CONSENSUS][PBFT]checkTimeout Succ,view=42,toView=43,nodeIdx=0,changeCycle=0,myNode=1aee600f...,timecost=0.189
info|2019-12-12 12:59:17.361263|[g:1][CONSENSUS][PBFT]checkAndChangeView: Reach consensus,org_view=42,org_changeCycle=0,cur_changeCycle=0,to_view=43
info|2019-12-12 12:59:18.360664|[g:1][CONSENSUS]addRawPrepare,height=43,reqIdx=1,hash=715da1d8...
info|2019-12-12 12:59:18.360862|[g:1][CONSENSUS][PBFT]checkTimeout Succ,view=43,toView=44,nodeIdx=0,changeCycle=0,myNode=1aee600f...,timecost=0.178
info|2019-12-12 12:59:18.362707|[g:1][CONSENSUS][PBFT]checkAndChangeView: Reach consensus,org_view=43,org_changeCycle=0,cur_changeCycle=0,to_view=44
info|2019-12-12 12:59:19.367139|[g:1][CONSENSUS]addRawPrepare,height=43,reqIdx=2,hash=b017c616...
info|2019-12-12 12:59:19.367485|[g:1][CONSENSUS][PBFT]checkTimeout Succ,view=44,toView=45,nodeIdx=0,changeCycle=0,myNode=1aee600f...,timecost=0.27
info|2019-12-12 12:59:19.374638|[g:1][CONSENSUS][PBFT]checkAndChangeView: Reach consensus,org_view=44,org_changeCycle=0,cur_changeCycle=0,to_view=45
info|2019-12-12 12:59:20.384267|[g:1][CONSENSUS]addRawPrepare,height=43,reqIdx=3,hash=ce578fe6...
info|2019-12-12 12:59:20.384464|[g:1][CONSENSUS][PBFT]checkTimeout Succ,view=45,toView=46,nodeIdx=0,changeCycle=0,myNode=1aee600f...,timecost=0.174
info|2019-12-12 12:59:20.385968|[g:1][CONSENSUS][PBFT]checkAndChangeView: Reach consensus,org_view=45,org_changeCycle=0,cur_changeCycle=0,to_view=46
info|2019-12-12 12:59:21.385157|[g:1][CONSENSUS][SEALER]++++++++++++++++ Generating seal on,blkNum=43,tx=0,nodeIdx=0,hash=7f72be73...
info|2019-12-12 12:59:21.394706|[g:1][CONSENSUS][PBFT]checkTimeout Succ,view=46,toView=47,nodeIdx=0,changeCycle=0,myNode=1aee600f...,timecost=0.202
info|2019-12-12 12:59:21.395906|[g:1][CONSENSUS][PBFT]checkAndChangeView: Reach consensus,org_view=46,org_changeCycle=0,cur_changeCycle=0,to_view=47
info|2019-12-12 12:59:22.393847|[g:1][CONSENSUS]addRawPrepare,height=43,reqIdx=1,hash=8a67ecce...
info|2019-12-12 12:59:22.394107|[g:1][CONSENSUS][PBFT]checkTimeout Succ,view=47,toView=48,nodeIdx=0,changeCycle=0,myNode=1aee600f...,timecost=0.237
info|2019-12-12 12:59:22.395899|[g:1][CONSENSUS][PBFT]checkAndChangeView: Reach consensus,org_view=47,org_changeCycle=0,cur_changeCycle=0,to_view=48
info|2019-12-12 12:59:23.399688|[g:1][CONSENSUS]addRawPrepare,height=43,reqIdx=2,hash=5a57be34...
info|2019-12-12 12:59:23.399892|[g:1][CONSENSUS][PBFT]checkTimeout Succ,view=48,toView=49,nodeIdx=0,changeCycle=0,myNode=1aee600f...,timecost=0.181
info|2019-12-12 12:59:23.408352|[g:1][CONSENSUS][PBFT]checkAndChangeView: Reach consensus,org_view=48,org_changeCycle=0,cur_changeCycle=0,to_view=49
info|2019-12-12 12:59:24.411946|[g:1][CONSENSUS]addRawPrepare,height=43,reqIdx=3,hash=d54189eb...
info|2019-12-12 12:59:24.412182|[g:1][CONSENSUS][PBFT]checkTimeout Succ,view=49,toView=50,nodeIdx=0,changeCycle=0,myNode=1aee600f...,timecost=0.17
info|2019-12-12 12:59:24.414742|[g:1][CONSENSUS][PBFT]checkAndChangeView: Reach consensus,org_view=49,org_changeCycle=0,cur_changeCycle=0,to_view=50
info|2019-12-12 12:59:25.414416|[g:1][CONSENSUS][SEALER]++++++++++++++++ Generating seal on,blkNum=43,tx=0,nodeIdx=0,hash=4f7fa4f3...
info|2019-12-12 12:59:25.422623|[g:1][CONSENSUS][PBFT]checkTimeout Succ,view=50,toView=51,nodeIdx=0,changeCycle=0,myNode=1aee600f...,timecost=0.203
info|2019-12-12 12:59:25.423513|[g:1][CONSENSUS][PBFT]checkAndChangeView: Reach consensus,org_view=50,org_changeCycle=0,cur_changeCycle=0,to_view=51
info|2019-12-12 12:59:26.199906|[P2P][Service] heartBeat,connected count=3
info|2019-12-12 12:59:26.423724|[g:1][CONSENSUS]addRawPrepare,height=43,reqIdx=1,hash=a8ef1c27...
info|2019-12-12 12:59:26.423931|[g:1][CONSENSUS][PBFT]checkTimeout Succ,view=51,toView=52,nodeIdx=0,changeCycle=0,myNode=1aee600f...,timecost=0.184
info|2019-12-12 12:59:26.429341|[g:1][CONSENSUS][PBFT]checkAndChangeView: Reach consensus,org_view=51,org_changeCycle=0,cur_changeCycle=0,to_view=52
info|2019-12-12 12:59:27.432168|[g:1][CONSENSUS]addRawPrepare,height=43,reqIdx=2,hash=2c30dd45...
info|2019-12-12 12:59:27.432376|[g:1][CONSENSUS][PBFT]checkTimeout Succ,view=52,toView=53,nodeIdx=0,changeCycle=0,myNode=1aee600f...,timecost=0.183
info|2019-12-12 12:59:27.434749|[g:1][CONSENSUS][PBFT]checkAndChangeView: Reach consensus,org_view=52,org_changeCycle=0,cur_changeCycle=0,to_view=53
info|2019-12-12 12:59:28.438401|[g:1][CONSENSUS]addRawPrepare,height=43,reqIdx=3,hash=ee429a43...
info|2019-12-12 12:59:28.438599|[g:1][CONSENSUS][PBFT]checkTimeout Succ,view=53,toView=54,nodeIdx=0,changeCycle=0,myNode=1aee600f...,timecost=0.179
info|2019-12-12 12:59:28.440784|[g:1][CONSENSUS][PBFT]checkAndChangeView: Reach consensus,org_view=53,org_changeCycle=0,cur_changeCycle=0,to_view=54
info|2019-12-12 12:59:29.440186|[g:1][CONSENSUS][SEALER]++++++++++++++++ Generating seal on,blkNum=43,tx=0,nodeIdx=0,hash=56cbaca1...
info|2019-12-12 12:59:29.446015|[g:1][CONSENSUS][PBFT]checkTimeout Succ,view=54,toView=55,nodeIdx=0,changeCycle=0,myNode=1aee600f...,timecost=0.166
info|2019-12-12 12:59:29.446486|[g:1][CONSENSUS][PBFT]checkAndChangeView: Reach consensus,org_view=54,org_changeCycle=0,cur_changeCycle=0,to_view=55
info|2019-12-12 12:59:30.446287|[g:1][CONSENSUS]addRawPrepare,height=43,reqIdx=1,hash=69a3b7d1...
info|2019-12-12 12:59:30.446486|[g:1][CONSENSUS][PBFT]checkTimeout Succ,view=55,toView=56,nodeIdx=0,changeCycle=0,myNode=1aee600f...,timecost=0.177
info|2019-12-12 12:59:30.450370|[g:1][CONSENSUS][PBFT]checkAndChangeView: Reach consensus,org_view=55,org_changeCycle=0,cur_changeCycle=0,to_view=56
info|2019-12-12 12:59:31.453364|[g:1][CONSENSUS]addRawPrepare,height=43,reqIdx=2,hash=a86a7944...
info|2019-12-12 12:59:31.453701|[g:1][CONSENSUS][PBFT]checkTimeout Succ,view=56,toView=57,nodeIdx=0,changeCycle=0,myNode=1aee600f...,timecost=0.312
info|2019-12-12 12:59:31.455918|[g:1][CONSENSUS][PBFT]checkAndChangeView: Reach consensus,org_view=56,org_changeCycle=0,cur_changeCycle=0,to_view=57
info|2019-12-12 12:59:32.459599|[g:1][CONSENSUS]addRawPrepare,height=43,reqIdx=3,hash=f97e03f5...
info|2019-12-12 12:59:32.459795|[g:1][CONSENSUS][PBFT]checkTimeout Succ,view=57,toView=58,nodeIdx=0,changeCycle=0,myNode=1aee600f...,timecost=0.174
info|2019-12-12 12:59:32.461985|[g:1][CONSENSUS][PBFT]checkAndChangeView: Reach consensus,org_view=57,org_changeCycle=0,cur_changeCycle=0,to_view=58
info|2019-12-12 12:59:33.462123|[g:1][CONSENSUS][SEALER]++++++++++++++++ Generating seal on,blkNum=43,tx=0,nodeIdx=0,hash=52d3df67...
info|2019-12-12 12:59:33.467917|[g:1][CONSENSUS][PBFT]checkTimeout Succ,view=58,toView=59,nodeIdx=0,changeCycle=0,myNode=1aee600f...,timecost=0.184
info|2019-12-12 12:59:33.468782|[g:1][CONSENSUS][PBFT]checkAndChangeView: Reach consensus,org_view=58,org_changeCycle=0,cur_changeCycle=0,to_view=59
info|2019-12-12 12:59:34.470922|[g:1][CONSENSUS]addRawPrepare,height=43,reqIdx=1,hash=f5aca1c1...
info|2019-12-12 12:59:34.471132|[g:1][CONSENSUS][PBFT]checkTimeout Succ,view=59,toView=60,nodeIdx=0,changeCycle=0,myNode=1aee600f...,timecost=0.182
info|2019-12-12 12:59:34.471647|[g:1][CONSENSUS][PBFT]checkAndChangeView: Reach consensus,org_view=59,org_changeCycle=0,cur_changeCycle=0,to_view=60
info|2019-12-12 12:59:35.475364|[g:1][CONSENSUS]addRawPrepare,height=43,reqIdx=2,hash=b658601a...
info|2019-12-12 12:59:35.475559|[g:1][CONSENSUS][PBFT]checkTimeout Succ,view=60,toView=61,nodeIdx=0,changeCycle=0,myNode=1aee600f...,timecost=0.174
info|2019-12-12 12:59:35.478300|[g:1][CONSENSUS][PBFT]checkAndChangeView: Reach consensus,org_view=60,org_changeCycle=0,cur_changeCycle=0,to_view=61
info|2019-12-12 12:59:36.200022|[P2P][Service] heartBeat,connected count=3
info|2019-12-12 12:59:36.479930|[g:1][CONSENSUS]addRawPrepare,height=43,reqIdx=3,hash=499861e7...
info|2019-12-12 12:59:36.480135|[g:1][CONSENSUS][PBFT]checkTimeout Succ,view=61,toView=62,nodeIdx=0,changeCycle=0,myNode=1aee600f...,timecost=0.183
info|2019-12-12 12:59:36.482175|[g:1][CONSENSUS][PBFT]checkAndChangeView: Reach consensus,org_view=61,org_changeCycle=0,cur_changeCycle=0,to_view=62
info|2019-12-12 12:59:37.483480|[g:1][CONSENSUS][SEALER]++++++++++++++++ Generating seal on,blkNum=43,tx=0,nodeIdx=0,hash=5062c42e...
info|2019-12-12 12:59:37.490357|[g:1][CONSENSUS][PBFT]checkTimeout Succ,view=62,toView=63,nodeIdx=0,changeCycle=0,myNode=1aee600f...,timecost=0.283
info|2019-12-12 12:59:37.491428|[g:1][CONSENSUS][PBFT]checkAndChangeView: Reach consensus,org_view=62,org_changeCycle=0,cur_changeCycle=0,to_view=63
info|2019-12-12 12:59:38.492091|[g:1][CONSENSUS]addRawPrepare,height=43,reqIdx=1,hash=ce9e7373...
info|2019-12-12 12:59:38.492290|[g:1][CONSENSUS][PBFT]checkTimeout Succ,view=63,toView=64,nodeIdx=0,changeCycle=0,myNode=1aee600f...,timecost=0.176
info|2019-12-12 12:59:38.493574|[g:1][CONSENSUS][PBFT]checkAndChangeView: Reach consensus,org_view=63,org_changeCycle=0,cur_changeCycle=0,to_view=64
info|2019-12-12 12:59:39.497624|[g:1][CONSENSUS]addRawPrepare,height=43,reqIdx=2,hash=247b310d...
info|2019-12-12 12:59:39.497875|[g:1][CONSENSUS][PBFT]checkTimeout Succ,view=64,toView=65,nodeIdx=0,changeCycle=0,myNode=1aee600f...,timecost=0.233
info|2019-12-12 12:59:39.498358|[g:1][CONSENSUS][PBFT]checkAndChangeView: Reach consensus,org_view=64,org_changeCycle=0,cur_changeCycle=0,to_view=65
info|2019-12-12 12:59:40.501598|[g:1][CONSENSUS]addRawPrepare,height=43,reqIdx=3,hash=e6098a44...
info|2019-12-12 12:59:40.501968|[g:1][CONSENSUS][PBFT]checkTimeout Succ,view=65,toView=66,nodeIdx=0,changeCycle=0,myNode=1aee600f...,timecost=0.329
info|2019-12-12 12:59:40.504379|[g:1][CONSENSUS][PBFT]checkAndChangeView: Reach consensus,org_view=65,org_changeCycle=0,cur_changeCycle=0,to_view=66
info|2019-12-12 12:59:41.505005|[g:1][CONSENSUS][SEALER]++++++++++++++++ Generating seal on,blkNum=43,tx=0,nodeIdx=0,hash=175b6276...
info|2019-12-12 12:59:41.510449|[g:1][CONSENSUS][PBFT]checkTimeout Succ,view=66,toView=67,nodeIdx=0,changeCycle=0,myNode=1aee600f...,timecost=0.177
info|2019-12-12 12:59:41.511229|[g:1][CONSENSUS][PBFT]checkAndChangeView: Reach consensus,org_view=66,org_changeCycle=0,cur_changeCycle=0,to_view=67
info|2019-12-12 12:59:42.510229|[g:1][CONSENSUS]addRawPrepare,height=43,reqIdx=1,hash=98fd462b...
info|2019-12-12 12:59:42.510523|[g:1][CONSENSUS][PBFT]checkTimeout Succ,view=67,toView=68,nodeIdx=0,changeCycle=0,myNode=1aee600f...,timecost=0.253
info|2019-12-12 12:59:42.512896|[g:1][CONSENSUS][PBFT]checkAndChangeView: Reach consensus,org_view=67,org_changeCycle=0,cur_changeCycle=0,to_view=68
info|2019-12-12 12:59:43.516863|[g:1][CONSENSUS]addRawPrepare,height=43,reqIdx=2,hash=e14c229d...
info|2019-12-12 12:59:43.517053|[g:1][CONSENSUS][PBFT]checkTimeout Succ,view=68,toView=69,nodeIdx=0,changeCycle=0,myNode=1aee600f...,timecost=0.167
info|2019-12-12 12:59:43.519773|[g:1][CONSENSUS][PBFT]checkAndChangeView: Reach consensus,org_view=68,org_changeCycle=0,cur_changeCycle=0,to_view=69
info|2019-12-12 12:59:44.523510|[g:1][CONSENSUS]addRawPrepare,height=43,reqIdx=3,hash=89dcf7df...
info|2019-12-12 12:59:44.523741|[g:1][CONSENSUS][PBFT]checkTimeout Succ,view=69,toView=70,nodeIdx=0,changeCycle=0,myNode=1aee600f...,timecost=0.176
info|2019-12-12 12:59:44.526506|[g:1][CONSENSUS][PBFT]checkAndChangeView: Reach consensus,org_view=69,org_changeCycle=0,cur_changeCycle=0,to_view=70
info|2019-12-12 12:59:45.526989|[g:1][CONSENSUS][SEALER]++++++++++++++++ Generating seal on,blkNum=43,tx=0,nodeIdx=0,hash=ca07c945...
info|2019-12-12 12:59:45.532805|[g:1][CONSENSUS][PBFT]checkTimeout Succ,view=70,toView=71,nodeIdx=0,changeCycle=0,myNode=1aee600f...,timecost=0.286
info|2019-12-12 12:59:45.533549|[g:1][CONSENSUS][PBFT]checkAndChangeView: Reach consensus,org_view=70,org_changeCycle=0,cur_changeCycle=0,to_view=71
info|2019-12-12 12:59:46.200566|[P2P][Service] heartBeat,connected count=3
info|2019-12-12 12:59:46.533515|[g:1][CONSENSUS]addRawPrepare,height=43,reqIdx=1,hash=9f45c525...
info|2019-12-12 12:59:46.533717|[g:1][CONSENSUS][PBFT]checkTimeout Succ,view=71,toView=72,nodeIdx=0,changeCycle=0,myNode=1aee600f...,timecost=0.179
info|2019-12-12 12:59:46.535560|[g:1][CONSENSUS][PBFT]checkAndChangeView: Reach consensus,org_view=71,org_changeCycle=0,cur_changeCycle=0,to_view=72
info|2019-12-12 12:59:47.538303|[g:1][CONSENSUS]addRawPrepare,height=43,reqIdx=2,hash=2fbdf0b8...
info|2019-12-12 12:59:47.538505|[g:1][CONSENSUS][PBFT]checkTimeout Succ,view=72,toView=73,nodeIdx=0,changeCycle=0,myNode=1aee600f...,timecost=0.177
info|2019-12-12 12:59:47.540751|[g:1][CONSENSUS][PBFT]checkAndChangeView: Reach consensus,org_view=72,org_changeCycle=0,cur_changeCycle=0,to_view=73
info|2019-12-12 12:59:48.543628|[g:1][CONSENSUS]addRawPrepare,height=43,reqIdx=3,hash=f5cf24fe...
info|2019-12-12 12:59:48.543815|[g:1][CONSENSUS][PBFT]checkTimeout Succ,view=73,toView=74,nodeIdx=0,changeCycle=0,myNode=1aee600f...,timecost=0.166
info|2019-12-12 12:59:48.546702|[g:1][CONSENSUS][PBFT]checkAndChangeView: Reach consensus,org_view=73,org_changeCycle=0,cur_changeCycle=0,to_view=74
info|2019-12-12 12:59:49.546222|[g:1][CONSENSUS][SEALER]++++++++++++++++ Generating seal on,blkNum=43,tx=0,nodeIdx=0,hash=860a622a...
info|2019-12-12 12:59:49.553266|[g:1][CONSENSUS][PBFT]checkTimeout Succ,view=74,toView=75,nodeIdx=0,changeCycle=0,myNode=1aee600f...,timecost=0.182
info|2019-12-12 12:59:49.553950|[g:1][CONSENSUS][PBFT]checkAndChangeView: Reach consensus,org_view=74,org_changeCycle=0,cur_changeCycle=0,to_view=75
info|2019-12-12 12:59:50.554438|[g:1][CONSENSUS]addRawPrepare,height=43,reqIdx=1,hash=b7a53621...
info|2019-12-12 12:59:50.554691|[g:1][CONSENSUS][PBFT]checkTimeout Succ,view=75,toView=76,nodeIdx=0,changeCycle=0,myNode=1aee600f...,timecost=0.234
info|2019-12-12 12:59:50.555660|[g:1][CONSENSUS][PBFT]checkAndChangeView: Reach consensus,org_view=75,org_changeCycle=0,cur_changeCycle=0,to_view=76
info|2019-12-12 12:59:51.559704|[g:1][CONSENSUS][PBFT]Trigger fast-viewchange,view=76,toView=76,minView=77,INFO=,reqNum=42,curNum=42,GenIdx=1,Cview=77,view=76,fromIdx=1,fromNode=27fabce4...,fromIp=127.0.0.1:30303,hash=fe577a76...,nodeIdx=0,myNode=1aee600f...
info|2019-12-12 12:59:51.559994|[g:1][CONSENSUS][PBFT]checkAndChangeView: Reach consensus,org_view=76,org_changeCycle=0,cur_changeCycle=0,to_view=77
info|2019-12-12 12:59:51.559999|[g:1][CONSENSUS][PBFT]checkTimeout Succ,view=77,toView=77,nodeIdx=0,changeCycle=0,myNode=1aee600f...,timecost=0.244
info|2019-12-12 12:59:52.564775|[g:1][CONSENSUS]addRawPrepare,height=43,reqIdx=3,hash=bc960d35...
info|2019-12-12 12:59:52.564980|[g:1][CONSENSUS][PBFT]checkTimeout Succ,view=77,toView=78,nodeIdx=0,changeCycle=0,myNode=1aee600f...,timecost=0.181
info|2019-12-12 12:59:52.569163|[g:1][CONSENSUS][PBFT]checkAndChangeView: Reach consensus,org_view=77,org_changeCycle=0,cur_changeCycle=0,to_view=78
info|2019-12-12 12:59:53.569850|[g:1][CONSENSUS][SEALER]++++++++++++++++ Generating seal on,blkNum=43,tx=0,nodeIdx=0,hash=2df8a65f...
info|2019-12-12 12:59:53.575443|[g:1][CONSENSUS][PBFT]checkTimeout Succ,view=78,toView=79,nodeIdx=0,changeCycle=0,myNode=1aee600f...,timecost=0.179
info|2019-12-12 12:59:53.576286|[g:1][CONSENSUS][PBFT]checkAndChangeView: Reach consensus,org_view=78,org_changeCycle=0,cur_changeCycle=0,to_view=79
info|2019-12-12 12:59:54.576393|[g:1][CONSENSUS]addRawPrepare,height=43,reqIdx=1,hash=c36b46d1...
info|2019-12-12 12:59:54.576591|[g:1][CONSENSUS][PBFT]checkTimeout Succ,view=79,toView=80,nodeIdx=0,changeCycle=0,myNode=1aee600f...,timecost=0.176
info|2019-12-12 12:59:54.578448|[g:1][CONSENSUS][PBFT]checkAndChangeView: Reach consensus,org_view=79,org_changeCycle=0,cur_changeCycle=0,to_view=80
info|2019-12-12 12:59:55.582106|[g:1][CONSENSUS][PBFT]Trigger fast-viewchange,view=80,toView=80,minView=81,INFO=,reqNum=42,curNum=42,GenIdx=1,Cview=81,view=80,fromIdx=1,fromNode=27fabce4...,fromIp=127.0.0.1:30303,hash=fe577a76...,nodeIdx=0,myNode=1aee600f...
info|2019-12-12 12:59:55.582339|[g:1][CONSENSUS][PBFT]checkAndChangeView: Reach consensus,org_view=80,org_changeCycle=0,cur_changeCycle=0,to_view=81
info|2019-12-12 12:59:55.582345|[g:1][CONSENSUS][PBFT]checkTimeout Succ,view=81,toView=81,nodeIdx=0,changeCycle=0,myNode=1aee600f...,timecost=0.2
info|2019-12-12 12:59:56.201073|[P2P][Service] heartBeat,connected count=3
info|2019-12-12 12:59:56.585815|[g:1][CONSENSUS]addRawPrepare,height=43,reqIdx=3,hash=3f54056c...
info|2019-12-12 12:59:56.586012|[g:1][CONSENSUS][PBFT]checkTimeout Succ,view=81,toView=82,nodeIdx=0,changeCycle=0,myNode=1aee600f...,timecost=0.175
info|2019-12-12 12:59:56.587756|[g:1][CONSENSUS][PBFT]checkAndChangeView: Reach consensus,org_view=81,org_changeCycle=0,cur_changeCycle=0,to_view=82
info|2019-12-12 12:59:57.587344|[g:1][CONSENSUS][SEALER]++++++++++++++++ Generating seal on,blkNum=43,tx=0,nodeIdx=0,hash=cd070fe2...
info|2019-12-12 12:59:57.593593|[g:1][CONSENSUS][PBFT]checkTimeout Succ,view=82,toView=83,nodeIdx=0,changeCycle=0,myNode=1aee600f...,timecost=0.188
info|2019-12-12 12:59:57.594513|[g:1][CONSENSUS][PBFT]checkAndChangeView: Reach consensus,org_view=82,org_changeCycle=0,cur_changeCycle=0,to_view=83
info|2019-12-12 12:59:58.595132|[g:1][CONSENSUS]addRawPrepare,height=43,reqIdx=1,hash=ca816c7d...
info|2019-12-12 12:59:58.595331|[g:1][CONSENSUS][PBFT]checkTimeout Succ,view=83,toView=84,nodeIdx=0,changeCycle=0,myNode=1aee600f...,timecost=0.177
info|2019-12-12 12:59:58.597545|[g:1][CONSENSUS][PBFT]checkAndChangeView: Reach consensus,org_view=83,org_changeCycle=0,cur_changeCycle=0,to_view=84
info|2019-12-12 12:59:59.599071|[g:1][CONSENSUS]addRawPrepare,height=43,reqIdx=2,hash=3b6a06e7...
info|2019-12-12 12:59:59.599269|[g:1][CONSENSUS][PBFT]checkTimeout Succ,view=84,toView=85,nodeIdx=0,changeCycle=0,myNode=1aee600f...,timecost=0.177
info|2019-12-12 12:59:59.602254|[g:1][CONSENSUS][PBFT]checkAndChangeView: Reach consensus,org_view=84,org_changeCycle=0,cur_changeCycle=0,to_view=85
