info|2019-12-12 12:57:26.069794|[INITIALIZER][initGlobalConfig],enableCompress=true,compatibilityVersion=2.1.0,versionNumber=33619968,chainId=1
info|2019-12-12 12:57:26.186237|[NETWORK][Host]Connecting to node,endpoint=127.0.0.1:30300
info|2019-12-12 12:57:26.186883|[NETWORK][Host]P2P StartAccept,Host=0.0.0.0:30300
info|2019-12-12 12:57:26.192074|[NETWORK][Host]Connecting to node,endpoint=127.0.0.1:30301
info|2019-12-12 12:57:26.192157|[NETWORK][Host]Connecting to node,endpoint=127.0.0.1:30302
info|2019-12-12 12:57:26.192199|[NETWORK][Host]Connecting to node,endpoint=127.0.0.1:30303
info|2019-12-12 12:57:26.192239|[P2P][Service] heartBeat,connected count=0
info|2019-12-12 12:57:26.197134|[CHANNEL]ChannelRPCServer started
info|2019-12-12 12:57:26.197207|[INITIALIZER][RPCInitializer]ChannelRPCHttpServer started.
info|2019-12-12 12:57:26.197267|[LedgerInitializer],groupConfigPath=conf/
info|2019-12-12 12:57:26.200357|[INITIALIZER][initSingleLedger] [GroupId]:  1
info|2019-12-12 12:57:26.200413|[g:1][LEDGER]LedgerConstructor,configPath=conf/group.1.genesis,baseDir=data//group1
info|2019-12-12 12:57:26.200449|[g:1][LEDGER][initGenesisConfig]initConsensusConfig/initDBConfig/initTxConfig,configFile=conf/group.1.genesis
info|2019-12-12 12:57:26.200574|[g:1][LEDGER][initConsensusConfig],it.first=fc2c7888ced21f44ebab8c5975a9aa05ef0da8f7d258808e4364334fe9157dac91ebde60444a932ada83a49c0079c9ac47e4fab1a1ff477a1c430f8e7e9a7b61
info|2019-12-12 12:57:26.200614|[g:1][LEDGER][initConsensusConfig],it.first=1aee600f24b13513289ed8a98280f0bd078adbeb29893ec5ce7094628c93a7d7827f87b019dff8d12821384d965db3fb0c2e398756a68265102d2eeea4a2e92c
info|2019-12-12 12:57:26.200654|[g:1][LEDGER][initConsensusConfig],it.first=2f680e6f9b4e79127a670f739c334cb5ec9d1d5ba8e4cdb23c77f1049295687a655c40def85838ca019eabdf59078609ffcd9f5ef442da0a96b7bde57ee4dac6
info|2019-12-12 12:57:26.200687|[g:1][LEDGER][initConsensusConfig],it.first=27fabce40ce2ae76a2c8766fdd2288911467e98748ed2e5426949c73aa0079c74d6a45334aff501adef05283a167d3af589c552366ffd7026b743df2351d489c
info|2019-12-12 12:57:26.200760|[g:1][LEDGER][initIniConfig]initTxPoolConfig/initSyncConfig/initTxExecuteConfig,configFile=conf/group.1.ini
info|2019-12-12 12:57:26.201945|[NETWORK][Host]P2P Recv Connect, From=127.0.0.1:56898
info|2019-12-12 12:57:26.202120|[NETWORK][Host]P2P StartAccept,Host=0.0.0.0:30300
info|2019-12-12 12:57:26.202755|[g:1][LEDGER][initLedger][DBInitializer]
info|2019-12-12 12:57:26.202805|[g:1][DBINITIALIZER] [initRocksDBStorage]
info|2019-12-12 12:57:26.211502|[g:1][ROCKSDB]open rocksDB handler
info|2019-12-12 12:57:26.218216|[NETWORK][ASIO]asyncResolveConnect,endpoint=127.0.0.1:30300
info|2019-12-12 12:57:26.219933|[NETWORK][ASIO]asyncResolveConnect,endpoint=127.0.0.1:30301
info|2019-12-12 12:57:26.219996|[NETWORK][ASIO]asyncResolveConnect,endpoint=127.0.0.1:30302
info|2019-12-12 12:57:26.220030|[NETWORK][ASIO]asyncResolveConnect,endpoint=127.0.0.1:30303
info|2019-12-12 12:57:26.220108|[NETWORK][Host]P2P Recv Connect, From=127.0.0.1:56906
info|2019-12-12 12:57:26.220710|[NETWORK][Host]P2P StartAccept,Host=0.0.0.0:30300
info|2019-12-12 12:57:26.227761|[NETWORK][Host]P2P Recv Connect, From=127.0.0.1:56908
info|2019-12-12 12:57:26.227849|[NETWORK][Host]P2P StartAccept,Host=0.0.0.0:30300
info|2019-12-12 12:57:26.244736|[NETWORK][Host]P2P Recv Connect, From=127.0.0.1:56910
info|2019-12-12 12:57:26.248282|[NETWORK][Host]P2P StartAccept,Host=0.0.0.0:30300
info|2019-12-12 12:57:26.309869|[NETWORK][Host]startPeerSession, From=127.0.0.1:56906,nodeID=27fabce4...
info|2019-12-12 12:57:26.312953|[P2P][Service] Connection established,nodeID=27fabce4...,endpoint=127.0.0.1:56906
info|2019-12-12 12:57:26.332108|[P2P][Service] Connection established,nodeID=2f680e6f...,endpoint=127.0.0.1:56908
info|2019-12-12 12:57:26.332319|[NETWORK][Host]startPeerSession, From=127.0.0.1:56908,nodeID=2f680e6f...
info|2019-12-12 12:57:26.358534|[P2P][Service] Connection established,nodeID=1aee600f...,endpoint=127.0.0.1:56898
info|2019-12-12 12:57:26.358583|[NETWORK][Host]startPeerSession, From=127.0.0.1:56898,nodeID=1aee600f...
info|2019-12-12 12:57:26.358684|[NETWORK][Host]startPeerSession, From=127.0.0.1:56910,nodeID=fc2c7888...
info|2019-12-12 12:57:26.360499|[NETWORK][Host]startPeerSession, From=127.0.0.1:30302,nodeID=2f680e6f...
info|2019-12-12 12:57:26.372229|[NETWORK][Host]startPeerSession, From=127.0.0.1:30300,nodeID=fc2c7888...
warning|2019-12-12 12:57:26.372657|[NETWORK][Session]doRead error,endpoint=127.0.0.1:56908,message=stream truncated
info|2019-12-12 12:57:26.373106|[NETWORK][Session]drop, call and erase all callbackFunc in this session!,endpoint=127.0.0.1:56908
warning|2019-12-12 12:57:26.373217|[P2P][Service] disconnect error P2PSession,nodeID=2f680e6f...,endpoint=127.0.0.1:56908,errorCode=3,what=Disconnect
warning|2019-12-12 12:57:26.373237|[P2P][Service] onDisconnect,errorCode=3,what=Dynamic exception type: dev::network::NetworkException
std::exception::what: Disconnect

warning|2019-12-12 12:57:26.373273|[NETWORK][Session][drop] closing remote 0.0.0.0:0,reason=Low-level TCP communication error.,endpoint=127.0.0.1:56908
info|2019-12-12 12:57:26.373408|[NETWORK][Host]startPeerSession, From=127.0.0.1:30301,nodeID=1aee600f...
warning|2019-12-12 12:57:26.373456|[NETWORK][Session][drop] shutdown failed ,errorValue=9,message=Bad file descriptor
info|2019-12-12 12:57:26.373731|[NETWORK][Host]startPeerSession, From=127.0.0.1:30303,nodeID=27fabce4...
info|2019-12-12 12:57:26.485070|[g:1][g:0][STORAGE][CachedStorage]Init flushStorage thread
info|2019-12-12 12:57:26.534288|[g:1][BLOCKCHAIN][#checkAndBuildGenesisBlock]Already have the 0th block, 0th groupMark is equal to file groupMark.
info|2019-12-12 12:57:26.541647|[g:1][CONSENSUS][PBFT]Register handler for PBFTEngine
info|2019-12-12 12:57:26.548841|[g:1][CONSENSUS][PBFT],minBlockGenerationTime=500
info|2019-12-12 12:57:26.548912|[LedgerInitializer init group succ],groupID=1
info|2019-12-12 12:57:26.549314|[INITIALIZER][RPCInitializer]JsonrpcHttpServer started.
info|2019-12-12 12:57:26.549333|[g:1][LEDGER]startAll...
warning|2019-12-12 12:57:26.550670|[SYNC][id:fc2c7888...][Status]Peer data not found,nodeId=27fabce4...
warning|2019-12-12 12:57:26.552737|[SYNC][id:fc2c7888...][Status]Peer data not found,nodeId=1aee600f...
info|2019-12-12 12:57:26.553528|[g:1][CONSENSUS][PBFT]^^^^^^^^Report,num=39,sealerIdx=2,hash=519f8cd2...,next=40,tx=1,nodeIdx=3
info|2019-12-12 12:57:26.713322|[g:1][CONSENSUS][PBFT][PBFT init env successfully]
info|2019-12-12 12:57:26.713332|[g:1][CONSENSUS][ConsensusEngine][Start ConsensusEngineBase]
info|2019-12-12 12:57:26.713444|[g:1][CONSENSUS][PBFT][Start PBFTEngine...]
info|2019-12-12 12:57:26.713451|[g:1][CONSENSUS][SEALER][Start sealer module]
info|2019-12-12 12:57:26.713770|[g:1][EVENT][EventLogFilterManager]start,m_maxBlockRange=0,m_maxBlockPerLoopFilter=3
info|2019-12-12 12:57:27.713666|[g:1][CONSENSUS][SEALER]++++++++++++++++ Generating seal on,blkNum=40,tx=0,nodeIdx=3,hash=41871a23...
info|2019-12-12 12:57:27.727527|[g:1][CONSENSUS][PBFT]checkTimeout Succ,view=0,toView=1,nodeIdx=3,changeCycle=0,myNode=fc2c7888...,timecost=0.221
info|2019-12-12 12:57:27.734001|[g:1][CONSENSUS][PBFT]checkAndChangeView: Reach consensus,org_view=0,org_changeCycle=0,cur_changeCycle=0,to_view=1
info|2019-12-12 12:57:28.727600|[g:1][CONSENSUS]addRawPrepare,height=40,reqIdx=0,hash=2dd8823f...
info|2019-12-12 12:57:28.727956|[g:1][CONSENSUS][PBFT]checkTimeout Succ,view=1,toView=2,nodeIdx=3,changeCycle=0,myNode=fc2c7888...,timecost=0.234
info|2019-12-12 12:57:28.736639|[g:1][CONSENSUS][PBFT]checkAndChangeView: Reach consensus,org_view=1,org_changeCycle=0,cur_changeCycle=0,to_view=2
info|2019-12-12 12:57:29.737511|[g:1][CONSENSUS]addRawPrepare,height=40,reqIdx=1,hash=90819502...
info|2019-12-12 12:57:29.737728|[g:1][CONSENSUS][PBFT]checkTimeout Succ,view=2,toView=3,nodeIdx=3,changeCycle=0,myNode=fc2c7888...,timecost=0.167
info|2019-12-12 12:57:29.745128|[g:1][CONSENSUS][PBFT]checkAndChangeView: Reach consensus,org_view=2,org_changeCycle=0,cur_changeCycle=0,to_view=3
info|2019-12-12 12:57:30.746960|[g:1][CONSENSUS]addRawPrepare,height=40,reqIdx=2,hash=24c5459c...
info|2019-12-12 12:57:30.747149|[g:1][CONSENSUS][PBFT]checkTimeout Succ,view=3,toView=4,nodeIdx=3,changeCycle=0,myNode=fc2c7888...,timecost=0.166
info|2019-12-12 12:57:30.749762|[g:1][CONSENSUS][PBFT]checkAndChangeView: Reach consensus,org_view=3,org_changeCycle=0,cur_changeCycle=0,to_view=4
info|2019-12-12 12:57:31.749951|[g:1][CONSENSUS][SEALER]++++++++++++++++ Generating seal on,blkNum=40,tx=0,nodeIdx=3,hash=eeba6e6d...
info|2019-12-12 12:57:31.761136|[g:1][CONSENSUS][PBFT]checkTimeout Succ,view=4,toView=5,nodeIdx=3,changeCycle=0,myNode=fc2c7888...,timecost=0.199
info|2019-12-12 12:57:31.761982|[g:1][CONSENSUS][PBFT]checkAndChangeView: Reach consensus,org_view=4,org_changeCycle=0,cur_changeCycle=0,to_view=5
info|2019-12-12 12:57:32.758840|[g:1][CONSENSUS]addRawPrepare,height=40,reqIdx=0,hash=35175998...
info|2019-12-12 12:57:32.759199|[g:1][CONSENSUS][PBFT]checkTimeout Succ,view=5,toView=6,nodeIdx=3,changeCycle=0,myNode=fc2c7888...,timecost=0.29
info|2019-12-12 12:57:32.764113|[g:1][CONSENSUS][PBFT]checkAndChangeView: Reach consensus,org_view=5,org_changeCycle=0,cur_changeCycle=0,to_view=6
info|2019-12-12 12:57:33.765444|[g:1][CONSENSUS]addRawPrepare,height=40,reqIdx=1,hash=9fdebc2b...
info|2019-12-12 12:57:33.765664|[g:1][CONSENSUS][PBFT]checkTimeout Succ,view=6,toView=7,nodeIdx=3,changeCycle=0,myNode=fc2c7888...,timecost=0.17
info|2019-12-12 12:57:33.770590|[g:1][CONSENSUS][PBFT]checkAndChangeView: Reach consensus,org_view=6,org_changeCycle=0,cur_changeCycle=0,to_view=7
info|2019-12-12 12:57:34.572678|[CHANNEL]channel new connect, host=127.0.0.1:45422
info|2019-12-12 12:57:34.572759|[CHANNEL]start receive
info|2019-12-12 12:57:34.770896|[g:1][CONSENSUS]addRawPrepare,height=40,reqIdx=2,hash=f85aa710...
info|2019-12-12 12:57:34.771116|[g:1][CONSENSUS][PBFT]checkTimeout Succ,view=7,toView=8,nodeIdx=3,changeCycle=0,myNode=fc2c7888...,timecost=0.19
info|2019-12-12 12:57:34.774955|[g:1][CONSENSUS][PBFT]checkAndChangeView: Reach consensus,org_view=7,org_changeCycle=0,cur_changeCycle=0,to_view=8
info|2019-12-12 12:57:35.275872|[g:1][CONSENSUS][SEALER]++++++++++++++++ Generating seal on,blkNum=40,tx=2,nodeIdx=3,hash=f5ac67e5...
info|2019-12-12 12:57:35.285249|[g:1][CONSENSUS]addRawPrepare,height=40,reqIdx=3,hash=f5ac67e5...
info|2019-12-12 12:57:35.285503|[g:1][BLOCKVERIFIER][executeBlock]Executing block,txNum=2,num=40,parentHash=519f8cd27e301f4b987d3c8b5728cd722c47241fc29ad255cf6bcb505e47740e,parentNum=39,parentStateRoot=2ea9ab9198d1638007400cd2c3bef1cc745b864b76011a0e1bc52180ac6452d4
info|2019-12-12 12:57:35.285912|[g:1][CONSENSUS][PBFT]execBlock,blkNum=40,reqIdx=3,hash=d6b5204e...,nodeIdx=3,myNode=fc2c7888...,decodeCost=0,checkCost=0,notifyCost=0,noteSealingCost=0,currentCycle=0,verifyAndSetSenderCost=0,execCost=0,execPerTx=0,totalCost=0
info|2019-12-12 12:57:35.290099|[g:1][CONSENSUS][PBFT]handlePrepareMsg Succ,Timecost=5.059,INFO=handlePrepareMsg,reqIdx=3,view=8,reqNum=40,curNum=39,consNum=40,fromIp=self,hash=f5ac67e5...,nodeIdx=3,myNode=fc2c7888...,curChangeCycle=0
info|2019-12-12 12:57:35.290145|[g:1][CONSENSUS][PBFT]generateLocalPrepare,hash=f5ac67e5...,H=40,nodeIdx=3,myNode=fc2c7888...
info|2019-12-12 12:57:35.290411|[g:1][CONSENSUS][PBFT]handleSignMsg Succ,Timecost=0.248,INFO=handleSignMsg,num=40,curNum=39,GenIdx=0,Sview=8,view=8,fromIdx=1,fromNode=27fabce4...,fromIp=127.0.0.1:56906,hash=d6b5204e...,nodeIdx=3,myNode=fc2c7888...
info|2019-12-12 12:57:35.290677|[g:1][CONSENSUS][PBFT]handleCommitMsg Succ,INFO=handleCommitMsg,reqNum=40,curNum=39,GenIdx=0,Cview=8,view=8,fromIdx=1,fromNode=27fabce4...,fromIp=127.0.0.1:56906,hash=d6b5204e...,nodeIdx=3,myNode=fc2c7888...,Timecost=0.24
info|2019-12-12 12:57:35.290907|[g:1][CONSENSUS][PBFT]checkAndCommit: backup/updateCommittedPrepare,reqNum=40,hash=f5ac67e5...,nodeIdx=3,myNode=fc2c7888...
info|2019-12-12 12:57:35.291143|[g:1][CONSENSUS][PBFT]handleSignMsg Succ,Timecost=0.457,INFO=handleSignMsg,num=40,curNum=39,GenIdx=1,Sview=8,view=8,fromIdx=1,fromNode=27fabce4...,fromIp=127.0.0.1:56906,hash=d6b5204e...,nodeIdx=3,myNode=fc2c7888...
info|2019-12-12 12:57:35.291554|[g:1][CONSENSUS][PBFT]checkAndSave: CommitReq enough,prepareHeight=40,commitSize=3,hash=d6b5204e...,nodeIdx=3,myNode=fc2c7888...
info|2019-12-12 12:57:35.291958|[g:1][g:1][STORAGE][CachedStorage]CachedStorage commit: 5 hash: d6b5204e417284572ca597ac412efbdc4c82c839f022d0576696a6827c4002b3 num: 40
info|2019-12-12 12:57:35.292326|[STORAGE]Start commit block: 40 to backend storage
info|2019-12-12 12:57:35.292695|[g:1][STORAGE]Submited block task: 40, current syncd block: 0
info|2019-12-12 12:57:35.292712|[g:1][g:1][STORAGE][CachedStorage]Current block number: 40 greater than syncd block number: 0, waiting...
info|2019-12-12 12:57:35.294081|[STORAGE][g:1]
---------------------------------------------------------------------
Commit block: 40 to backend storage finished, current cached block: 40
Flush elapsed time: 0.0018s
---------------------------------------------------------------------

info|2019-12-12 12:57:35.293846|[g:1][g:1][STORAGE][CachedStorage]Current block number: 40 greater than syncd block number: 40, waiting...
info|2019-12-12 12:57:35.296079|[g:1]Push block notify: 1-40
info|2019-12-12 12:57:35.297851|[g:1][CONSENSUS][PBFT]CommitBlock Succ,prepareHeight=40,reqIdx=3,hash=d6b5204e...,nodeIdx=3,myNode=fc2c7888...,genSigTimeCost=0,commitBlockTimeCost=5,dropTxsTimeCost=1,noteSealingTimeCost=0,totalTimeCost=6
info|2019-12-12 12:57:35.297905|[g:1][CONSENSUS][PBFT]handleCommitMsg Succ,INFO=handleCommitMsg,reqNum=40,curNum=39,GenIdx=1,Cview=8,view=8,fromIdx=1,fromNode=27fabce4...,fromIp=127.0.0.1:56906,hash=d6b5204e...,nodeIdx=3,myNode=fc2c7888...,Timecost=6.738
info|2019-12-12 12:57:35.298372|[g:1][CONSENSUS][PBFT]checkReq: Recv future request,prepHash=00000000...,INFO=handleCommitMsg,reqNum=40,curNum=39,GenIdx=0,Cview=8,view=8,fromIdx=0,fromNode=1aee600f...,fromIp=127.0.0.1:56898,hash=d6b5204e...,nodeIdx=3,myNode=fc2c7888...
info|2019-12-12 12:57:35.298800|[g:1][CONSENSUS][PBFT]checkReq: Recv future request,prepHash=00000000...,INFO=handleSignMsg,num=40,curNum=39,GenIdx=1,Sview=8,view=8,fromIdx=0,fromNode=1aee600f...,fromIp=127.0.0.1:56898,hash=d6b5204e...,nodeIdx=3,myNode=fc2c7888...
info|2019-12-12 12:57:35.298825|[g:1][CONSENSUS][PBFT]FutureBlock,INFO=handleSignMsg,num=40,curNum=39,GenIdx=1,Sview=8,view=8,fromIdx=0,fromNode=1aee600f...,fromIp=127.0.0.1:56898,hash=d6b5204e...,nodeIdx=3,myNode=fc2c7888...
info|2019-12-12 12:57:35.299202|[g:1][CONSENSUS][PBFT]checkReq: Recv future request,prepHash=00000000...,INFO=handleCommitMsg,reqNum=40,curNum=39,GenIdx=1,Cview=8,view=8,fromIdx=0,fromNode=1aee600f...,fromIp=127.0.0.1:56898,hash=d6b5204e...,nodeIdx=3,myNode=fc2c7888...
info|2019-12-12 12:57:35.299694|[g:1][CONSENSUS][PBFT]checkReq: Recv future request,prepHash=00000000...,INFO=handleSignMsg,num=40,curNum=39,GenIdx=2,Sview=8,view=8,fromIdx=0,fromNode=1aee600f...,fromIp=127.0.0.1:56898,hash=d6b5204e...,nodeIdx=3,myNode=fc2c7888...
info|2019-12-12 12:57:35.299718|[g:1][CONSENSUS][PBFT]FutureBlock,INFO=handleSignMsg,num=40,curNum=39,GenIdx=2,Sview=8,view=8,fromIdx=0,fromNode=1aee600f...,fromIp=127.0.0.1:56898,hash=d6b5204e...,nodeIdx=3,myNode=fc2c7888...
info|2019-12-12 12:57:35.299784|[g:1][CONSENSUS][SEALER]increase maxNoTimeoutTx,maxNoTimeoutTx=2
info|2019-12-12 12:57:35.299803|[g:1][CONSENSUS][PBFT]^^^^^^^^Report,num=40,sealerIdx=3,hash=d6b5204e...,next=41,tx=2,nodeIdx=3
info|2019-12-12 12:57:36.192093|[NETWORK][Host]P2P Recv Connect, From=127.0.0.1:56932
info|2019-12-12 12:57:36.192123|[NETWORK][Host]P2P StartAccept,Host=0.0.0.0:30300
info|2019-12-12 12:57:36.197310|[NETWORK][Host]Connecting to node,endpoint=127.0.0.1:30302
info|2019-12-12 12:57:36.198102|[P2P][Service] heartBeat,connected count=2
info|2019-12-12 12:57:36.198164|[NETWORK][ASIO]asyncResolveConnect,endpoint=127.0.0.1:30302
info|2019-12-12 12:57:36.203003|[P2P][Service] Connection established,nodeID=2f680e6f...,endpoint=127.0.0.1:56932
info|2019-12-12 12:57:36.203111|[NETWORK][Host]startPeerSession, From=127.0.0.1:56932,nodeID=2f680e6f...
info|2019-12-12 12:57:36.214178|[NETWORK][Host]startPeerSession, From=127.0.0.1:30302,nodeID=2f680e6f...
info|2019-12-12 12:57:36.296685|[g:1][CONSENSUS]addRawPrepare,height=41,reqIdx=0,hash=937baf13...
info|2019-12-12 12:57:36.297234|[g:1][CONSENSUS][PBFT]checkTimeout Succ,view=0,toView=1,nodeIdx=3,changeCycle=0,myNode=fc2c7888...,timecost=0.252
info|2019-12-12 12:57:36.301369|[g:1][CONSENSUS][PBFT]checkAndChangeView: Reach consensus,org_view=0,org_changeCycle=0,cur_changeCycle=0,to_view=1
info|2019-12-12 12:57:37.305533|[g:1][CONSENSUS]addRawPrepare,height=41,reqIdx=1,hash=ec47f8a6...
info|2019-12-12 12:57:37.305746|[g:1][CONSENSUS][PBFT]checkTimeout Succ,view=1,toView=2,nodeIdx=3,changeCycle=0,myNode=fc2c7888...,timecost=0.184
info|2019-12-12 12:57:37.307986|[g:1][CONSENSUS][PBFT]checkAndChangeView: Reach consensus,org_view=1,org_changeCycle=0,cur_changeCycle=0,to_view=2
info|2019-12-12 12:57:38.309453|[g:1][CONSENSUS]addRawPrepare,height=41,reqIdx=2,hash=caacfa71...
info|2019-12-12 12:57:38.309690|[g:1][CONSENSUS][PBFT]checkTimeout Succ,view=2,toView=3,nodeIdx=3,changeCycle=0,myNode=fc2c7888...,timecost=0.17
info|2019-12-12 12:57:38.313235|[g:1][CONSENSUS][PBFT]checkAndChangeView: Reach consensus,org_view=2,org_changeCycle=0,cur_changeCycle=0,to_view=3
info|2019-12-12 12:57:39.313203|[g:1][CONSENSUS][SEALER]++++++++++++++++ Generating seal on,blkNum=41,tx=0,nodeIdx=3,hash=0741fc0f...
info|2019-12-12 12:57:39.320104|[g:1][CONSENSUS][PBFT]checkTimeout Succ,view=3,toView=4,nodeIdx=3,changeCycle=0,myNode=fc2c7888...,timecost=0.271
info|2019-12-12 12:57:39.321266|[g:1][CONSENSUS][PBFT]checkAndChangeView: Reach consensus,org_view=3,org_changeCycle=0,cur_changeCycle=0,to_view=4
info|2019-12-12 12:57:40.319117|[g:1][CONSENSUS]addRawPrepare,height=41,reqIdx=0,hash=d10a45c3...
info|2019-12-12 12:57:40.319384|[g:1][CONSENSUS][PBFT]checkTimeout Succ,view=4,toView=5,nodeIdx=3,changeCycle=0,myNode=fc2c7888...,timecost=0.207
info|2019-12-12 12:57:40.323127|[g:1][CONSENSUS][PBFT]checkAndChangeView: Reach consensus,org_view=4,org_changeCycle=0,cur_changeCycle=0,to_view=5
info|2019-12-12 12:57:41.325185|[g:1][CONSENSUS]addRawPrepare,height=41,reqIdx=1,hash=9ec3df60...
info|2019-12-12 12:57:41.325416|[g:1][CONSENSUS][PBFT]checkTimeout Succ,view=5,toView=6,nodeIdx=3,changeCycle=0,myNode=fc2c7888...,timecost=0.183
info|2019-12-12 12:57:41.328002|[g:1][CONSENSUS][PBFT]checkAndChangeView: Reach consensus,org_view=5,org_changeCycle=0,cur_changeCycle=0,to_view=6
info|2019-12-12 12:57:42.328545|[g:1][CONSENSUS]addRawPrepare,height=41,reqIdx=2,hash=72cffcc4...
info|2019-12-12 12:57:42.328859|[g:1][CONSENSUS][PBFT]checkTimeout Succ,view=6,toView=7,nodeIdx=3,changeCycle=0,myNode=fc2c7888...,timecost=0.24
info|2019-12-12 12:57:42.338711|[g:1][CONSENSUS][PBFT]checkAndChangeView: Reach consensus,org_view=6,org_changeCycle=0,cur_changeCycle=0,to_view=7
info|2019-12-12 12:57:43.339105|[g:1][CONSENSUS][SEALER]++++++++++++++++ Generating seal on,blkNum=41,tx=0,nodeIdx=3,hash=0fe874a0...
info|2019-12-12 12:57:43.345683|[g:1][CONSENSUS][PBFT]checkTimeout Succ,view=7,toView=8,nodeIdx=3,changeCycle=0,myNode=fc2c7888...,timecost=0.181
info|2019-12-12 12:57:43.346466|[g:1][CONSENSUS][PBFT]checkAndChangeView: Reach consensus,org_view=7,org_changeCycle=0,cur_changeCycle=0,to_view=8
info|2019-12-12 12:57:44.345468|[g:1][CONSENSUS]addRawPrepare,height=41,reqIdx=0,hash=824fba96...
info|2019-12-12 12:57:44.345708|[g:1][CONSENSUS][PBFT]checkTimeout Succ,view=8,toView=9,nodeIdx=3,changeCycle=0,myNode=fc2c7888...,timecost=0.17
info|2019-12-12 12:57:44.348667|[g:1][CONSENSUS][PBFT]checkAndChangeView: Reach consensus,org_view=8,org_changeCycle=0,cur_changeCycle=0,to_view=9
info|2019-12-12 12:57:45.357698|[g:1][CONSENSUS]addRawPrepare,height=41,reqIdx=1,hash=d3a8da76...
info|2019-12-12 12:57:45.358063|[g:1][CONSENSUS][PBFT]checkTimeout Succ,view=9,toView=10,nodeIdx=3,changeCycle=0,myNode=fc2c7888...,timecost=0.315
info|2019-12-12 12:57:45.385465|[g:1][CONSENSUS][PBFT]checkAndChangeView: Reach consensus,org_view=9,org_changeCycle=0,cur_changeCycle=0,to_view=10
info|2019-12-12 12:57:46.198163|[P2P][Service] heartBeat,connected count=3
info|2019-12-12 12:57:46.390091|[g:1][CONSENSUS]addRawPrepare,height=41,reqIdx=2,hash=1434d846...
info|2019-12-12 12:57:46.390329|[g:1][CONSENSUS][PBFT]checkTimeout Succ,view=10,toView=11,nodeIdx=3,changeCycle=0,myNode=fc2c7888...,timecost=0.172
info|2019-12-12 12:57:46.394019|[g:1][CONSENSUS][PBFT]checkAndChangeView: Reach consensus,org_view=10,org_changeCycle=0,cur_changeCycle=0,to_view=11
info|2019-12-12 12:57:47.394232|[g:1][CONSENSUS][SEALER]++++++++++++++++ Generating seal on,blkNum=41,tx=0,nodeIdx=3,hash=3373ff4d...
info|2019-12-12 12:57:47.400907|[g:1][CONSENSUS][PBFT]checkTimeout Succ,view=11,toView=12,nodeIdx=3,changeCycle=0,myNode=fc2c7888...,timecost=0.196
info|2019-12-12 12:57:47.402062|[g:1][CONSENSUS][PBFT]checkAndChangeView: Reach consensus,org_view=11,org_changeCycle=0,cur_changeCycle=0,to_view=12
warning|2019-12-12 12:57:47.908137|[CHANNEL][SESSION]onRead failed,value=1,message=stream truncated
warning|2019-12-12 12:57:47.908185|[CHANNEL]onClientRequest,errorCode=-1,what=Read failed, disconnect
warning|2019-12-12 12:57:47.908270|async_shutdown,message=stream truncated
info|2019-12-12 12:57:48.401356|[g:1][CONSENSUS]addRawPrepare,height=41,reqIdx=0,hash=20cc7349...
info|2019-12-12 12:57:48.403498|[g:1][CONSENSUS][PBFT]checkTimeout Succ,view=12,toView=13,nodeIdx=3,changeCycle=0,myNode=fc2c7888...,timecost=2.078
info|2019-12-12 12:57:48.403995|[g:1][CONSENSUS][PBFT]checkAndChangeView: Reach consensus,org_view=12,org_changeCycle=0,cur_changeCycle=0,to_view=13
info|2019-12-12 12:57:49.408458|[g:1][CONSENSUS]addRawPrepare,height=41,reqIdx=1,hash=a3c05df7...
info|2019-12-12 12:57:49.410409|[g:1][CONSENSUS][PBFT]checkTimeout Succ,view=13,toView=14,nodeIdx=3,changeCycle=0,myNode=fc2c7888...,timecost=1.924
info|2019-12-12 12:57:49.414062|[g:1][CONSENSUS][PBFT]checkAndChangeView: Reach consensus,org_view=13,org_changeCycle=0,cur_changeCycle=0,to_view=14
info|2019-12-12 12:57:50.417813|[g:1][CONSENSUS]addRawPrepare,height=41,reqIdx=2,hash=349ea837...
info|2019-12-12 12:57:50.418241|[g:1][CONSENSUS][PBFT]checkTimeout Succ,view=14,toView=15,nodeIdx=3,changeCycle=0,myNode=fc2c7888...,timecost=0.274
info|2019-12-12 12:57:50.443199|[g:1][CONSENSUS][PBFT]checkAndChangeView: Reach consensus,org_view=14,org_changeCycle=0,cur_changeCycle=0,to_view=15
info|2019-12-12 12:57:51.443393|[g:1][CONSENSUS][SEALER]++++++++++++++++ Generating seal on,blkNum=41,tx=0,nodeIdx=3,hash=63c0c3fd...
info|2019-12-12 12:57:51.450347|[g:1][CONSENSUS][PBFT]checkTimeout Succ,view=15,toView=16,nodeIdx=3,changeCycle=0,myNode=fc2c7888...,timecost=0.389
info|2019-12-12 12:57:51.451270|[g:1][CONSENSUS][PBFT]checkAndChangeView: Reach consensus,org_view=15,org_changeCycle=0,cur_changeCycle=0,to_view=16
info|2019-12-12 12:57:52.449191|[g:1][CONSENSUS]addRawPrepare,height=41,reqIdx=0,hash=530dd5a8...
info|2019-12-12 12:57:52.449562|[g:1][CONSENSUS][PBFT]checkTimeout Succ,view=16,toView=17,nodeIdx=3,changeCycle=0,myNode=fc2c7888...,timecost=0.241
info|2019-12-12 12:57:52.456018|[g:1][CONSENSUS][PBFT]checkAndChangeView: Reach consensus,org_view=16,org_changeCycle=0,cur_changeCycle=0,to_view=17
info|2019-12-12 12:57:53.460608|[g:1][CONSENSUS]addRawPrepare,height=41,reqIdx=1,hash=9efb7dbb...
info|2019-12-12 12:57:53.460814|[g:1][CONSENSUS][PBFT]checkTimeout Succ,view=17,toView=18,nodeIdx=3,changeCycle=0,myNode=fc2c7888...,timecost=0.171
info|2019-12-12 12:57:53.462321|[g:1][CONSENSUS][PBFT]checkAndChangeView: Reach consensus,org_view=17,org_changeCycle=0,cur_changeCycle=0,to_view=18
info|2019-12-12 12:57:54.464726|[g:1][CONSENSUS]addRawPrepare,height=41,reqIdx=2,hash=03d78a52...
info|2019-12-12 12:57:54.464965|[g:1][CONSENSUS][PBFT]checkTimeout Succ,view=18,toView=19,nodeIdx=3,changeCycle=0,myNode=fc2c7888...,timecost=0.172
info|2019-12-12 12:57:54.468200|[g:1][CONSENSUS][PBFT]checkAndChangeView: Reach consensus,org_view=18,org_changeCycle=0,cur_changeCycle=0,to_view=19
info|2019-12-12 12:57:55.468593|[g:1][CONSENSUS][SEALER]++++++++++++++++ Generating seal on,blkNum=41,tx=0,nodeIdx=3,hash=85c93980...
info|2019-12-12 12:57:55.474971|[g:1][CONSENSUS][PBFT]checkTimeout Succ,view=19,toView=20,nodeIdx=3,changeCycle=0,myNode=fc2c7888...,timecost=0.968
info|2019-12-12 12:57:55.475714|[g:1][CONSENSUS][PBFT]checkAndChangeView: Reach consensus,org_view=19,org_changeCycle=0,cur_changeCycle=0,to_view=20
info|2019-12-12 12:57:56.198229|[P2P][Service] heartBeat,connected count=3
info|2019-12-12 12:57:56.474208|[g:1][CONSENSUS]addRawPrepare,height=41,reqIdx=0,hash=017ecce3...
info|2019-12-12 12:57:56.474589|[g:1][CONSENSUS][PBFT]checkTimeout Succ,view=20,toView=21,nodeIdx=3,changeCycle=0,myNode=fc2c7888...,timecost=0.292
info|2019-12-12 12:57:56.479813|[g:1][CONSENSUS][PBFT]checkAndChangeView: Reach consensus,org_view=20,org_changeCycle=0,cur_changeCycle=0,to_view=21
info|2019-12-12 12:57:57.486917|[g:1][CONSENSUS]addRawPrepare,height=41,reqIdx=1,hash=c199636d...
info|2019-12-12 12:57:57.487283|[g:1][CONSENSUS][PBFT]checkTimeout Succ,view=21,toView=22,nodeIdx=3,changeCycle=0,myNode=fc2c7888...,timecost=0.319
info|2019-12-12 12:57:57.490654|[g:1][CONSENSUS][PBFT]checkAndChangeView: Reach consensus,org_view=21,org_changeCycle=0,cur_changeCycle=0,to_view=22
info|2019-12-12 12:57:58.492745|[g:1][CONSENSUS]addRawPrepare,height=41,reqIdx=2,hash=07472a1b...
info|2019-12-12 12:57:58.494708|[g:1][CONSENSUS][PBFT]checkTimeout Succ,view=22,toView=23,nodeIdx=3,changeCycle=0,myNode=fc2c7888...,timecost=1.875
info|2019-12-12 12:57:58.495267|[g:1][CONSENSUS][PBFT]checkAndChangeView: Reach consensus,org_view=22,org_changeCycle=0,cur_changeCycle=0,to_view=23
info|2019-12-12 12:57:59.495696|[g:1][CONSENSUS][SEALER]++++++++++++++++ Generating seal on,blkNum=41,tx=0,nodeIdx=3,hash=d591cb7b...
info|2019-12-12 12:57:59.501645|[g:1][CONSENSUS][PBFT]checkTimeout Succ,view=23,toView=24,nodeIdx=3,changeCycle=0,myNode=fc2c7888...,timecost=0.216
info|2019-12-12 12:57:59.502558|[g:1][CONSENSUS][PBFT]checkAndChangeView: Reach consensus,org_view=23,org_changeCycle=0,cur_changeCycle=0,to_view=24
info|2019-12-12 12:58:00.500758|[g:1][CONSENSUS]addRawPrepare,height=41,reqIdx=0,hash=d3ad82dd...
info|2019-12-12 12:58:00.501030|[g:1][CONSENSUS][PBFT]checkTimeout Succ,view=24,toView=25,nodeIdx=3,changeCycle=0,myNode=fc2c7888...,timecost=0.209
info|2019-12-12 12:58:00.504044|[g:1][CONSENSUS][PBFT]checkAndChangeView: Reach consensus,org_view=24,org_changeCycle=0,cur_changeCycle=0,to_view=25
info|2019-12-12 12:58:01.507969|[g:1][CONSENSUS][PBFT]Trigger fast-viewchange,view=25,toView=25,minView=26,INFO=,reqNum=40,curNum=40,GenIdx=0,Cview=26,view=25,fromIdx=0,fromNode=1aee600f...,fromIp=127.0.0.1:56898,hash=d6b5204e...,nodeIdx=3,myNode=fc2c7888...
info|2019-12-12 12:58:01.508176|[g:1][CONSENSUS][PBFT]checkAndChangeView: Reach consensus,org_view=25,org_changeCycle=0,cur_changeCycle=0,to_view=26
info|2019-12-12 12:58:01.508181|[g:1][CONSENSUS][PBFT]checkTimeout Succ,view=26,toView=26,nodeIdx=3,changeCycle=0,myNode=fc2c7888...,timecost=0.179
info|2019-12-12 12:58:02.510467|[g:1][CONSENSUS]addRawPrepare,height=41,reqIdx=2,hash=5e78fe3a...
info|2019-12-12 12:58:02.510771|[g:1][CONSENSUS][PBFT]checkTimeout Succ,view=26,toView=27,nodeIdx=3,changeCycle=0,myNode=fc2c7888...,timecost=0.244
info|2019-12-12 12:58:02.514963|[g:1][CONSENSUS][PBFT]checkAndChangeView: Reach consensus,org_view=26,org_changeCycle=0,cur_changeCycle=0,to_view=27
info|2019-12-12 12:58:03.514441|[g:1][CONSENSUS][SEALER]++++++++++++++++ Generating seal on,blkNum=41,tx=0,nodeIdx=3,hash=f78c5a47...
info|2019-12-12 12:58:03.520979|[g:1][CONSENSUS][PBFT]checkTimeout Succ,view=27,toView=28,nodeIdx=3,changeCycle=0,myNode=fc2c7888...,timecost=0.195
info|2019-12-12 12:58:03.522291|[g:1][CONSENSUS][PBFT]checkAndChangeView: Reach consensus,org_view=27,org_changeCycle=0,cur_changeCycle=0,to_view=28
info|2019-12-12 12:58:04.520093|[g:1][CONSENSUS]addRawPrepare,height=41,reqIdx=0,hash=4d873855...
info|2019-12-12 12:58:04.520351|[g:1][CONSENSUS][PBFT]checkTimeout Succ,view=28,toView=29,nodeIdx=3,changeCycle=0,myNode=fc2c7888...,timecost=0.198
info|2019-12-12 12:58:04.523080|[g:1][CONSENSUS][PBFT]checkAndChangeView: Reach consensus,org_view=28,org_changeCycle=0,cur_changeCycle=0,to_view=29
info|2019-12-12 12:58:05.526821|[g:1][CONSENSUS]addRawPrepare,height=41,reqIdx=1,hash=cf2e111f...
info|2019-12-12 12:58:05.527058|[g:1][CONSENSUS][PBFT]checkTimeout Succ,view=29,toView=30,nodeIdx=3,changeCycle=0,myNode=fc2c7888...,timecost=0.215
info|2019-12-12 12:58:05.527608|[g:1][CONSENSUS][PBFT]checkAndChangeView: Reach consensus,org_view=29,org_changeCycle=0,cur_changeCycle=0,to_view=30
info|2019-12-12 12:58:06.198274|[P2P][Service] heartBeat,connected count=3
info|2019-12-12 12:58:06.539473|[g:1][CONSENSUS]addRawPrepare,height=41,reqIdx=2,hash=a5be7051...
info|2019-12-12 12:58:06.539702|[g:1][CONSENSUS][PBFT]checkTimeout Succ,view=30,toView=31,nodeIdx=3,changeCycle=0,myNode=fc2c7888...,timecost=0.17
info|2019-12-12 12:58:06.542836|[g:1][CONSENSUS][PBFT]checkAndChangeView: Reach consensus,org_view=30,org_changeCycle=0,cur_changeCycle=0,to_view=31
info|2019-12-12 12:58:07.542340|[g:1][CONSENSUS][SEALER]++++++++++++++++ Generating seal on,blkNum=41,tx=0,nodeIdx=3,hash=81f15239...
info|2019-12-12 12:58:07.552382|[g:1][CONSENSUS][PBFT]checkTimeout Succ,view=31,toView=32,nodeIdx=3,changeCycle=0,myNode=fc2c7888...,timecost=0.272
info|2019-12-12 12:58:07.554199|[g:1][CONSENSUS][PBFT]checkAndChangeView: Reach consensus,org_view=31,org_changeCycle=0,cur_changeCycle=0,to_view=32
info|2019-12-12 12:58:08.551499|[g:1][CONSENSUS]addRawPrepare,height=41,reqIdx=0,hash=17eb0e6d...
info|2019-12-12 12:58:08.551793|[g:1][CONSENSUS][PBFT]checkTimeout Succ,view=32,toView=33,nodeIdx=3,changeCycle=0,myNode=fc2c7888...,timecost=0.232
info|2019-12-12 12:58:08.555639|[g:1][CONSENSUS][PBFT]checkAndChangeView: Reach consensus,org_view=32,org_changeCycle=0,cur_changeCycle=0,to_view=33
info|2019-12-12 12:58:09.558081|[g:1][CONSENSUS]addRawPrepare,height=41,reqIdx=1,hash=e92f9c4a...
info|2019-12-12 12:58:09.558277|[g:1][CONSENSUS][PBFT]checkTimeout Succ,view=33,toView=34,nodeIdx=3,changeCycle=0,myNode=fc2c7888...,timecost=0.173
info|2019-12-12 12:58:09.561184|[g:1][CONSENSUS][PBFT]checkAndChangeView: Reach consensus,org_view=33,org_changeCycle=0,cur_changeCycle=0,to_view=34
info|2019-12-12 12:58:10.562134|[g:1][CONSENSUS]addRawPrepare,height=41,reqIdx=2,hash=4e8dbd94...
info|2019-12-12 12:58:10.562359|[g:1][CONSENSUS][PBFT]checkTimeout Succ,view=34,toView=35,nodeIdx=3,changeCycle=0,myNode=fc2c7888...,timecost=0.167
info|2019-12-12 12:58:10.566107|[g:1][CONSENSUS][PBFT]checkAndChangeView: Reach consensus,org_view=34,org_changeCycle=0,cur_changeCycle=0,to_view=35
info|2019-12-12 12:58:11.566443|[g:1][CONSENSUS][SEALER]++++++++++++++++ Generating seal on,blkNum=41,tx=0,nodeIdx=3,hash=3a5476e0...
info|2019-12-12 12:58:11.575664|[g:1][CONSENSUS][PBFT]checkTimeout Succ,view=35,toView=36,nodeIdx=3,changeCycle=0,myNode=fc2c7888...,timecost=0.185
info|2019-12-12 12:58:11.576476|[g:1][CONSENSUS][PBFT]checkAndChangeView: Reach consensus,org_view=35,org_changeCycle=0,cur_changeCycle=0,to_view=36
info|2019-12-12 12:58:12.576126|[g:1][CONSENSUS]addRawPrepare,height=41,reqIdx=0,hash=3ff6f866...
info|2019-12-12 12:58:12.576381|[g:1][CONSENSUS][PBFT]checkTimeout Succ,view=36,toView=37,nodeIdx=3,changeCycle=0,myNode=fc2c7888...,timecost=0.172
info|2019-12-12 12:58:12.579677|[g:1][CONSENSUS][PBFT]checkAndChangeView: Reach consensus,org_view=36,org_changeCycle=0,cur_changeCycle=0,to_view=37
info|2019-12-12 12:58:13.582228|[g:1][CONSENSUS]addRawPrepare,height=41,reqIdx=1,hash=9e5030d9...
info|2019-12-12 12:58:13.582450|[g:1][CONSENSUS][PBFT]checkTimeout Succ,view=37,toView=38,nodeIdx=3,changeCycle=0,myNode=fc2c7888...,timecost=0.202
info|2019-12-12 12:58:13.585494|[g:1][CONSENSUS][PBFT]checkAndChangeView: Reach consensus,org_view=37,org_changeCycle=0,cur_changeCycle=0,to_view=38
info|2019-12-12 12:58:14.588415|[g:1][CONSENSUS]addRawPrepare,height=41,reqIdx=2,hash=420a3c78...
info|2019-12-12 12:58:14.588738|[g:1][CONSENSUS][PBFT]checkTimeout Succ,view=38,toView=39,nodeIdx=3,changeCycle=0,myNode=fc2c7888...,timecost=0.254
info|2019-12-12 12:58:14.596129|[g:1][CONSENSUS][PBFT]checkAndChangeView: Reach consensus,org_view=38,org_changeCycle=0,cur_changeCycle=0,to_view=39
info|2019-12-12 12:58:15.596696|[g:1][CONSENSUS][SEALER]++++++++++++++++ Generating seal on,blkNum=41,tx=0,nodeIdx=3,hash=93b321b8...
info|2019-12-12 12:58:15.609662|[g:1][CONSENSUS][PBFT]checkTimeout Succ,view=39,toView=40,nodeIdx=3,changeCycle=0,myNode=fc2c7888...,timecost=0.211
info|2019-12-12 12:58:15.610515|[g:1][CONSENSUS][PBFT]checkAndChangeView: Reach consensus,org_view=39,org_changeCycle=0,cur_changeCycle=0,to_view=40
info|2019-12-12 12:58:16.199087|[P2P][Service] heartBeat,connected count=3
info|2019-12-12 12:58:16.605770|[g:1][CONSENSUS]addRawPrepare,height=41,reqIdx=0,hash=2ea2e2a2...
info|2019-12-12 12:58:16.606001|[g:1][CONSENSUS][PBFT]checkTimeout Succ,view=40,toView=41,nodeIdx=3,changeCycle=0,myNode=fc2c7888...,timecost=0.168
info|2019-12-12 12:58:16.609700|[g:1][CONSENSUS][PBFT]checkAndChangeView: Reach consensus,org_view=40,org_changeCycle=0,cur_changeCycle=0,to_view=41
info|2019-12-12 12:58:17.610835|[g:1][CONSENSUS]addRawPrepare,height=41,reqIdx=1,hash=371e085a...
info|2019-12-12 12:58:17.611045|[g:1][CONSENSUS][PBFT]checkTimeout Succ,view=41,toView=42,nodeIdx=3,changeCycle=0,myNode=fc2c7888...,timecost=0.186
info|2019-12-12 12:58:17.615324|[g:1][CONSENSUS][PBFT]checkAndChangeView: Reach consensus,org_view=41,org_changeCycle=0,cur_changeCycle=0,to_view=42
info|2019-12-12 12:58:18.617010|[g:1][CONSENSUS]addRawPrepare,height=41,reqIdx=2,hash=da6cd703...
info|2019-12-12 12:58:18.617242|[g:1][CONSENSUS][PBFT]checkTimeout Succ,view=42,toView=43,nodeIdx=3,changeCycle=0,myNode=fc2c7888...,timecost=0.169
info|2019-12-12 12:58:18.622812|[g:1][CONSENSUS][PBFT]checkAndChangeView: Reach consensus,org_view=42,org_changeCycle=0,cur_changeCycle=0,to_view=43
info|2019-12-12 12:58:19.624553|[g:1][CONSENSUS][SEALER]++++++++++++++++ Generating seal on,blkNum=41,tx=0,nodeIdx=3,hash=25cfc390...
info|2019-12-12 12:58:19.633362|[g:1][CONSENSUS][PBFT]checkTimeout Succ,view=43,toView=44,nodeIdx=3,changeCycle=0,myNode=fc2c7888...,timecost=0.186
info|2019-12-12 12:58:19.634222|[g:1][CONSENSUS][PBFT]checkAndChangeView: Reach consensus,org_view=43,org_changeCycle=0,cur_changeCycle=0,to_view=44
info|2019-12-12 12:58:20.633172|[g:1][CONSENSUS]addRawPrepare,height=41,reqIdx=0,hash=f7cc71d3...
info|2019-12-12 12:58:20.633400|[g:1][CONSENSUS][PBFT]checkTimeout Succ,view=44,toView=45,nodeIdx=3,changeCycle=0,myNode=fc2c7888...,timecost=0.169
info|2019-12-12 12:58:20.677296|[g:1][CONSENSUS][PBFT]checkAndChangeView: Reach consensus,org_view=44,org_changeCycle=0,cur_changeCycle=0,to_view=45
info|2019-12-12 12:58:21.639208|[g:1][CONSENSUS][PBFT]Trigger fast-viewchange,view=45,toView=45,minView=46,INFO=,reqNum=40,curNum=40,GenIdx=0,Cview=46,view=45,fromIdx=0,fromNode=1aee600f...,fromIp=127.0.0.1:56898,hash=d6b5204e...,nodeIdx=3,myNode=fc2c7888...
info|2019-12-12 12:58:21.639403|[g:1][CONSENSUS][PBFT]checkAndChangeView: Reach consensus,org_view=45,org_changeCycle=0,cur_changeCycle=0,to_view=46
info|2019-12-12 12:58:21.639408|[g:1][CONSENSUS][PBFT]checkTimeout Succ,view=46,toView=46,nodeIdx=3,changeCycle=0,myNode=fc2c7888...,timecost=0.17
info|2019-12-12 12:58:22.644620|[g:1][CONSENSUS]addRawPrepare,height=41,reqIdx=2,hash=7e844e9d...
info|2019-12-12 12:58:22.644906|[g:1][CONSENSUS][PBFT]checkTimeout Succ,view=46,toView=47,nodeIdx=3,changeCycle=0,myNode=fc2c7888...,timecost=0.221
info|2019-12-12 12:58:22.650301|[g:1][CONSENSUS][PBFT]checkAndChangeView: Reach consensus,org_view=46,org_changeCycle=0,cur_changeCycle=0,to_view=47
info|2019-12-12 12:58:23.650729|[g:1][CONSENSUS][SEALER]++++++++++++++++ Generating seal on,blkNum=41,tx=0,nodeIdx=3,hash=20f6fe99...
info|2019-12-12 12:58:23.656076|[g:1][CONSENSUS][PBFT]checkTimeout Succ,view=47,toView=48,nodeIdx=3,changeCycle=0,myNode=fc2c7888...,timecost=0.181
info|2019-12-12 12:58:23.657072|[g:1][CONSENSUS][PBFT]checkAndChangeView: Reach consensus,org_view=47,org_changeCycle=0,cur_changeCycle=0,to_view=48
info|2019-12-12 12:58:24.656122|[g:1][CONSENSUS]addRawPrepare,height=41,reqIdx=0,hash=c2fbf65c...
info|2019-12-12 12:58:24.661317|[g:1][CONSENSUS][PBFT]checkTimeout Succ,view=48,toView=49,nodeIdx=3,changeCycle=0,myNode=fc2c7888...,timecost=5.106
info|2019-12-12 12:58:24.662104|[g:1][CONSENSUS][PBFT]checkAndChangeView: Reach consensus,org_view=48,org_changeCycle=0,cur_changeCycle=0,to_view=49
info|2019-12-12 12:58:25.665091|[g:1][CONSENSUS]addRawPrepare,height=41,reqIdx=1,hash=c6587984...
info|2019-12-12 12:58:25.665292|[g:1][CONSENSUS][PBFT]checkTimeout Succ,view=49,toView=50,nodeIdx=3,changeCycle=0,myNode=fc2c7888...,timecost=0.177
info|2019-12-12 12:58:25.667704|[g:1][CONSENSUS][PBFT]checkAndChangeView: Reach consensus,org_view=49,org_changeCycle=0,cur_changeCycle=0,to_view=50
info|2019-12-12 12:58:26.199419|[P2P][Service] heartBeat,connected count=3
info|2019-12-12 12:58:26.669590|[g:1][CONSENSUS]addRawPrepare,height=41,reqIdx=2,hash=ef497ae4...
info|2019-12-12 12:58:26.669836|[g:1][CONSENSUS][PBFT]checkTimeout Succ,view=50,toView=51,nodeIdx=3,changeCycle=0,myNode=fc2c7888...,timecost=0.185
info|2019-12-12 12:58:26.675107|[g:1][CONSENSUS][PBFT]checkAndChangeView: Reach consensus,org_view=50,org_changeCycle=0,cur_changeCycle=0,to_view=51
info|2019-12-12 12:58:27.675402|[g:1][CONSENSUS][SEALER]++++++++++++++++ Generating seal on,blkNum=41,tx=0,nodeIdx=3,hash=28813f69...
info|2019-12-12 12:58:27.683142|[g:1][CONSENSUS][PBFT]checkTimeout Succ,view=51,toView=52,nodeIdx=3,changeCycle=0,myNode=fc2c7888...,timecost=0.187
info|2019-12-12 12:58:27.684013|[g:1][CONSENSUS][PBFT]checkAndChangeView: Reach consensus,org_view=51,org_changeCycle=0,cur_changeCycle=0,to_view=52
info|2019-12-12 12:58:28.684596|[g:1][CONSENSUS]addRawPrepare,height=41,reqIdx=0,hash=aaf3125a...
info|2019-12-12 12:58:28.686968|[g:1][CONSENSUS][PBFT]checkTimeout Succ,view=52,toView=53,nodeIdx=3,changeCycle=0,myNode=fc2c7888...,timecost=2.305
info|2019-12-12 12:58:28.687456|[g:1][CONSENSUS][PBFT]checkAndChangeView: Reach consensus,org_view=52,org_changeCycle=0,cur_changeCycle=0,to_view=53
info|2019-12-12 12:58:29.692760|[g:1][CONSENSUS]addRawPrepare,height=41,reqIdx=1,hash=0224bc76...
info|2019-12-12 12:58:29.692958|[g:1][CONSENSUS][PBFT]checkTimeout Succ,view=53,toView=54,nodeIdx=3,changeCycle=0,myNode=fc2c7888...,timecost=0.176
info|2019-12-12 12:58:29.694444|[g:1][CONSENSUS][PBFT]checkAndChangeView: Reach consensus,org_view=53,org_changeCycle=0,cur_changeCycle=0,to_view=54
info|2019-12-12 12:58:30.697465|[g:1][CONSENSUS]addRawPrepare,height=41,reqIdx=2,hash=0af49dec...
info|2019-12-12 12:58:30.697696|[g:1][CONSENSUS][PBFT]checkTimeout Succ,view=54,toView=55,nodeIdx=3,changeCycle=0,myNode=fc2c7888...,timecost=0.174
info|2019-12-12 12:58:30.706228|[g:1][CONSENSUS][PBFT]checkAndChangeView: Reach consensus,org_view=54,org_changeCycle=0,cur_changeCycle=0,to_view=55
info|2019-12-12 12:58:31.707088|[g:1][CONSENSUS][SEALER]++++++++++++++++ Generating seal on,blkNum=41,tx=0,nodeIdx=3,hash=f9b5e85d...
info|2019-12-12 12:58:31.712503|[g:1][CONSENSUS][PBFT]checkTimeout Succ,view=55,toView=56,nodeIdx=3,changeCycle=0,myNode=fc2c7888...,timecost=0.281
info|2019-12-12 12:58:31.713233|[g:1][CONSENSUS][PBFT]checkAndChangeView: Reach consensus,org_view=55,org_changeCycle=0,cur_changeCycle=0,to_view=56
info|2019-12-12 12:58:32.712621|[g:1][CONSENSUS]addRawPrepare,height=41,reqIdx=0,hash=1ab0d1c9...
info|2019-12-12 12:58:32.712919|[g:1][CONSENSUS][PBFT]checkTimeout Succ,view=56,toView=57,nodeIdx=3,changeCycle=0,myNode=fc2c7888...,timecost=0.198
info|2019-12-12 12:58:32.716575|[g:1][CONSENSUS][PBFT]checkAndChangeView: Reach consensus,org_view=56,org_changeCycle=0,cur_changeCycle=0,to_view=57
info|2019-12-12 12:58:33.358409|[CHANNEL]channel new connect, host=127.0.0.1:45432
info|2019-12-12 12:58:33.358464|[CHANNEL]start receive
info|2019-12-12 12:58:33.522832|[g:1][CONSENSUS][PBFT]checkReq: Recv future request,prepHash=00000000...,INFO=handleSignMsg,num=41,curNum=40,GenIdx=2,Sview=57,view=57,fromIdx=2,fromNode=2f680e6f...,fromIp=127.0.0.1:56932,hash=464873d2...,nodeIdx=3,myNode=fc2c7888...
info|2019-12-12 12:58:33.522842|[g:1][CONSENSUS][PBFT]FutureBlock,INFO=handleSignMsg,num=41,curNum=40,GenIdx=2,Sview=57,view=57,fromIdx=2,fromNode=2f680e6f...,fromIp=127.0.0.1:56932,hash=464873d2...,nodeIdx=3,myNode=fc2c7888...
info|2019-12-12 12:58:33.523905|[g:1][CONSENSUS]addRawPrepare,height=41,reqIdx=1,hash=bf5ec896...
info|2019-12-12 12:58:33.523986|[g:1][BLOCKVERIFIER][executeBlock]Executing block,txNum=1,num=41,parentHash=d6b5204e417284572ca597ac412efbdc4c82c839f022d0576696a6827c4002b3,parentNum=40,parentStateRoot=2ea9ab9198d1638007400cd2c3bef1cc745b864b76011a0e1bc52180ac6452d4
info|2019-12-12 12:58:33.524217|[g:1][CONSENSUS][PBFT]execBlock,blkNum=41,reqIdx=1,hash=464873d2...,nodeIdx=3,myNode=fc2c7888...,decodeCost=0,checkCost=0,notifyCost=0,noteSealingCost=0,currentCycle=0,verifyAndSetSenderCost=0,execCost=1,execPerTx=1,totalCost=1
info|2019-12-12 12:58:33.534948|[g:1][CONSENSUS][PBFT]handlePrepareMsg Succ,Timecost=11.247,INFO=handlePrepareMsg,reqIdx=1,view=57,reqNum=41,curNum=40,consNum=41,fromIp=127.0.0.1:56932,hash=bf5ec896...,nodeIdx=3,myNode=fc2c7888...,curChangeCycle=0
info|2019-12-12 12:58:33.535604|[g:1][CONSENSUS][PBFT]checkAndCommit: backup/updateCommittedPrepare,reqNum=41,hash=bf5ec896...,nodeIdx=3,myNode=fc2c7888...
info|2019-12-12 12:58:33.540586|[g:1][CONSENSUS][PBFT]handleSignMsg Succ,Timecost=5.248,INFO=handleSignMsg,num=41,curNum=40,GenIdx=0,Sview=57,view=57,fromIdx=0,fromNode=1aee600f...,fromIp=127.0.0.1:56898,hash=464873d2...,nodeIdx=3,myNode=fc2c7888...
info|2019-12-12 12:58:33.543481|[g:1][CONSENSUS][PBFT]handleCommitMsg Succ,INFO=handleCommitMsg,reqNum=41,curNum=40,GenIdx=2,Cview=57,view=57,fromIdx=2,fromNode=2f680e6f...,fromIp=127.0.0.1:56932,hash=464873d2...,nodeIdx=3,myNode=fc2c7888...,Timecost=0.319
info|2019-12-12 12:58:33.547078|[g:1][CONSENSUS][PBFT]checkAndSave: CommitReq enough,prepareHeight=41,commitSize=3,hash=464873d2...,nodeIdx=3,myNode=fc2c7888...
info|2019-12-12 12:58:33.548216|[g:1][g:1][STORAGE][CachedStorage]CachedStorage commit: 5 hash: 464873d2a8471bb75525f95f73d238cc5097eb484fcdbb78c760ce7905a8cfde num: 41
info|2019-12-12 12:58:33.551274|[STORAGE]Start commit block: 41 to backend storage
info|2019-12-12 12:58:33.551455|[STORAGE][g:1]
---------------------------------------------------------------------
Commit block: 41 to backend storage finished, current cached block: 41
Flush elapsed time: 0.0002s
---------------------------------------------------------------------

info|2019-12-12 12:58:33.553890|[g:1][STORAGE]Submited block task: 41, current syncd block: 41
info|2019-12-12 12:58:33.560491|[g:1]Push block notify: 1-41
info|2019-12-12 12:58:33.561291|[g:1][CONSENSUS][PBFT]CommitBlock Succ,prepareHeight=41,reqIdx=1,hash=464873d2...,nodeIdx=3,myNode=fc2c7888...,genSigTimeCost=0,commitBlockTimeCost=13,dropTxsTimeCost=1,noteSealingTimeCost=0,totalTimeCost=14
info|2019-12-12 12:58:33.563992|[g:1][CONSENSUS][PBFT]handleCommitMsg Succ,INFO=handleCommitMsg,reqNum=41,curNum=40,GenIdx=0,Cview=57,view=57,fromIdx=0,fromNode=1aee600f...,fromIp=127.0.0.1:56898,hash=464873d2...,nodeIdx=3,myNode=fc2c7888...,Timecost=17.133
info|2019-12-12 12:58:33.564715|[g:1][CONSENSUS][PBFT]^^^^^^^^Report,num=41,sealerIdx=1,hash=464873d2...,next=42,tx=1,nodeIdx=3
info|2019-12-12 12:58:34.086918|[g:1][CONSENSUS][PBFT]checkReq: Recv future request,prepHash=00000000...,INFO=handleSignMsg,num=42,curNum=41,GenIdx=2,Sview=0,view=0,fromIdx=2,fromNode=2f680e6f...,fromIp=127.0.0.1:56932,hash=fe577a76...,nodeIdx=3,myNode=fc2c7888...
info|2019-12-12 12:58:34.086928|[g:1][CONSENSUS][PBFT]FutureBlock,INFO=handleSignMsg,num=42,curNum=41,GenIdx=2,Sview=0,view=0,fromIdx=2,fromNode=2f680e6f...,fromIp=127.0.0.1:56932,hash=fe577a76...,nodeIdx=3,myNode=fc2c7888...
info|2019-12-12 12:58:34.087908|[g:1][CONSENSUS]addRawPrepare,height=42,reqIdx=1,hash=0cfdcfd8...
info|2019-12-12 12:58:34.088035|[g:1][BLOCKVERIFIER][executeBlock]Executing block,txNum=1,num=42,parentHash=464873d2a8471bb75525f95f73d238cc5097eb484fcdbb78c760ce7905a8cfde,parentNum=41,parentStateRoot=2ea9ab9198d1638007400cd2c3bef1cc745b864b76011a0e1bc52180ac6452d4
info|2019-12-12 12:58:34.088247|[g:1][CONSENSUS][PBFT]execBlock,blkNum=42,reqIdx=1,hash=fe577a76...,nodeIdx=3,myNode=fc2c7888...,decodeCost=0,checkCost=1,notifyCost=0,noteSealingCost=0,currentCycle=0,verifyAndSetSenderCost=0,execCost=0,execPerTx=0,totalCost=1
info|2019-12-12 12:58:34.090212|[g:1][CONSENSUS][PBFT]handlePrepareMsg Succ,Timecost=2.506,INFO=handlePrepareMsg,reqIdx=1,view=0,reqNum=42,curNum=41,consNum=42,fromIp=127.0.0.1:56906,hash=0cfdcfd8...,nodeIdx=3,myNode=fc2c7888...,curChangeCycle=0
info|2019-12-12 12:58:34.090973|[g:1][CONSENSUS][PBFT]checkAndCommit: backup/updateCommittedPrepare,reqNum=42,hash=0cfdcfd8...,nodeIdx=3,myNode=fc2c7888...
info|2019-12-12 12:58:34.092513|[g:1][CONSENSUS][PBFT]handleSignMsg Succ,Timecost=1.748,INFO=handleSignMsg,num=42,curNum=41,GenIdx=0,Sview=0,view=0,fromIdx=0,fromNode=1aee600f...,fromIp=127.0.0.1:56898,hash=fe577a76...,nodeIdx=3,myNode=fc2c7888...
info|2019-12-12 12:58:34.093078|[g:1][CONSENSUS][PBFT]handleCommitMsg Succ,INFO=handleCommitMsg,reqNum=42,curNum=41,GenIdx=0,Cview=0,view=0,fromIdx=0,fromNode=1aee600f...,fromIp=127.0.0.1:56898,hash=fe577a76...,nodeIdx=3,myNode=fc2c7888...,Timecost=0.239
info|2019-12-12 12:58:34.094419|[g:1][CONSENSUS][PBFT]checkAndSave: CommitReq enough,prepareHeight=42,commitSize=3,hash=fe577a76...,nodeIdx=3,myNode=fc2c7888...
info|2019-12-12 12:58:34.095153|[g:1][g:1][STORAGE][CachedStorage]CachedStorage commit: 5 hash: fe577a763c9bb6879f2d5f0b2d558018a2fd526c671c3cb53d2aefaba6e3348c num: 42
info|2019-12-12 12:58:34.096556|[STORAGE]Start commit block: 42 to backend storage
info|2019-12-12 12:58:34.096685|[STORAGE][g:1]
---------------------------------------------------------------------
Commit block: 42 to backend storage finished, current cached block: 42
Flush elapsed time: 0.0001s
---------------------------------------------------------------------

info|2019-12-12 12:58:34.097036|[g:1][STORAGE]Submited block task: 42, current syncd block: 42
info|2019-12-12 12:58:34.097492|[g:1]Push block notify: 1-42
info|2019-12-12 12:58:34.098299|[g:1][CONSENSUS][PBFT]CommitBlock Succ,prepareHeight=42,reqIdx=1,hash=fe577a76...,nodeIdx=3,myNode=fc2c7888...,genSigTimeCost=0,commitBlockTimeCost=3,dropTxsTimeCost=1,noteSealingTimeCost=0,totalTimeCost=4
info|2019-12-12 12:58:34.098319|[g:1][CONSENSUS][PBFT]handleCommitMsg Succ,INFO=handleCommitMsg,reqNum=42,curNum=41,GenIdx=2,Cview=0,view=0,fromIdx=2,fromNode=2f680e6f...,fromIp=127.0.0.1:56932,hash=fe577a76...,nodeIdx=3,myNode=fc2c7888...,Timecost=4.365
info|2019-12-12 12:58:34.098507|[g:1][CONSENSUS][PBFT]^^^^^^^^Report,num=42,sealerIdx=1,hash=fe577a76...,next=43,tx=1,nodeIdx=3
info|2019-12-12 12:58:35.099594|[g:1][CONSENSUS]addRawPrepare,height=43,reqIdx=2,hash=cb5ba19a...
info|2019-12-12 12:58:35.099891|[g:1][CONSENSUS][PBFT]checkTimeout Succ,view=0,toView=1,nodeIdx=3,changeCycle=0,myNode=fc2c7888...,timecost=0.194
info|2019-12-12 12:58:35.103576|[g:1][CONSENSUS][PBFT]checkAndChangeView: Reach consensus,org_view=0,org_changeCycle=0,cur_changeCycle=0,to_view=1
info|2019-12-12 12:58:36.104045|[g:1][CONSENSUS][SEALER]++++++++++++++++ Generating seal on,blkNum=43,tx=0,nodeIdx=3,hash=e2339e03...
info|2019-12-12 12:58:36.112108|[g:1][CONSENSUS][PBFT]checkTimeout Succ,view=1,toView=2,nodeIdx=3,changeCycle=0,myNode=fc2c7888...,timecost=0.18
info|2019-12-12 12:58:36.112926|[g:1][CONSENSUS][PBFT]checkAndChangeView: Reach consensus,org_view=1,org_changeCycle=0,cur_changeCycle=0,to_view=2
info|2019-12-12 12:58:36.199470|[P2P][Service] heartBeat,connected count=3
info|2019-12-12 12:58:37.111066|[g:1][CONSENSUS]addRawPrepare,height=43,reqIdx=0,hash=2ab4042d...
info|2019-12-12 12:58:37.111341|[g:1][CONSENSUS][PBFT]checkTimeout Succ,view=2,toView=3,nodeIdx=3,changeCycle=0,myNode=fc2c7888...,timecost=0.211
info|2019-12-12 12:58:37.114333|[g:1][CONSENSUS][PBFT]checkAndChangeView: Reach consensus,org_view=2,org_changeCycle=0,cur_changeCycle=0,to_view=3
info|2019-12-12 12:58:38.116272|[g:1][CONSENSUS]addRawPrepare,height=43,reqIdx=1,hash=98a9853f...
info|2019-12-12 12:58:38.116474|[g:1][CONSENSUS][PBFT]checkTimeout Succ,view=3,toView=4,nodeIdx=3,changeCycle=0,myNode=fc2c7888...,timecost=0.178
info|2019-12-12 12:58:38.120254|[g:1][CONSENSUS][PBFT]checkAndChangeView: Reach consensus,org_view=3,org_changeCycle=0,cur_changeCycle=0,to_view=4
info|2019-12-12 12:58:39.120590|[g:1][CONSENSUS]addRawPrepare,height=43,reqIdx=2,hash=0db252aa...
info|2019-12-12 12:58:39.120833|[g:1][CONSENSUS][PBFT]checkTimeout Succ,view=4,toView=5,nodeIdx=3,changeCycle=0,myNode=fc2c7888...,timecost=0.172
info|2019-12-12 12:58:39.124916|[g:1][CONSENSUS][PBFT]checkAndChangeView: Reach consensus,org_view=4,org_changeCycle=0,cur_changeCycle=0,to_view=5
warning|2019-12-12 12:58:40.083565|[CHANNEL][SESSION]onRead failed,value=1,message=stream truncated
warning|2019-12-12 12:58:40.083592|[CHANNEL]onClientRequest,errorCode=-1,what=Read failed, disconnect
warning|2019-12-12 12:58:40.083652|async_shutdown,message=stream truncated
info|2019-12-12 12:58:40.125291|[g:1][CONSENSUS][SEALER]++++++++++++++++ Generating seal on,blkNum=43,tx=0,nodeIdx=3,hash=d7eb16b5...
info|2019-12-12 12:58:40.135282|[g:1][CONSENSUS][PBFT]checkTimeout Succ,view=5,toView=6,nodeIdx=3,changeCycle=0,myNode=fc2c7888...,timecost=0.182
info|2019-12-12 12:58:40.136024|[g:1][CONSENSUS][PBFT]checkAndChangeView: Reach consensus,org_view=5,org_changeCycle=0,cur_changeCycle=0,to_view=6
info|2019-12-12 12:58:41.136141|[g:1][CONSENSUS]addRawPrepare,height=43,reqIdx=0,hash=0296587b...
info|2019-12-12 12:58:41.136456|[g:1][CONSENSUS][PBFT]checkTimeout Succ,view=6,toView=7,nodeIdx=3,changeCycle=0,myNode=fc2c7888...,timecost=0.19
info|2019-12-12 12:58:41.139421|[g:1][CONSENSUS][PBFT]checkAndChangeView: Reach consensus,org_view=6,org_changeCycle=0,cur_changeCycle=0,to_view=7
info|2019-12-12 12:58:42.142252|[g:1][CONSENSUS]addRawPrepare,height=43,reqIdx=1,hash=a5c3e080...
info|2019-12-12 12:58:42.142456|[g:1][CONSENSUS][PBFT]checkTimeout Succ,view=7,toView=8,nodeIdx=3,changeCycle=0,myNode=fc2c7888...,timecost=0.18
info|2019-12-12 12:58:42.147742|[g:1][CONSENSUS][PBFT]checkAndChangeView: Reach consensus,org_view=7,org_changeCycle=0,cur_changeCycle=0,to_view=8
info|2019-12-12 12:58:43.149586|[g:1][CONSENSUS]addRawPrepare,height=43,reqIdx=2,hash=9e7c5695...
info|2019-12-12 12:58:43.149912|[g:1][CONSENSUS][PBFT]checkTimeout Succ,view=8,toView=9,nodeIdx=3,changeCycle=0,myNode=fc2c7888...,timecost=0.263
info|2019-12-12 12:58:43.153512|[g:1][CONSENSUS][PBFT]checkAndChangeView: Reach consensus,org_view=8,org_changeCycle=0,cur_changeCycle=0,to_view=9
info|2019-12-12 12:58:44.154174|[g:1][CONSENSUS][SEALER]++++++++++++++++ Generating seal on,blkNum=43,tx=0,nodeIdx=3,hash=baf0d1de...
info|2019-12-12 12:58:44.166341|[g:1][CONSENSUS][PBFT]checkTimeout Succ,view=9,toView=10,nodeIdx=3,changeCycle=0,myNode=fc2c7888...,timecost=0.183
info|2019-12-12 12:58:44.167025|[g:1][CONSENSUS][PBFT]checkAndChangeView: Reach consensus,org_view=9,org_changeCycle=0,cur_changeCycle=0,to_view=10
info|2019-12-12 12:58:45.164248|[g:1][CONSENSUS]addRawPrepare,height=43,reqIdx=0,hash=b9c0f95d...
info|2019-12-12 12:58:45.164514|[g:1][CONSENSUS][PBFT]checkTimeout Succ,view=10,toView=11,nodeIdx=3,changeCycle=0,myNode=fc2c7888...,timecost=0.204
info|2019-12-12 12:58:45.167245|[g:1][CONSENSUS][PBFT]checkAndChangeView: Reach consensus,org_view=10,org_changeCycle=0,cur_changeCycle=0,to_view=11
info|2019-12-12 12:58:46.172210|[g:1][CONSENSUS]addRawPrepare,height=43,reqIdx=1,hash=adae7c4e...
info|2019-12-12 12:58:46.176940|[g:1][CONSENSUS][PBFT]checkTimeout Succ,view=11,toView=12,nodeIdx=3,changeCycle=0,myNode=fc2c7888...,timecost=4.713
info|2019-12-12 12:58:46.177995|[g:1][CONSENSUS][PBFT]checkAndChangeView: Reach consensus,org_view=11,org_changeCycle=0,cur_changeCycle=0,to_view=12
info|2019-12-12 12:58:46.200196|[P2P][Service] heartBeat,connected count=3
info|2019-12-12 12:58:47.179295|[g:1][CONSENSUS]addRawPrepare,height=43,reqIdx=2,hash=6489f41a...
info|2019-12-12 12:58:47.179548|[g:1][CONSENSUS][PBFT]checkTimeout Succ,view=12,toView=13,nodeIdx=3,changeCycle=0,myNode=fc2c7888...,timecost=0.174
info|2019-12-12 12:58:47.182680|[g:1][CONSENSUS][PBFT]checkAndChangeView: Reach consensus,org_view=12,org_changeCycle=0,cur_changeCycle=0,to_view=13
info|2019-12-12 12:58:48.183163|[g:1][CONSENSUS][SEALER]++++++++++++++++ Generating seal on,blkNum=43,tx=0,nodeIdx=3,hash=51e5c2b1...
info|2019-12-12 12:58:48.189443|[g:1][CONSENSUS][PBFT]checkTimeout Succ,view=13,toView=14,nodeIdx=3,changeCycle=0,myNode=fc2c7888...,timecost=0.186
info|2019-12-12 12:58:48.190209|[g:1][CONSENSUS][PBFT]checkAndChangeView: Reach consensus,org_view=13,org_changeCycle=0,cur_changeCycle=0,to_view=14
info|2019-12-12 12:58:49.188874|[g:1][CONSENSUS]addRawPrepare,height=43,reqIdx=0,hash=d301b948...
info|2019-12-12 12:58:49.189109|[g:1][CONSENSUS][PBFT]checkTimeout Succ,view=14,toView=15,nodeIdx=3,changeCycle=0,myNode=fc2c7888...,timecost=0.171
info|2019-12-12 12:58:49.233183|[g:1][CONSENSUS][PBFT]checkAndChangeView: Reach consensus,org_view=14,org_changeCycle=0,cur_changeCycle=0,to_view=15
info|2019-12-12 12:58:50.195204|[g:1][CONSENSUS][PBFT]Trigger fast-viewchange,view=15,toView=15,minView=16,INFO=,reqNum=42,curNum=42,GenIdx=0,Cview=16,view=15,fromIdx=0,fromNode=1aee600f...,fromIp=127.0.0.1:56898,hash=fe577a76...,nodeIdx=3,myNode=fc2c7888...
info|2019-12-12 12:58:50.195400|[g:1][CONSENSUS][PBFT]checkAndChangeView: Reach consensus,org_view=15,org_changeCycle=0,cur_changeCycle=0,to_view=16
info|2019-12-12 12:58:50.195405|[g:1][CONSENSUS][PBFT]checkTimeout Succ,view=16,toView=16,nodeIdx=3,changeCycle=0,myNode=fc2c7888...,timecost=0.168
info|2019-12-12 12:58:51.198523|[g:1][CONSENSUS]addRawPrepare,height=43,reqIdx=2,hash=9521a32d...
info|2019-12-12 12:58:51.198756|[g:1][CONSENSUS][PBFT]checkTimeout Succ,view=16,toView=17,nodeIdx=3,changeCycle=0,myNode=fc2c7888...,timecost=0.171
info|2019-12-12 12:58:51.202605|[g:1][CONSENSUS][PBFT]checkAndChangeView: Reach consensus,org_view=16,org_changeCycle=0,cur_changeCycle=0,to_view=17
info|2019-12-12 12:58:52.202477|[g:1][CONSENSUS][SEALER]++++++++++++++++ Generating seal on,blkNum=43,tx=0,nodeIdx=3,hash=a2dc67d0...
info|2019-12-12 12:58:52.208671|[g:1][CONSENSUS][PBFT]checkTimeout Succ,view=17,toView=18,nodeIdx=3,changeCycle=0,myNode=fc2c7888...,timecost=0.341
info|2019-12-12 12:58:52.209493|[g:1][CONSENSUS][PBFT]checkAndChangeView: Reach consensus,org_view=17,org_changeCycle=0,cur_changeCycle=0,to_view=18
info|2019-12-12 12:58:53.207269|[g:1][CONSENSUS]addRawPrepare,height=43,reqIdx=0,hash=49e7ba52...
info|2019-12-12 12:58:53.207577|[g:1][CONSENSUS][PBFT]checkTimeout Succ,view=18,toView=19,nodeIdx=3,changeCycle=0,myNode=fc2c7888...,timecost=0.242
info|2019-12-12 12:58:53.213679|[g:1][CONSENSUS][PBFT]checkAndChangeView: Reach consensus,org_view=18,org_changeCycle=0,cur_changeCycle=0,to_view=19
info|2019-12-12 12:58:54.215689|[g:1][CONSENSUS]addRawPrepare,height=43,reqIdx=1,hash=6f6f9863...
info|2019-12-12 12:58:54.215894|[g:1][CONSENSUS][PBFT]checkTimeout Succ,view=19,toView=20,nodeIdx=3,changeCycle=0,myNode=fc2c7888...,timecost=0.184
info|2019-12-12 12:58:54.218819|[g:1][CONSENSUS][PBFT]checkAndChangeView: Reach consensus,org_view=19,org_changeCycle=0,cur_changeCycle=0,to_view=20
info|2019-12-12 12:58:55.220408|[g:1][CONSENSUS]addRawPrepare,height=43,reqIdx=2,hash=73fd7ecb...
info|2019-12-12 12:58:55.220646|[g:1][CONSENSUS][PBFT]checkTimeout Succ,view=20,toView=21,nodeIdx=3,changeCycle=0,myNode=fc2c7888...,timecost=0.167
info|2019-12-12 12:58:55.224149|[g:1][CONSENSUS][PBFT]checkAndChangeView: Reach consensus,org_view=20,org_changeCycle=0,cur_changeCycle=0,to_view=21
info|2019-12-12 12:58:56.200316|[P2P][Service] heartBeat,connected count=3
info|2019-12-12 12:58:56.224310|[g:1][CONSENSUS][SEALER]++++++++++++++++ Generating seal on,blkNum=43,tx=0,nodeIdx=3,hash=cbb7def6...
info|2019-12-12 12:58:56.229679|[g:1][CONSENSUS][PBFT]checkTimeout Succ,view=21,toView=22,nodeIdx=3,changeCycle=0,myNode=fc2c7888...,timecost=0.184
info|2019-12-12 12:58:56.230589|[g:1][CONSENSUS][PBFT]checkAndChangeView: Reach consensus,org_view=21,org_changeCycle=0,cur_changeCycle=0,to_view=22
info|2019-12-12 12:58:57.229272|[g:1][CONSENSUS]addRawPrepare,height=43,reqIdx=0,hash=cbdb56ae...
info|2019-12-12 12:58:57.229509|[g:1][CONSENSUS][PBFT]checkTimeout Succ,view=22,toView=23,nodeIdx=3,changeCycle=0,myNode=fc2c7888...,timecost=0.172
info|2019-12-12 12:58:57.232785|[g:1][CONSENSUS][PBFT]checkAndChangeView: Reach consensus,org_view=22,org_changeCycle=0,cur_changeCycle=0,to_view=23
info|2019-12-12 12:58:58.234540|[g:1][CONSENSUS]addRawPrepare,height=43,reqIdx=1,hash=7bdf7d8e...
info|2019-12-12 12:58:58.234734|[g:1][CONSENSUS][PBFT]checkTimeout Succ,view=23,toView=24,nodeIdx=3,changeCycle=0,myNode=fc2c7888...,timecost=0.173
info|2019-12-12 12:58:58.237428|[g:1][CONSENSUS][PBFT]checkAndChangeView: Reach consensus,org_view=23,org_changeCycle=0,cur_changeCycle=0,to_view=24
info|2019-12-12 12:58:59.237692|[g:1][CONSENSUS]addRawPrepare,height=43,reqIdx=2,hash=2f70c99a...
info|2019-12-12 12:58:59.237935|[g:1][CONSENSUS][PBFT]checkTimeout Succ,view=24,toView=25,nodeIdx=3,changeCycle=0,myNode=fc2c7888...,timecost=0.183
info|2019-12-12 12:58:59.241625|[g:1][CONSENSUS][PBFT]checkAndChangeView: Reach consensus,org_view=24,org_changeCycle=0,cur_changeCycle=0,to_view=25
info|2019-12-12 12:59:00.241413|[g:1][CONSENSUS][SEALER]++++++++++++++++ Generating seal on,blkNum=43,tx=0,nodeIdx=3,hash=234b85fd...
info|2019-12-12 12:59:00.246619|[g:1][CONSENSUS][PBFT]checkTimeout Succ,view=25,toView=26,nodeIdx=3,changeCycle=0,myNode=fc2c7888...,timecost=0.178
info|2019-12-12 12:59:00.248062|[g:1][CONSENSUS][PBFT]checkAndChangeView: Reach consensus,org_view=25,org_changeCycle=0,cur_changeCycle=0,to_view=26
info|2019-12-12 12:59:01.247090|[g:1][CONSENSUS]addRawPrepare,height=43,reqIdx=0,hash=06d25a43...
info|2019-12-12 12:59:01.247370|[g:1][CONSENSUS][PBFT]checkTimeout Succ,view=26,toView=27,nodeIdx=3,changeCycle=0,myNode=fc2c7888...,timecost=0.218
info|2019-12-12 12:59:01.250529|[g:1][CONSENSUS][PBFT]checkAndChangeView: Reach consensus,org_view=26,org_changeCycle=0,cur_changeCycle=0,to_view=27
info|2019-12-12 12:59:02.254081|[g:1][CONSENSUS]addRawPrepare,height=43,reqIdx=1,hash=8313d145...
info|2019-12-12 12:59:02.254469|[g:1][CONSENSUS][PBFT]checkTimeout Succ,view=27,toView=28,nodeIdx=3,changeCycle=0,myNode=fc2c7888...,timecost=0.352
info|2019-12-12 12:59:02.259126|[g:1][CONSENSUS][PBFT]checkAndChangeView: Reach consensus,org_view=27,org_changeCycle=0,cur_changeCycle=0,to_view=28
info|2019-12-12 12:59:03.260435|[g:1][CONSENSUS]addRawPrepare,height=43,reqIdx=2,hash=32c20a07...
info|2019-12-12 12:59:03.260969|[g:1][CONSENSUS][PBFT]checkTimeout Succ,view=28,toView=29,nodeIdx=3,changeCycle=0,myNode=fc2c7888...,timecost=0.432
info|2019-12-12 12:59:03.271235|[g:1][CONSENSUS][PBFT]checkAndChangeView: Reach consensus,org_view=28,org_changeCycle=0,cur_changeCycle=0,to_view=29
info|2019-12-12 12:59:04.271601|[g:1][CONSENSUS][SEALER]++++++++++++++++ Generating seal on,blkNum=43,tx=0,nodeIdx=3,hash=950908b1...
info|2019-12-12 12:59:04.281611|[g:1][CONSENSUS][PBFT]checkTimeout Succ,view=29,toView=30,nodeIdx=3,changeCycle=0,myNode=fc2c7888...,timecost=0.225
info|2019-12-12 12:59:04.282296|[g:1][CONSENSUS][PBFT]checkAndChangeView: Reach consensus,org_view=29,org_changeCycle=0,cur_changeCycle=0,to_view=30
info|2019-12-12 12:59:05.278912|[g:1][CONSENSUS]addRawPrepare,height=43,reqIdx=0,hash=3e3730ba...
info|2019-12-12 12:59:05.279141|[g:1][CONSENSUS][PBFT]checkTimeout Succ,view=30,toView=31,nodeIdx=3,changeCycle=0,myNode=fc2c7888...,timecost=0.169
info|2019-12-12 12:59:05.282410|[g:1][CONSENSUS][PBFT]checkAndChangeView: Reach consensus,org_view=30,org_changeCycle=0,cur_changeCycle=0,to_view=31
info|2019-12-12 12:59:06.201225|[P2P][Service] heartBeat,connected count=3
info|2019-12-12 12:59:06.284239|[g:1][CONSENSUS][PBFT]Trigger fast-viewchange,view=31,toView=31,minView=32,INFO=,reqNum=42,curNum=42,GenIdx=0,Cview=32,view=31,fromIdx=0,fromNode=1aee600f...,fromIp=127.0.0.1:56898,hash=fe577a76...,nodeIdx=3,myNode=fc2c7888...
info|2019-12-12 12:59:06.284432|[g:1][CONSENSUS][PBFT]checkAndChangeView: Reach consensus,org_view=31,org_changeCycle=0,cur_changeCycle=0,to_view=32
info|2019-12-12 12:59:06.284437|[g:1][CONSENSUS][PBFT]checkTimeout Succ,view=32,toView=32,nodeIdx=3,changeCycle=0,myNode=fc2c7888...,timecost=0.167
info|2019-12-12 12:59:07.287110|[g:1][CONSENSUS]addRawPrepare,height=43,reqIdx=2,hash=f4a61fa5...
info|2019-12-12 12:59:07.287350|[g:1][CONSENSUS][PBFT]checkTimeout Succ,view=32,toView=33,nodeIdx=3,changeCycle=0,myNode=fc2c7888...,timecost=0.167
info|2019-12-12 12:59:07.294530|[g:1][CONSENSUS][PBFT]checkAndChangeView: Reach consensus,org_view=32,org_changeCycle=0,cur_changeCycle=0,to_view=33
info|2019-12-12 12:59:08.296118|[g:1][CONSENSUS][SEALER]++++++++++++++++ Generating seal on,blkNum=43,tx=0,nodeIdx=3,hash=51d5848c...
info|2019-12-12 12:59:08.303296|[g:1][CONSENSUS][PBFT]checkTimeout Succ,view=33,toView=34,nodeIdx=3,changeCycle=0,myNode=fc2c7888...,timecost=0.256
info|2019-12-12 12:59:08.304535|[g:1][CONSENSUS][PBFT]checkAndChangeView: Reach consensus,org_view=33,org_changeCycle=0,cur_changeCycle=0,to_view=34
info|2019-12-12 12:59:09.302141|[g:1][CONSENSUS]addRawPrepare,height=43,reqIdx=0,hash=40b1eb00...
info|2019-12-12 12:59:09.302403|[g:1][CONSENSUS][PBFT]checkTimeout Succ,view=34,toView=35,nodeIdx=3,changeCycle=0,myNode=fc2c7888...,timecost=0.18
info|2019-12-12 12:59:09.308991|[g:1][CONSENSUS][PBFT]checkAndChangeView: Reach consensus,org_view=34,org_changeCycle=0,cur_changeCycle=0,to_view=35
info|2019-12-12 12:59:10.312175|[g:1][CONSENSUS]addRawPrepare,height=43,reqIdx=1,hash=d8c553c6...
info|2019-12-12 12:59:10.312410|[g:1][CONSENSUS][PBFT]checkTimeout Succ,view=35,toView=36,nodeIdx=3,changeCycle=0,myNode=fc2c7888...,timecost=0.215
info|2019-12-12 12:59:10.321080|[g:1][CONSENSUS][PBFT]checkAndChangeView: Reach consensus,org_view=35,org_changeCycle=0,cur_changeCycle=0,to_view=36
info|2019-12-12 12:59:11.321794|[g:1][CONSENSUS]addRawPrepare,height=43,reqIdx=2,hash=24ab4f37...
info|2019-12-12 12:59:11.322073|[g:1][CONSENSUS][PBFT]checkTimeout Succ,view=36,toView=37,nodeIdx=3,changeCycle=0,myNode=fc2c7888...,timecost=0.203
info|2019-12-12 12:59:11.325823|[g:1][CONSENSUS][PBFT]checkAndChangeView: Reach consensus,org_view=36,org_changeCycle=0,cur_changeCycle=0,to_view=37
info|2019-12-12 12:59:12.325706|[g:1][CONSENSUS][SEALER]++++++++++++++++ Generating seal on,blkNum=43,tx=0,nodeIdx=3,hash=96fba650...
info|2019-12-12 12:59:12.332975|[g:1][CONSENSUS][PBFT]checkTimeout Succ,view=37,toView=38,nodeIdx=3,changeCycle=0,myNode=fc2c7888...,timecost=0.223
info|2019-12-12 12:59:12.334234|[g:1][CONSENSUS][PBFT]checkAndChangeView: Reach consensus,org_view=37,org_changeCycle=0,cur_changeCycle=0,to_view=38
info|2019-12-12 12:59:13.332148|[g:1][CONSENSUS]addRawPrepare,height=43,reqIdx=0,hash=adc10d92...
info|2019-12-12 12:59:13.332527|[g:1][CONSENSUS][PBFT]checkTimeout Succ,view=38,toView=39,nodeIdx=3,changeCycle=0,myNode=fc2c7888...,timecost=0.231
info|2019-12-12 12:59:13.335777|[g:1][CONSENSUS][PBFT]checkAndChangeView: Reach consensus,org_view=38,org_changeCycle=0,cur_changeCycle=0,to_view=39
info|2019-12-12 12:59:14.339874|[g:1][CONSENSUS]addRawPrepare,height=43,reqIdx=1,hash=14e18c6c...
info|2019-12-12 12:59:14.340150|[g:1][CONSENSUS][PBFT]checkTimeout Succ,view=39,toView=40,nodeIdx=3,changeCycle=0,myNode=fc2c7888...,timecost=0.256
info|2019-12-12 12:59:14.343257|[g:1][CONSENSUS][PBFT]checkAndChangeView: Reach consensus,org_view=39,org_changeCycle=0,cur_changeCycle=0,to_view=40
info|2019-12-12 12:59:15.344053|[g:1][CONSENSUS]addRawPrepare,height=43,reqIdx=2,hash=9f6c2092...
info|2019-12-12 12:59:15.344344|[g:1][CONSENSUS][PBFT]checkTimeout Succ,view=40,toView=41,nodeIdx=3,changeCycle=0,myNode=fc2c7888...,timecost=0.228
info|2019-12-12 12:59:15.348100|[g:1][CONSENSUS][PBFT]checkAndChangeView: Reach consensus,org_view=40,org_changeCycle=0,cur_changeCycle=0,to_view=41
info|2019-12-12 12:59:16.201282|[P2P][Service] heartBeat,connected count=3
info|2019-12-12 12:59:16.349011|[g:1][CONSENSUS][SEALER]++++++++++++++++ Generating seal on,blkNum=43,tx=0,nodeIdx=3,hash=478dad57...
info|2019-12-12 12:59:16.354381|[g:1][CONSENSUS][PBFT]checkTimeout Succ,view=41,toView=42,nodeIdx=3,changeCycle=0,myNode=fc2c7888...,timecost=0.202
info|2019-12-12 12:59:16.355191|[g:1][CONSENSUS][PBFT]checkAndChangeView: Reach consensus,org_view=41,org_changeCycle=0,cur_changeCycle=0,to_view=42
info|2019-12-12 12:59:17.355069|[g:1][CONSENSUS]addRawPrepare,height=43,reqIdx=0,hash=f15f4dd4...
info|2019-12-12 12:59:17.355416|[g:1][CONSENSUS][PBFT]checkTimeout Succ,view=42,toView=43,nodeIdx=3,changeCycle=0,myNode=fc2c7888...,timecost=0.227
info|2019-12-12 12:59:17.358411|[g:1][CONSENSUS][PBFT]checkAndChangeView: Reach consensus,org_view=42,org_changeCycle=0,cur_changeCycle=0,to_view=43
info|2019-12-12 12:59:18.360365|[g:1][CONSENSUS]addRawPrepare,height=43,reqIdx=1,hash=715da1d8...
info|2019-12-12 12:59:18.361487|[g:1][CONSENSUS][PBFT]checkTimeout Succ,view=43,toView=44,nodeIdx=3,changeCycle=0,myNode=fc2c7888...,timecost=0.338
info|2019-12-12 12:59:18.361988|[g:1][CONSENSUS][PBFT]checkAndChangeView: Reach consensus,org_view=43,org_changeCycle=0,cur_changeCycle=0,to_view=44
info|2019-12-12 12:59:19.370158|[g:1][CONSENSUS]addRawPrepare,height=43,reqIdx=2,hash=b017c616...
info|2019-12-12 12:59:19.370396|[g:1][CONSENSUS][PBFT]checkTimeout Succ,view=44,toView=45,nodeIdx=3,changeCycle=0,myNode=fc2c7888...,timecost=0.173
info|2019-12-12 12:59:19.374055|[g:1][CONSENSUS][PBFT]checkAndChangeView: Reach consensus,org_view=44,org_changeCycle=0,cur_changeCycle=0,to_view=45
info|2019-12-12 12:59:20.381357|[g:1][CONSENSUS][SEALER]++++++++++++++++ Generating seal on,blkNum=43,tx=0,nodeIdx=3,hash=ce578fe6...
info|2019-12-12 12:59:20.387300|[g:1][CONSENSUS][PBFT]checkTimeout Succ,view=45,toView=46,nodeIdx=3,changeCycle=0,myNode=fc2c7888...,timecost=0.18
info|2019-12-12 12:59:20.388174|[g:1][CONSENSUS][PBFT]checkAndChangeView: Reach consensus,org_view=45,org_changeCycle=0,cur_changeCycle=0,to_view=46
info|2019-12-12 12:59:21.385741|[g:1][CONSENSUS]addRawPrepare,height=43,reqIdx=0,hash=7f72be73...
info|2019-12-12 12:59:21.385996|[g:1][CONSENSUS][PBFT]checkTimeout Succ,view=46,toView=47,nodeIdx=3,changeCycle=0,myNode=fc2c7888...,timecost=0.19
info|2019-12-12 12:59:21.391489|[g:1][CONSENSUS][PBFT]checkAndChangeView: Reach consensus,org_view=46,org_changeCycle=0,cur_changeCycle=0,to_view=47
info|2019-12-12 12:59:22.393324|[g:1][CONSENSUS]addRawPrepare,height=43,reqIdx=1,hash=8a67ecce...
info|2019-12-12 12:59:22.393530|[g:1][CONSENSUS][PBFT]checkTimeout Succ,view=47,toView=48,nodeIdx=3,changeCycle=0,myNode=fc2c7888...,timecost=0.182
info|2019-12-12 12:59:22.395254|[g:1][CONSENSUS][PBFT]checkAndChangeView: Reach consensus,org_view=47,org_changeCycle=0,cur_changeCycle=0,to_view=48
info|2019-12-12 12:59:23.398271|[g:1][CONSENSUS]addRawPrepare,height=43,reqIdx=2,hash=5a57be34...
info|2019-12-12 12:59:23.399004|[g:1][CONSENSUS][PBFT]checkTimeout Succ,view=48,toView=49,nodeIdx=3,changeCycle=0,myNode=fc2c7888...,timecost=0.263
info|2019-12-12 12:59:23.409168|[g:1][CONSENSUS][PBFT]checkAndChangeView: Reach consensus,org_view=48,org_changeCycle=0,cur_changeCycle=0,to_view=49
info|2019-12-12 12:59:24.411396|[g:1][CONSENSUS][SEALER]++++++++++++++++ Generating seal on,blkNum=43,tx=0,nodeIdx=3,hash=d54189eb...
info|2019-12-12 12:59:24.414339|[g:1][CONSENSUS][PBFT]checkTimeout Succ,view=49,toView=50,nodeIdx=3,changeCycle=0,myNode=fc2c7888...,timecost=0.173
info|2019-12-12 12:59:24.416986|[g:1][CONSENSUS][PBFT]checkAndChangeView: Reach consensus,org_view=49,org_changeCycle=0,cur_changeCycle=0,to_view=50
info|2019-12-12 12:59:25.415136|[g:1][CONSENSUS]addRawPrepare,height=43,reqIdx=0,hash=4f7fa4f3...
info|2019-12-12 12:59:25.418273|[g:1][CONSENSUS][PBFT]checkTimeout Succ,view=50,toView=51,nodeIdx=3,changeCycle=0,myNode=fc2c7888...,timecost=2.811
info|2019-12-12 12:59:25.418934|[g:1][CONSENSUS][PBFT]checkAndChangeView: Reach consensus,org_view=50,org_changeCycle=0,cur_changeCycle=0,to_view=51
info|2019-12-12 12:59:26.201362|[P2P][Service] heartBeat,connected count=3
info|2019-12-12 12:59:26.424730|[g:1][CONSENSUS][PBFT]Trigger fast-viewchange,view=51,toView=51,minView=52,INFO=,reqNum=42,curNum=42,GenIdx=0,Cview=52,view=51,fromIdx=0,fromNode=1aee600f...,fromIp=127.0.0.1:56898,hash=fe577a76...,nodeIdx=3,myNode=fc2c7888...
info|2019-12-12 12:59:26.424960|[g:1][CONSENSUS][PBFT]checkAndChangeView: Reach consensus,org_view=51,org_changeCycle=0,cur_changeCycle=0,to_view=52
info|2019-12-12 12:59:26.424965|[g:1][CONSENSUS][PBFT]checkTimeout Succ,view=52,toView=52,nodeIdx=3,changeCycle=0,myNode=fc2c7888...,timecost=0.201
info|2019-12-12 12:59:27.431234|[g:1][CONSENSUS]addRawPrepare,height=43,reqIdx=2,hash=2c30dd45...
info|2019-12-12 12:59:27.431488|[g:1][CONSENSUS][PBFT]checkTimeout Succ,view=52,toView=53,nodeIdx=3,changeCycle=0,myNode=fc2c7888...,timecost=0.176
info|2019-12-12 12:59:27.435387|[g:1][CONSENSUS][PBFT]checkAndChangeView: Reach consensus,org_view=52,org_changeCycle=0,cur_changeCycle=0,to_view=53
info|2019-12-12 12:59:28.436498|[g:1][CONSENSUS][SEALER]++++++++++++++++ Generating seal on,blkNum=43,tx=0,nodeIdx=3,hash=ee429a43...
info|2019-12-12 12:59:28.442243|[g:1][CONSENSUS][PBFT]checkTimeout Succ,view=53,toView=54,nodeIdx=3,changeCycle=0,myNode=fc2c7888...,timecost=0.178
info|2019-12-12 12:59:28.443077|[g:1][CONSENSUS][PBFT]checkAndChangeView: Reach consensus,org_view=53,org_changeCycle=0,cur_changeCycle=0,to_view=54
info|2019-12-12 12:59:29.440838|[g:1][CONSENSUS]addRawPrepare,height=43,reqIdx=0,hash=56cbaca1...
info|2019-12-12 12:59:29.441076|[g:1][CONSENSUS][PBFT]checkTimeout Succ,view=54,toView=55,nodeIdx=3,changeCycle=0,myNode=fc2c7888...,timecost=0.171
info|2019-12-12 12:59:29.444357|[g:1][CONSENSUS][PBFT]checkAndChangeView: Reach consensus,org_view=54,org_changeCycle=0,cur_changeCycle=0,to_view=55
info|2019-12-12 12:59:30.447225|[g:1][CONSENSUS][PBFT]Trigger fast-viewchange,view=55,toView=55,minView=56,INFO=,reqNum=42,curNum=42,GenIdx=0,Cview=56,view=55,fromIdx=0,fromNode=1aee600f...,fromIp=127.0.0.1:56898,hash=fe577a76...,nodeIdx=3,myNode=fc2c7888...
info|2019-12-12 12:59:30.447454|[g:1][CONSENSUS][PBFT]checkAndChangeView: Reach consensus,org_view=55,org_changeCycle=0,cur_changeCycle=0,to_view=56
info|2019-12-12 12:59:30.447460|[g:1][CONSENSUS][PBFT]checkTimeout Succ,view=56,toView=56,nodeIdx=3,changeCycle=0,myNode=fc2c7888...,timecost=0.191
info|2019-12-12 12:59:31.451499|[g:1][CONSENSUS]addRawPrepare,height=43,reqIdx=2,hash=a86a7944...
info|2019-12-12 12:59:31.451776|[g:1][CONSENSUS][PBFT]checkTimeout Succ,view=56,toView=57,nodeIdx=3,changeCycle=0,myNode=fc2c7888...,timecost=0.177
info|2019-12-12 12:59:31.455654|[g:1][CONSENSUS][PBFT]checkAndChangeView: Reach consensus,org_view=56,org_changeCycle=0,cur_changeCycle=0,to_view=57
info|2019-12-12 12:59:32.456696|[g:1][CONSENSUS][SEALER]++++++++++++++++ Generating seal on,blkNum=43,tx=0,nodeIdx=3,hash=f97e03f5...
info|2019-12-12 12:59:32.462815|[g:1][CONSENSUS][PBFT]checkTimeout Succ,view=57,toView=58,nodeIdx=3,changeCycle=0,myNode=fc2c7888...,timecost=0.19
info|2019-12-12 12:59:32.463673|[g:1][CONSENSUS][PBFT]checkAndChangeView: Reach consensus,org_view=57,org_changeCycle=0,cur_changeCycle=0,to_view=58
info|2019-12-12 12:59:33.462858|[g:1][CONSENSUS]addRawPrepare,height=43,reqIdx=0,hash=52d3df67...
info|2019-12-12 12:59:33.463100|[g:1][CONSENSUS][PBFT]checkTimeout Succ,view=58,toView=59,nodeIdx=3,changeCycle=0,myNode=fc2c7888...,timecost=0.17
info|2019-12-12 12:59:33.466574|[g:1][CONSENSUS][PBFT]checkAndChangeView: Reach consensus,org_view=58,org_changeCycle=0,cur_changeCycle=0,to_view=59
info|2019-12-12 12:59:34.467244|[g:1][CONSENSUS]addRawPrepare,height=43,reqIdx=1,hash=f5aca1c1...
info|2019-12-12 12:59:34.467443|[g:1][CONSENSUS][PBFT]checkTimeout Succ,view=59,toView=60,nodeIdx=3,changeCycle=0,myNode=fc2c7888...,timecost=0.177
info|2019-12-12 12:59:34.472681|[g:1][CONSENSUS][PBFT]checkAndChangeView: Reach consensus,org_view=59,org_changeCycle=0,cur_changeCycle=0,to_view=60
info|2019-12-12 12:59:35.474521|[g:1][CONSENSUS]addRawPrepare,height=43,reqIdx=2,hash=b658601a...
info|2019-12-12 12:59:35.474799|[g:1][CONSENSUS][PBFT]checkTimeout Succ,view=60,toView=61,nodeIdx=3,changeCycle=0,myNode=fc2c7888...,timecost=0.22
info|2019-12-12 12:59:35.477853|[g:1][CONSENSUS][PBFT]checkAndChangeView: Reach consensus,org_view=60,org_changeCycle=0,cur_changeCycle=0,to_view=61
info|2019-12-12 12:59:36.201818|[P2P][Service] heartBeat,connected count=3
info|2019-12-12 12:59:36.478219|[g:1][CONSENSUS][SEALER]++++++++++++++++ Generating seal on,blkNum=43,tx=0,nodeIdx=3,hash=499861e7...
info|2019-12-12 12:59:36.483758|[g:1][CONSENSUS][PBFT]checkTimeout Succ,view=61,toView=62,nodeIdx=3,changeCycle=0,myNode=fc2c7888...,timecost=0.178
info|2019-12-12 12:59:36.484541|[g:1][CONSENSUS][PBFT]checkAndChangeView: Reach consensus,org_view=61,org_changeCycle=0,cur_changeCycle=0,to_view=62
info|2019-12-12 12:59:37.484085|[g:1][CONSENSUS]addRawPrepare,height=43,reqIdx=0,hash=5062c42e...
info|2019-12-12 12:59:37.486603|[g:1][CONSENSUS][PBFT]checkTimeout Succ,view=62,toView=63,nodeIdx=3,changeCycle=0,myNode=fc2c7888...,timecost=2.438
info|2019-12-12 12:59:37.487127|[g:1][CONSENSUS][PBFT]checkAndChangeView: Reach consensus,org_view=62,org_changeCycle=0,cur_changeCycle=0,to_view=63
info|2019-12-12 12:59:38.491570|[g:1][CONSENSUS]addRawPrepare,height=43,reqIdx=1,hash=ce9e7373...
info|2019-12-12 12:59:38.491785|[g:1][CONSENSUS][PBFT]checkTimeout Succ,view=63,toView=64,nodeIdx=3,changeCycle=0,myNode=fc2c7888...,timecost=0.195
info|2019-12-12 12:59:38.494528|[g:1][CONSENSUS][PBFT]checkAndChangeView: Reach consensus,org_view=63,org_changeCycle=0,cur_changeCycle=0,to_view=64
info|2019-12-12 12:59:39.495487|[g:1][CONSENSUS]addRawPrepare,height=43,reqIdx=2,hash=247b310d...
info|2019-12-12 12:59:39.495715|[g:1][CONSENSUS][PBFT]checkTimeout Succ,view=64,toView=65,nodeIdx=3,changeCycle=0,myNode=fc2c7888...,timecost=0.17
info|2019-12-12 12:59:39.499718|[g:1][CONSENSUS][PBFT]checkAndChangeView: Reach consensus,org_view=64,org_changeCycle=0,cur_changeCycle=0,to_view=65
info|2019-12-12 12:59:40.499468|[g:1][CONSENSUS][SEALER]++++++++++++++++ Generating seal on,blkNum=43,tx=0,nodeIdx=3,hash=e6098a44...
info|2019-12-12 12:59:40.505462|[g:1][CONSENSUS][PBFT]checkTimeout Succ,view=65,toView=66,nodeIdx=3,changeCycle=0,myNode=fc2c7888...,timecost=0.178
info|2019-12-12 12:59:40.506206|[g:1][CONSENSUS][PBFT]checkAndChangeView: Reach consensus,org_view=65,org_changeCycle=0,cur_changeCycle=0,to_view=66
info|2019-12-12 12:59:41.505654|[g:1][CONSENSUS]addRawPrepare,height=43,reqIdx=0,hash=175b6276...
info|2019-12-12 12:59:41.505893|[g:1][CONSENSUS][PBFT]checkTimeout Succ,view=66,toView=67,nodeIdx=3,changeCycle=0,myNode=fc2c7888...,timecost=0.17
info|2019-12-12 12:59:41.509578|[g:1][CONSENSUS][PBFT]checkAndChangeView: Reach consensus,org_view=66,org_changeCycle=0,cur_changeCycle=0,to_view=67
info|2019-12-12 12:59:42.509707|[g:1][CONSENSUS]addRawPrepare,height=43,reqIdx=1,hash=98fd462b...
info|2019-12-12 12:59:42.509947|[g:1][CONSENSUS][PBFT]checkTimeout Succ,view=67,toView=68,nodeIdx=3,changeCycle=0,myNode=fc2c7888...,timecost=0.218
info|2019-12-12 12:59:42.511641|[g:1][CONSENSUS][PBFT]checkAndChangeView: Reach consensus,org_view=67,org_changeCycle=0,cur_changeCycle=0,to_view=68
info|2019-12-12 12:59:43.515522|[g:1][CONSENSUS]addRawPrepare,height=43,reqIdx=2,hash=e14c229d...
info|2019-12-12 12:59:43.515992|[g:1][CONSENSUS][PBFT]checkTimeout Succ,view=68,toView=69,nodeIdx=3,changeCycle=0,myNode=fc2c7888...,timecost=0.262
info|2019-12-12 12:59:43.520529|[g:1][CONSENSUS][PBFT]checkAndChangeView: Reach consensus,org_view=68,org_changeCycle=0,cur_changeCycle=0,to_view=69
info|2019-12-12 12:59:44.522101|[g:1][CONSENSUS][SEALER]++++++++++++++++ Generating seal on,blkNum=43,tx=0,nodeIdx=3,hash=89dcf7df...
info|2019-12-12 12:59:44.527550|[g:1][CONSENSUS][PBFT]checkTimeout Succ,view=69,toView=70,nodeIdx=3,changeCycle=0,myNode=fc2c7888...,timecost=0.185
info|2019-12-12 12:59:44.528208|[g:1][CONSENSUS][PBFT]checkAndChangeView: Reach consensus,org_view=69,org_changeCycle=0,cur_changeCycle=0,to_view=70
info|2019-12-12 12:59:45.527709|[g:1][CONSENSUS]addRawPrepare,height=43,reqIdx=0,hash=ca07c945...
info|2019-12-12 12:59:45.527939|[g:1][CONSENSUS][PBFT]checkTimeout Succ,view=70,toView=71,nodeIdx=3,changeCycle=0,myNode=fc2c7888...,timecost=0.17
info|2019-12-12 12:59:45.531097|[g:1][CONSENSUS][PBFT]checkAndChangeView: Reach consensus,org_view=70,org_changeCycle=0,cur_changeCycle=0,to_view=71
info|2019-12-12 12:59:46.201894|[P2P][Service] heartBeat,connected count=3
info|2019-12-12 12:59:46.534494|[g:1][CONSENSUS][PBFT]Trigger fast-viewchange,view=71,toView=71,minView=72,INFO=,reqNum=42,curNum=42,GenIdx=0,Cview=72,view=71,fromIdx=0,fromNode=1aee600f...,fromIp=127.0.0.1:56898,hash=fe577a76...,nodeIdx=3,myNode=fc2c7888...
info|2019-12-12 12:59:46.534692|[g:1][CONSENSUS][PBFT]checkAndChangeView: Reach consensus,org_view=71,org_changeCycle=0,cur_changeCycle=0,to_view=72
info|2019-12-12 12:59:46.534697|[g:1][CONSENSUS][PBFT]checkTimeout Succ,view=72,toView=72,nodeIdx=3,changeCycle=0,myNode=fc2c7888...,timecost=0.167
info|2019-12-12 12:59:47.537335|[g:1][CONSENSUS]addRawPrepare,height=43,reqIdx=2,hash=2fbdf0b8...
info|2019-12-12 12:59:47.537591|[g:1][CONSENSUS][PBFT]checkTimeout Succ,view=72,toView=73,nodeIdx=3,changeCycle=0,myNode=fc2c7888...,timecost=0.173
info|2019-12-12 12:59:47.541392|[g:1][CONSENSUS][PBFT]checkAndChangeView: Reach consensus,org_view=72,org_changeCycle=0,cur_changeCycle=0,to_view=73
info|2019-12-12 12:59:48.541738|[g:1][CONSENSUS][SEALER]++++++++++++++++ Generating seal on,blkNum=43,tx=0,nodeIdx=3,hash=f5cf24fe...
info|2019-12-12 12:59:48.547434|[g:1][CONSENSUS][PBFT]checkTimeout Succ,view=73,toView=74,nodeIdx=3,changeCycle=0,myNode=fc2c7888...,timecost=0.178
info|2019-12-12 12:59:48.548260|[g:1][CONSENSUS][PBFT]checkAndChangeView: Reach consensus,org_view=73,org_changeCycle=0,cur_changeCycle=0,to_view=74
info|2019-12-12 12:59:49.546796|[g:1][CONSENSUS]addRawPrepare,height=43,reqIdx=0,hash=860a622a...
info|2019-12-12 12:59:49.547063|[g:1][CONSENSUS][PBFT]checkTimeout Succ,view=74,toView=75,nodeIdx=3,changeCycle=0,myNode=fc2c7888...,timecost=0.17
info|2019-12-12 12:59:49.552034|[g:1][CONSENSUS][PBFT]checkAndChangeView: Reach consensus,org_view=74,org_changeCycle=0,cur_changeCycle=0,to_view=75
info|2019-12-12 12:59:50.553727|[g:1][CONSENSUS]addRawPrepare,height=43,reqIdx=1,hash=b7a53621...
info|2019-12-12 12:59:50.553928|[g:1][CONSENSUS][PBFT]checkTimeout Succ,view=75,toView=76,nodeIdx=3,changeCycle=0,myNode=fc2c7888...,timecost=0.178
info|2019-12-12 12:59:50.556681|[g:1][CONSENSUS][PBFT]checkAndChangeView: Reach consensus,org_view=75,org_changeCycle=0,cur_changeCycle=0,to_view=76
info|2019-12-12 12:59:51.557846|[g:1][CONSENSUS]addRawPrepare,height=43,reqIdx=2,hash=fd40ab2c...
info|2019-12-12 12:59:51.558094|[g:1][CONSENSUS][PBFT]checkTimeout Succ,view=76,toView=77,nodeIdx=3,changeCycle=0,myNode=fc2c7888...,timecost=0.181
info|2019-12-12 12:59:51.561559|[g:1][CONSENSUS][PBFT]checkAndChangeView: Reach consensus,org_view=76,org_changeCycle=0,cur_changeCycle=0,to_view=77
info|2019-12-12 12:59:52.561460|[g:1][CONSENSUS][SEALER]++++++++++++++++ Generating seal on,blkNum=43,tx=0,nodeIdx=3,hash=bc960d35...
info|2019-12-12 12:59:52.570548|[g:1][CONSENSUS][PBFT]checkTimeout Succ,view=77,toView=78,nodeIdx=3,changeCycle=0,myNode=fc2c7888...,timecost=0.187
info|2019-12-12 12:59:52.571627|[g:1][CONSENSUS][PBFT]checkAndChangeView: Reach consensus,org_view=77,org_changeCycle=0,cur_changeCycle=0,to_view=78
info|2019-12-12 12:59:53.570498|[g:1][CONSENSUS]addRawPrepare,height=43,reqIdx=0,hash=2df8a65f...
info|2019-12-12 12:59:53.570781|[g:1][CONSENSUS][PBFT]checkTimeout Succ,view=78,toView=79,nodeIdx=3,changeCycle=0,myNode=fc2c7888...,timecost=0.214
info|2019-12-12 12:59:53.573628|[g:1][CONSENSUS][PBFT]checkAndChangeView: Reach consensus,org_view=78,org_changeCycle=0,cur_changeCycle=0,to_view=79
info|2019-12-12 12:59:54.577474|[g:1][CONSENSUS]addRawPrepare,height=43,reqIdx=1,hash=c36b46d1...
info|2019-12-12 12:59:54.577658|[g:1][CONSENSUS][PBFT]checkTimeout Succ,view=79,toView=80,nodeIdx=3,changeCycle=0,myNode=fc2c7888...,timecost=0.165
info|2019-12-12 12:59:54.579193|[g:1][CONSENSUS][PBFT]checkAndChangeView: Reach consensus,org_view=79,org_changeCycle=0,cur_changeCycle=0,to_view=80
info|2019-12-12 12:59:55.580352|[g:1][CONSENSUS]addRawPrepare,height=43,reqIdx=2,hash=5ebf0b83...
info|2019-12-12 12:59:55.580585|[g:1][CONSENSUS][PBFT]checkTimeout Succ,view=80,toView=81,nodeIdx=3,changeCycle=0,myNode=fc2c7888...,timecost=0.169
info|2019-12-12 12:59:55.583982|[g:1][CONSENSUS][PBFT]checkAndChangeView: Reach consensus,org_view=80,org_changeCycle=0,cur_changeCycle=0,to_view=81
info|2019-12-12 12:59:56.201962|[P2P][Service] heartBeat,connected count=3
info|2019-12-12 12:59:56.584431|[g:1][CONSENSUS][SEALER]++++++++++++++++ Generating seal on,blkNum=43,tx=0,nodeIdx=3,hash=3f54056c...
info|2019-12-12 12:59:56.589143|[g:1][CONSENSUS][PBFT]checkTimeout Succ,view=81,toView=82,nodeIdx=3,changeCycle=0,myNode=fc2c7888...,timecost=0.193
info|2019-12-12 12:59:56.589901|[g:1][CONSENSUS][PBFT]checkAndChangeView: Reach consensus,org_view=81,org_changeCycle=0,cur_changeCycle=0,to_view=82
info|2019-12-12 12:59:57.588018|[g:1][CONSENSUS]addRawPrepare,height=43,reqIdx=0,hash=cd070fe2...
info|2019-12-12 12:59:57.588296|[g:1][CONSENSUS][PBFT]checkTimeout Succ,view=82,toView=83,nodeIdx=3,changeCycle=0,myNode=fc2c7888...,timecost=0.173
info|2019-12-12 12:59:57.591658|[g:1][CONSENSUS][PBFT]checkAndChangeView: Reach consensus,org_view=82,org_changeCycle=0,cur_changeCycle=0,to_view=83
info|2019-12-12 12:59:58.594394|[g:1][CONSENSUS]addRawPrepare,height=43,reqIdx=1,hash=ca816c7d...
info|2019-12-12 12:59:58.594592|[g:1][CONSENSUS][PBFT]checkTimeout Succ,view=83,toView=84,nodeIdx=3,changeCycle=0,myNode=fc2c7888...,timecost=0.177
info|2019-12-12 12:59:58.597362|[g:1][CONSENSUS][PBFT]checkAndChangeView: Reach consensus,org_view=83,org_changeCycle=0,cur_changeCycle=0,to_view=84
info|2019-12-12 12:59:59.598171|[g:1][CONSENSUS]addRawPrepare,height=43,reqIdx=2,hash=3b6a06e7...
info|2019-12-12 12:59:59.598404|[g:1][CONSENSUS][PBFT]checkTimeout Succ,view=84,toView=85,nodeIdx=3,changeCycle=0,myNode=fc2c7888...,timecost=0.169
info|2019-12-12 12:59:59.601149|[g:1][CONSENSUS][PBFT]checkAndChangeView: Reach consensus,org_view=84,org_changeCycle=0,cur_changeCycle=0,to_view=85
