info|2019-12-12 12:57:26.070065|[INITIALIZER][initGlobalConfig],enableCompress=true,compatibilityVersion=2.1.0,versionNumber=33619968,chainId=1
info|2019-12-12 12:57:26.186482|[NETWORK][Host]Connecting to node,endpoint=127.0.0.1:30300
info|2019-12-12 12:57:26.187053|[NETWORK][Host]P2P StartAccept,Host=0.0.0.0:30303
info|2019-12-12 12:57:26.192746|[NETWORK][Host]Connecting to node,endpoint=127.0.0.1:30301
info|2019-12-12 12:57:26.192853|[NETWORK][Host]Connecting to node,endpoint=127.0.0.1:30302
info|2019-12-12 12:57:26.192903|[NETWORK][Host]Connecting to node,endpoint=127.0.0.1:30303
info|2019-12-12 12:57:26.192949|[P2P][Service] heartBeat,connected count=0
info|2019-12-12 12:57:26.195126|[CHANNEL]ChannelRPCServer started
info|2019-12-12 12:57:26.195189|[INITIALIZER][RPCInitializer]ChannelRPCHttpServer started.
info|2019-12-12 12:57:26.195221|[LedgerInitializer],groupConfigPath=conf/
info|2019-12-12 12:57:26.199464|[INITIALIZER][initSingleLedger] [GroupId]:  1
info|2019-12-12 12:57:26.199564|[g:1][LEDGER]LedgerConstructor,configPath=conf/group.1.genesis,baseDir=data//group1
info|2019-12-12 12:57:26.199575|[g:1][LEDGER][initGenesisConfig]initConsensusConfig/initDBConfig/initTxConfig,configFile=conf/group.1.genesis
info|2019-12-12 12:57:26.199767|[g:1][LEDGER][initConsensusConfig],it.first=fc2c7888ced21f44ebab8c5975a9aa05ef0da8f7d258808e4364334fe9157dac91ebde60444a932ada83a49c0079c9ac47e4fab1a1ff477a1c430f8e7e9a7b61
info|2019-12-12 12:57:26.199784|[g:1][LEDGER][initConsensusConfig],it.first=1aee600f24b13513289ed8a98280f0bd078adbeb29893ec5ce7094628c93a7d7827f87b019dff8d12821384d965db3fb0c2e398756a68265102d2eeea4a2e92c
info|2019-12-12 12:57:26.199798|[g:1][LEDGER][initConsensusConfig],it.first=2f680e6f9b4e79127a670f739c334cb5ec9d1d5ba8e4cdb23c77f1049295687a655c40def85838ca019eabdf59078609ffcd9f5ef442da0a96b7bde57ee4dac6
info|2019-12-12 12:57:26.199838|[g:1][LEDGER][initConsensusConfig],it.first=27fabce40ce2ae76a2c8766fdd2288911467e98748ed2e5426949c73aa0079c74d6a45334aff501adef05283a167d3af589c552366ffd7026b743df2351d489c
info|2019-12-12 12:57:26.199896|[g:1][LEDGER][initIniConfig]initTxPoolConfig/initSyncConfig/initTxExecuteConfig,configFile=conf/group.1.ini
info|2019-12-12 12:57:26.202434|[g:1][LEDGER][initLedger][DBInitializer]
info|2019-12-12 12:57:26.202531|[g:1][DBINITIALIZER] [initRocksDBStorage]
info|2019-12-12 12:57:26.206459|[NETWORK][ASIO]asyncResolveConnect,endpoint=127.0.0.1:30300
info|2019-12-12 12:57:26.206525|[NETWORK][Host]P2P Recv Connect, From=127.0.0.1:36966
info|2019-12-12 12:57:26.206595|[NETWORK][Host]P2P StartAccept,Host=0.0.0.0:30303
info|2019-12-12 12:57:26.211288|[g:1][ROCKSDB]open rocksDB handler
info|2019-12-12 12:57:26.219771|[NETWORK][ASIO]asyncResolveConnect,endpoint=127.0.0.1:30301
info|2019-12-12 12:57:26.220068|[NETWORK][ASIO]asyncResolveConnect,endpoint=127.0.0.1:30302
info|2019-12-12 12:57:26.220788|[NETWORK][ASIO]asyncResolveConnect,endpoint=127.0.0.1:30303
info|2019-12-12 12:57:26.221416|[NETWORK][Host]P2P Recv Connect, From=127.0.0.1:36980
info|2019-12-12 12:57:26.221492|[NETWORK][Host]P2P StartAccept,Host=0.0.0.0:30303
info|2019-12-12 12:57:26.221994|[NETWORK][Host]P2P Recv Connect, From=127.0.0.1:36984
info|2019-12-12 12:57:26.233075|[NETWORK][Host]P2P StartAccept,Host=0.0.0.0:30303
info|2019-12-12 12:57:26.234909|[NETWORK][Host]P2P Recv Connect, From=127.0.0.1:36990
info|2019-12-12 12:57:26.242195|[NETWORK][Host]P2P StartAccept,Host=0.0.0.0:30303
info|2019-12-12 12:57:26.324386|[P2P][Service] Connection established,nodeID=fc2c7888...,endpoint=127.0.0.1:30300
info|2019-12-12 12:57:26.324438|[NETWORK][Host]startPeerSession, From=127.0.0.1:30300,nodeID=fc2c7888...
info|2019-12-12 12:57:26.324507|[P2P][Service] Connection established,nodeID=1aee600f...,endpoint=127.0.0.1:36966
info|2019-12-12 12:57:26.324523|[NETWORK][Host]startPeerSession, From=127.0.0.1:36966,nodeID=1aee600f...
info|2019-12-12 12:57:26.324601|[NETWORK][Host]startPeerSession, From=127.0.0.1:36984,nodeID=27fabce4...
info|2019-12-12 12:57:26.358658|[NETWORK][Host]startPeerSession, From=127.0.0.1:30303,nodeID=27fabce4...
info|2019-12-12 12:57:26.367032|[P2P][Service] Connection established,nodeID=2f680e6f...,endpoint=127.0.0.1:36990
info|2019-12-12 12:57:26.367092|[NETWORK][Host]startPeerSession, From=127.0.0.1:36990,nodeID=2f680e6f...
info|2019-12-12 12:57:26.373638|[NETWORK][Host]startPeerSession, From=127.0.0.1:30302,nodeID=2f680e6f...
info|2019-12-12 12:57:26.373896|[NETWORK][Host]startPeerSession, From=127.0.0.1:30301,nodeID=1aee600f...
info|2019-12-12 12:57:26.376255|[NETWORK][Host]startPeerSession, From=127.0.0.1:36980,nodeID=fc2c7888...
warning|2019-12-12 12:57:26.376864|[NETWORK][Session]doRead error,endpoint=127.0.0.1:36990,message=stream truncated
info|2019-12-12 12:57:26.376893|[NETWORK][Session]drop, call and erase all callbackFunc in this session!,endpoint=127.0.0.1:36990
warning|2019-12-12 12:57:26.376913|[P2P][Service] disconnect error P2PSession,nodeID=2f680e6f...,endpoint=127.0.0.1:36990,errorCode=3,what=Disconnect
warning|2019-12-12 12:57:26.376926|[P2P][Service] onDisconnect,errorCode=3,what=Dynamic exception type: dev::network::NetworkException
std::exception::what: Disconnect

warning|2019-12-12 12:57:26.376951|[NETWORK][Session][drop] closing remote 127.0.0.1:36990,reason=Low-level TCP communication error.,endpoint=127.0.0.1:36990
warning|2019-12-12 12:57:26.376997|[NETWORK][Session][drop] shutdown failed ,errorValue=9,message=Bad file descriptor
info|2019-12-12 12:57:26.476402|[g:1][g:0][STORAGE][CachedStorage]Init flushStorage thread
info|2019-12-12 12:57:26.536128|[g:1][BLOCKCHAIN][#checkAndBuildGenesisBlock]Already have the 0th block, 0th groupMark is equal to file groupMark.
info|2019-12-12 12:57:26.541757|[g:1][CONSENSUS][PBFT]Register handler for PBFTEngine
info|2019-12-12 12:57:26.549375|[g:1][CONSENSUS][PBFT],minBlockGenerationTime=500
info|2019-12-12 12:57:26.549403|[LedgerInitializer init group succ],groupID=1
info|2019-12-12 12:57:26.549532|[INITIALIZER][RPCInitializer]JsonrpcHttpServer started.
info|2019-12-12 12:57:26.549551|[g:1][LEDGER]startAll...
info|2019-12-12 12:57:26.550155|[g:1][CONSENSUS][PBFT]^^^^^^^^Report,num=39,sealerIdx=2,hash=519f8cd2...,next=40,tx=1,nodeIdx=1
info|2019-12-12 12:57:26.712838|[g:1][CONSENSUS][PBFT][PBFT init env successfully]
info|2019-12-12 12:57:26.712853|[g:1][CONSENSUS][ConsensusEngine][Start ConsensusEngineBase]
info|2019-12-12 12:57:26.712937|[g:1][CONSENSUS][PBFT][Start PBFTEngine...]
info|2019-12-12 12:57:26.712943|[g:1][CONSENSUS][SEALER][Start sealer module]
info|2019-12-12 12:57:26.713692|[g:1][EVENT][EventLogFilterManager]start,m_maxBlockRange=0,m_maxBlockPerLoopFilter=3
info|2019-12-12 12:57:27.720210|[g:1][CONSENSUS]addRawPrepare,height=40,reqIdx=3,hash=41871a23...
info|2019-12-12 12:57:27.721335|[g:1][CONSENSUS][PBFT]checkTimeout Succ,view=0,toView=1,nodeIdx=1,changeCycle=0,myNode=27fabce4...,timecost=1.057
info|2019-12-12 12:57:27.731796|[g:1][CONSENSUS][PBFT]checkAndChangeView: Reach consensus,org_view=0,org_changeCycle=0,cur_changeCycle=0,to_view=1
info|2019-12-12 12:57:28.728684|[g:1][CONSENSUS]addRawPrepare,height=40,reqIdx=0,hash=2dd8823f...
info|2019-12-12 12:57:28.728935|[g:1][CONSENSUS][PBFT]checkTimeout Succ,view=1,toView=2,nodeIdx=1,changeCycle=0,myNode=27fabce4...,timecost=0.224
info|2019-12-12 12:57:28.736346|[g:1][CONSENSUS][PBFT]checkAndChangeView: Reach consensus,org_view=1,org_changeCycle=0,cur_changeCycle=0,to_view=2
info|2019-12-12 12:57:29.736810|[g:1][CONSENSUS][SEALER]++++++++++++++++ Generating seal on,blkNum=40,tx=0,nodeIdx=1,hash=90819502...
info|2019-12-12 12:57:29.745846|[g:1][CONSENSUS][PBFT]checkTimeout Succ,view=2,toView=3,nodeIdx=1,changeCycle=0,myNode=27fabce4...,timecost=0.241
info|2019-12-12 12:57:29.747425|[g:1][CONSENSUS][PBFT]checkAndChangeView: Reach consensus,org_view=2,org_changeCycle=0,cur_changeCycle=0,to_view=3
info|2019-12-12 12:57:30.747564|[g:1][CONSENSUS]addRawPrepare,height=40,reqIdx=2,hash=24c5459c...
info|2019-12-12 12:57:30.747757|[g:1][CONSENSUS][PBFT]checkTimeout Succ,view=3,toView=4,nodeIdx=1,changeCycle=0,myNode=27fabce4...,timecost=0.172
info|2019-12-12 12:57:30.749364|[g:1][CONSENSUS][PBFT]checkAndChangeView: Reach consensus,org_view=3,org_changeCycle=0,cur_changeCycle=0,to_view=4
info|2019-12-12 12:57:31.752309|[g:1][CONSENSUS]addRawPrepare,height=40,reqIdx=3,hash=eeba6e6d...
info|2019-12-12 12:57:31.752499|[g:1][CONSENSUS][PBFT]checkTimeout Succ,view=4,toView=5,nodeIdx=1,changeCycle=0,myNode=27fabce4...,timecost=0.169
info|2019-12-12 12:57:31.757152|[g:1][CONSENSUS][PBFT]checkAndChangeView: Reach consensus,org_view=4,org_changeCycle=0,cur_changeCycle=0,to_view=5
info|2019-12-12 12:57:32.759986|[g:1][CONSENSUS]addRawPrepare,height=40,reqIdx=0,hash=35175998...
info|2019-12-12 12:57:32.760238|[g:1][CONSENSUS][PBFT]checkTimeout Succ,view=5,toView=6,nodeIdx=1,changeCycle=0,myNode=27fabce4...,timecost=0.187
info|2019-12-12 12:57:32.763834|[g:1][CONSENSUS][PBFT]checkAndChangeView: Reach consensus,org_view=5,org_changeCycle=0,cur_changeCycle=0,to_view=6
info|2019-12-12 12:57:33.764576|[g:1][CONSENSUS][SEALER]++++++++++++++++ Generating seal on,blkNum=40,tx=0,nodeIdx=1,hash=9fdebc2b...
info|2019-12-12 12:57:33.771489|[g:1][CONSENSUS][PBFT]checkTimeout Succ,view=6,toView=7,nodeIdx=1,changeCycle=0,myNode=27fabce4...,timecost=0.229
info|2019-12-12 12:57:33.774551|[g:1][CONSENSUS][PBFT]checkAndChangeView: Reach consensus,org_view=6,org_changeCycle=0,cur_changeCycle=0,to_view=7
info|2019-12-12 12:57:34.771711|[g:1][CONSENSUS]addRawPrepare,height=40,reqIdx=2,hash=f85aa710...
info|2019-12-12 12:57:34.771984|[g:1][CONSENSUS][PBFT]checkTimeout Succ,view=7,toView=8,nodeIdx=1,changeCycle=0,myNode=27fabce4...,timecost=0.233
info|2019-12-12 12:57:34.773845|[g:1][CONSENSUS][PBFT]checkAndChangeView: Reach consensus,org_view=7,org_changeCycle=0,cur_changeCycle=0,to_view=8
info|2019-12-12 12:57:35.278382|[g:1][CONSENSUS][PBFT]checkReq: Recv future request,prepHash=00000000...,INFO=handleSignMsg,num=40,curNum=39,GenIdx=0,Sview=8,view=8,fromIdx=0,fromNode=1aee600f...,fromIp=127.0.0.1:36966,hash=d6b5204e...,nodeIdx=1,myNode=27fabce4...
info|2019-12-12 12:57:35.278391|[g:1][CONSENSUS][PBFT]FutureBlock,INFO=handleSignMsg,num=40,curNum=39,GenIdx=0,Sview=8,view=8,fromIdx=0,fromNode=1aee600f...,fromIp=127.0.0.1:36966,hash=d6b5204e...,nodeIdx=1,myNode=27fabce4...
info|2019-12-12 12:57:35.280607|[g:1][CONSENSUS]addRawPrepare,height=40,reqIdx=3,hash=f5ac67e5...
info|2019-12-12 12:57:35.280829|[g:1][BLOCKVERIFIER][executeBlock]Executing block,txNum=2,num=40,parentHash=519f8cd27e301f4b987d3c8b5728cd722c47241fc29ad255cf6bcb505e47740e,parentNum=39,parentStateRoot=2ea9ab9198d1638007400cd2c3bef1cc745b864b76011a0e1bc52180ac6452d4
info|2019-12-12 12:57:35.281395|[g:1][CONSENSUS][PBFT]execBlock,blkNum=40,reqIdx=3,hash=d6b5204e...,nodeIdx=1,myNode=27fabce4...,decodeCost=0,checkCost=0,notifyCost=0,noteSealingCost=0,currentCycle=0,verifyAndSetSenderCost=0,execCost=1,execPerTx=0.5,totalCost=1
info|2019-12-12 12:57:35.282849|[g:1][CONSENSUS][PBFT]handlePrepareMsg Succ,Timecost=2.568,INFO=handlePrepareMsg,reqIdx=3,view=8,reqNum=40,curNum=39,consNum=40,fromIp=127.0.0.1:36966,hash=f5ac67e5...,nodeIdx=1,myNode=27fabce4...,curChangeCycle=0
info|2019-12-12 12:57:35.283080|[g:1][CONSENSUS][PBFT]checkAndCommit: backup/updateCommittedPrepare,reqNum=40,hash=f5ac67e5...,nodeIdx=1,myNode=27fabce4...
info|2019-12-12 12:57:35.284336|[g:1][CONSENSUS][PBFT]handleSignMsg Succ,Timecost=1.465,INFO=handleSignMsg,num=40,curNum=39,GenIdx=2,Sview=8,view=8,fromIdx=0,fromNode=1aee600f...,fromIp=127.0.0.1:36966,hash=d6b5204e...,nodeIdx=1,myNode=27fabce4...
info|2019-12-12 12:57:35.284636|[g:1][CONSENSUS][PBFT]handleCommitMsg Succ,INFO=handleCommitMsg,reqNum=40,curNum=39,GenIdx=0,Cview=8,view=8,fromIdx=0,fromNode=1aee600f...,fromIp=127.0.0.1:36966,hash=d6b5204e...,nodeIdx=1,myNode=27fabce4...,Timecost=0.225
info|2019-12-12 12:57:35.289797|[g:1][CONSENSUS][PBFT]handleSignMsg Succ,Timecost=0.213,INFO=handleSignMsg,num=40,curNum=39,GenIdx=3,Sview=8,view=8,fromIdx=0,fromNode=1aee600f...,fromIp=127.0.0.1:36966,hash=d6b5204e...,nodeIdx=1,myNode=27fabce4...
info|2019-12-12 12:57:35.332727|[g:1][CONSENSUS][PBFT]checkAndSave: CommitReq enough,prepareHeight=40,commitSize=3,hash=d6b5204e...,nodeIdx=1,myNode=27fabce4...
info|2019-12-12 12:57:35.333185|[g:1][g:1][STORAGE][CachedStorage]CachedStorage commit: 5 hash: d6b5204e417284572ca597ac412efbdc4c82c839f022d0576696a6827c4002b3 num: 40
info|2019-12-12 12:57:35.333319|[STORAGE]Start commit block: 40 to backend storage
info|2019-12-12 12:57:35.333587|[g:1][STORAGE]Submited block task: 40, current syncd block: 0
info|2019-12-12 12:57:35.333599|[g:1][g:1][STORAGE][CachedStorage]Current block number: 40 greater than syncd block number: 0, waiting...
info|2019-12-12 12:57:35.333612|[g:1][g:1][STORAGE][CachedStorage]Current block number: 40 greater than syncd block number: 0, waiting...
info|2019-12-12 12:57:35.333622|[g:1][g:1][STORAGE][CachedStorage]Current block number: 40 greater than syncd block number: 0, waiting...
info|2019-12-12 12:57:35.333632|[g:1][g:1][STORAGE][CachedStorage]Current block number: 40 greater than syncd block number: 0, waiting...
info|2019-12-12 12:57:35.333644|[g:1][g:1][STORAGE][CachedStorage]Current block number: 40 greater than syncd block number: 0, waiting...
info|2019-12-12 12:57:35.333654|[g:1][g:1][STORAGE][CachedStorage]Current block number: 40 greater than syncd block number: 0, waiting...
info|2019-12-12 12:57:35.337547|[STORAGE][g:1]
---------------------------------------------------------------------
Commit block: 40 to backend storage finished, current cached block: 40
Flush elapsed time: 0.0042s
---------------------------------------------------------------------

info|2019-12-12 12:57:35.584417|[g:1]Push block notify: 1-40
info|2019-12-12 12:57:35.584510|[g:1][CONSENSUS][PBFT]CommitBlock Succ,prepareHeight=40,reqIdx=3,hash=d6b5204e...,nodeIdx=1,myNode=27fabce4...,genSigTimeCost=0,commitBlockTimeCost=252,dropTxsTimeCost=0,noteSealingTimeCost=0,totalTimeCost=252
info|2019-12-12 12:57:35.584523|[g:1][CONSENSUS][PBFT]handleCommitMsg Succ,INFO=handleCommitMsg,reqNum=40,curNum=39,GenIdx=3,Cview=8,view=8,fromIdx=3,fromNode=fc2c7888...,fromIp=127.0.0.1:30300,hash=d6b5204e...,nodeIdx=1,myNode=27fabce4...,Timecost=252.021
info|2019-12-12 12:57:35.584870|[g:1][CONSENSUS][PBFT]checkReq: Recv future request,prepHash=00000000...,INFO=handleCommitMsg,reqNum=40,curNum=39,GenIdx=3,Cview=8,view=8,fromIdx=0,fromNode=1aee600f...,fromIp=127.0.0.1:36966,hash=d6b5204e...,nodeIdx=1,myNode=27fabce4...
info|2019-12-12 12:57:35.585122|[g:1][CONSENSUS][PBFT]checkReq: Recv future request,prepHash=00000000...,INFO=handleCommitMsg,reqNum=40,curNum=39,GenIdx=0,Cview=8,view=8,fromIdx=3,fromNode=fc2c7888...,fromIp=127.0.0.1:30300,hash=d6b5204e...,nodeIdx=1,myNode=27fabce4...
info|2019-12-12 12:57:35.585516|[g:1][CONSENSUS][SEALER]increase maxNoTimeoutTx,maxNoTimeoutTx=2
info|2019-12-12 12:57:35.585533|[g:1][CONSENSUS][PBFT]^^^^^^^^Report,num=40,sealerIdx=3,hash=d6b5204e...,next=41,tx=2,nodeIdx=1
info|2019-12-12 12:57:36.192749|[NETWORK][Host]P2P Recv Connect, From=127.0.0.1:36996
info|2019-12-12 12:57:36.192779|[NETWORK][Host]P2P StartAccept,Host=0.0.0.0:30303
info|2019-12-12 12:57:36.193882|[NETWORK][Host]Connecting to node,endpoint=127.0.0.1:30302
info|2019-12-12 12:57:36.193991|[P2P][Service] heartBeat,connected count=2
info|2019-12-12 12:57:36.197374|[NETWORK][ASIO]asyncResolveConnect,endpoint=127.0.0.1:30302
info|2019-12-12 12:57:36.199166|[P2P][Service] Connection established,nodeID=2f680e6f...,endpoint=127.0.0.1:36996
info|2019-12-12 12:57:36.199192|[NETWORK][Host]startPeerSession, From=127.0.0.1:36996,nodeID=2f680e6f...
info|2019-12-12 12:57:36.208930|[NETWORK][Host]startPeerSession, From=127.0.0.1:30302,nodeID=2f680e6f...
info|2019-12-12 12:57:36.298338|[g:1][CONSENSUS]addRawPrepare,height=41,reqIdx=0,hash=937baf13...
info|2019-12-12 12:57:36.298587|[g:1][CONSENSUS][PBFT]checkTimeout Succ,view=0,toView=1,nodeIdx=1,changeCycle=0,myNode=27fabce4...,timecost=0.168
info|2019-12-12 12:57:36.300115|[g:1][CONSENSUS][PBFT]checkAndChangeView: Reach consensus,org_view=0,org_changeCycle=0,cur_changeCycle=0,to_view=1
info|2019-12-12 12:57:37.302718|[g:1][CONSENSUS][SEALER]++++++++++++++++ Generating seal on,blkNum=41,tx=0,nodeIdx=1,hash=ec47f8a6...
info|2019-12-12 12:57:37.312916|[g:1][CONSENSUS][PBFT]checkTimeout Succ,view=1,toView=2,nodeIdx=1,changeCycle=0,myNode=27fabce4...,timecost=0.279
info|2019-12-12 12:57:37.313944|[g:1][CONSENSUS][PBFT]checkAndChangeView: Reach consensus,org_view=1,org_changeCycle=0,cur_changeCycle=0,to_view=2
info|2019-12-12 12:57:38.310756|[g:1][CONSENSUS]addRawPrepare,height=41,reqIdx=2,hash=caacfa71...
info|2019-12-12 12:57:38.310957|[g:1][CONSENSUS][PBFT]checkTimeout Succ,view=2,toView=3,nodeIdx=1,changeCycle=0,myNode=27fabce4...,timecost=0.182
info|2019-12-12 12:57:38.312094|[g:1][CONSENSUS][PBFT]checkAndChangeView: Reach consensus,org_view=2,org_changeCycle=0,cur_changeCycle=0,to_view=3
info|2019-12-12 12:57:39.314733|[g:1][CONSENSUS]addRawPrepare,height=41,reqIdx=3,hash=0741fc0f...
info|2019-12-12 12:57:39.314959|[g:1][CONSENSUS][PBFT]checkTimeout Succ,view=3,toView=4,nodeIdx=1,changeCycle=0,myNode=27fabce4...,timecost=0.207
info|2019-12-12 12:57:39.317824|[g:1][CONSENSUS][PBFT]checkAndChangeView: Reach consensus,org_view=3,org_changeCycle=0,cur_changeCycle=0,to_view=4
info|2019-12-12 12:57:40.320043|[g:1][CONSENSUS]addRawPrepare,height=41,reqIdx=0,hash=d10a45c3...
info|2019-12-12 12:57:40.321195|[g:1][CONSENSUS][PBFT]checkTimeout Succ,view=4,toView=5,nodeIdx=1,changeCycle=0,myNode=27fabce4...,timecost=1.133
info|2019-12-12 12:57:40.323476|[g:1][CONSENSUS][PBFT]checkAndChangeView: Reach consensus,org_view=4,org_changeCycle=0,cur_changeCycle=0,to_view=5
info|2019-12-12 12:57:41.323204|[g:1][CONSENSUS][SEALER]++++++++++++++++ Generating seal on,blkNum=41,tx=0,nodeIdx=1,hash=9ec3df60...
info|2019-12-12 12:57:41.329201|[g:1][CONSENSUS][PBFT]checkTimeout Succ,view=5,toView=6,nodeIdx=1,changeCycle=0,myNode=27fabce4...,timecost=0.245
info|2019-12-12 12:57:41.330188|[g:1][CONSENSUS][PBFT]checkAndChangeView: Reach consensus,org_view=5,org_changeCycle=0,cur_changeCycle=0,to_view=6
info|2019-12-12 12:57:42.331664|[g:1][CONSENSUS]addRawPrepare,height=41,reqIdx=2,hash=72cffcc4...
info|2019-12-12 12:57:42.331905|[g:1][CONSENSUS][PBFT]checkTimeout Succ,view=6,toView=7,nodeIdx=1,changeCycle=0,myNode=27fabce4...,timecost=0.205
info|2019-12-12 12:57:42.338396|[g:1][CONSENSUS][PBFT]checkAndChangeView: Reach consensus,org_view=6,org_changeCycle=0,cur_changeCycle=0,to_view=7
info|2019-12-12 12:57:43.342181|[g:1][CONSENSUS]addRawPrepare,height=41,reqIdx=3,hash=0fe874a0...
info|2019-12-12 12:57:43.342368|[g:1][CONSENSUS][PBFT]checkTimeout Succ,view=7,toView=8,nodeIdx=1,changeCycle=0,myNode=27fabce4...,timecost=0.167
info|2019-12-12 12:57:43.344178|[g:1][CONSENSUS][PBFT]checkAndChangeView: Reach consensus,org_view=7,org_changeCycle=0,cur_changeCycle=0,to_view=8
info|2019-12-12 12:57:44.346374|[g:1][CONSENSUS]addRawPrepare,height=41,reqIdx=0,hash=824fba96...
info|2019-12-12 12:57:44.346577|[g:1][CONSENSUS][PBFT]checkTimeout Succ,view=8,toView=9,nodeIdx=1,changeCycle=0,myNode=27fabce4...,timecost=0.18
info|2019-12-12 12:57:44.350149|[g:1][CONSENSUS][PBFT]checkAndChangeView: Reach consensus,org_view=8,org_changeCycle=0,cur_changeCycle=0,to_view=9
info|2019-12-12 12:57:45.350680|[g:1][CONSENSUS][SEALER]++++++++++++++++ Generating seal on,blkNum=41,tx=0,nodeIdx=1,hash=d3a8da76...
info|2019-12-12 12:57:45.397390|[g:1][CONSENSUS][PBFT]checkTimeout Succ,view=9,toView=10,nodeIdx=1,changeCycle=0,myNode=27fabce4...,timecost=0.399
info|2019-12-12 12:57:45.406828|[g:1][CONSENSUS][PBFT]checkAndChangeView: Reach consensus,org_view=9,org_changeCycle=0,cur_changeCycle=0,to_view=10
info|2019-12-12 12:57:46.197379|[P2P][Service] heartBeat,connected count=3
info|2019-12-12 12:57:46.390896|[g:1][CONSENSUS]addRawPrepare,height=41,reqIdx=2,hash=1434d846...
info|2019-12-12 12:57:46.391097|[g:1][CONSENSUS][PBFT]checkTimeout Succ,view=10,toView=11,nodeIdx=1,changeCycle=0,myNode=27fabce4...,timecost=0.177
info|2019-12-12 12:57:46.392662|[g:1][CONSENSUS][PBFT]checkAndChangeView: Reach consensus,org_view=10,org_changeCycle=0,cur_changeCycle=0,to_view=11
info|2019-12-12 12:57:47.396085|[g:1][CONSENSUS]addRawPrepare,height=41,reqIdx=3,hash=3373ff4d...
info|2019-12-12 12:57:47.396308|[g:1][CONSENSUS][PBFT]checkTimeout Succ,view=11,toView=12,nodeIdx=1,changeCycle=0,myNode=27fabce4...,timecost=0.194
info|2019-12-12 12:57:47.399441|[g:1][CONSENSUS][PBFT]checkAndChangeView: Reach consensus,org_view=11,org_changeCycle=0,cur_changeCycle=0,to_view=12
info|2019-12-12 12:57:48.402545|[g:1][CONSENSUS]addRawPrepare,height=41,reqIdx=0,hash=20cc7349...
info|2019-12-12 12:57:48.402778|[g:1][CONSENSUS][PBFT]checkTimeout Succ,view=12,toView=13,nodeIdx=1,changeCycle=0,myNode=27fabce4...,timecost=0.211
info|2019-12-12 12:57:48.404914|[g:1][CONSENSUS][PBFT]checkAndChangeView: Reach consensus,org_view=12,org_changeCycle=0,cur_changeCycle=0,to_view=13
info|2019-12-12 12:57:49.406163|[g:1][CONSENSUS][SEALER]++++++++++++++++ Generating seal on,blkNum=41,tx=0,nodeIdx=1,hash=a3c05df7...
info|2019-12-12 12:57:49.417691|[g:1][CONSENSUS][PBFT]checkTimeout Succ,view=13,toView=14,nodeIdx=1,changeCycle=0,myNode=27fabce4...,timecost=0.521
info|2019-12-12 12:57:49.419808|[g:1][CONSENSUS][PBFT]checkAndChangeView: Reach consensus,org_view=13,org_changeCycle=0,cur_changeCycle=0,to_view=14
info|2019-12-12 12:57:50.448799|[g:1][CONSENSUS]addRawPrepare,height=41,reqIdx=2,hash=349ea837...
info|2019-12-12 12:57:50.449757|[g:1][CONSENSUS][PBFT]checkTimeout Succ,view=14,toView=15,nodeIdx=1,changeCycle=0,myNode=27fabce4...,timecost=0.89
info|2019-12-12 12:57:50.450761|[g:1][CONSENSUS][PBFT]checkAndChangeView: Reach consensus,org_view=14,org_changeCycle=0,cur_changeCycle=0,to_view=15
info|2019-12-12 12:57:51.316690|[NETWORK][Session]Received topic: [1] from fc2c7888ced21f44ebab8c5975a9aa05ef0da8f7d258808e4364334fe9157dac91ebde60444a932ada83a49c0079c9ac47e4fab1a1ff477a1c430f8e7e9a7b61
info|2019-12-12 12:57:51.446326|[g:1][CONSENSUS]addRawPrepare,height=41,reqIdx=3,hash=63c0c3fd...
info|2019-12-12 12:57:51.446565|[g:1][CONSENSUS][PBFT]checkTimeout Succ,view=15,toView=16,nodeIdx=1,changeCycle=0,myNode=27fabce4...,timecost=0.212
info|2019-12-12 12:57:51.448696|[g:1][CONSENSUS][PBFT]checkAndChangeView: Reach consensus,org_view=15,org_changeCycle=0,cur_changeCycle=0,to_view=16
info|2019-12-12 12:57:52.453658|[g:1][CONSENSUS]addRawPrepare,height=41,reqIdx=0,hash=530dd5a8...
info|2019-12-12 12:57:52.456111|[g:1][CONSENSUS][PBFT]checkTimeout Succ,view=16,toView=17,nodeIdx=1,changeCycle=0,myNode=27fabce4...,timecost=2.306
info|2019-12-12 12:57:52.456583|[g:1][CONSENSUS][PBFT]checkAndChangeView: Reach consensus,org_view=16,org_changeCycle=0,cur_changeCycle=0,to_view=17
info|2019-12-12 12:57:53.458110|[g:1][CONSENSUS][SEALER]++++++++++++++++ Generating seal on,blkNum=41,tx=0,nodeIdx=1,hash=9efb7dbb...
info|2019-12-12 12:57:53.463748|[g:1][CONSENSUS][PBFT]checkTimeout Succ,view=17,toView=18,nodeIdx=1,changeCycle=0,myNode=27fabce4...,timecost=0.25
info|2019-12-12 12:57:53.464622|[g:1][CONSENSUS][PBFT]checkAndChangeView: Reach consensus,org_view=17,org_changeCycle=0,cur_changeCycle=0,to_view=18
info|2019-12-12 12:57:54.466262|[g:1][CONSENSUS]addRawPrepare,height=41,reqIdx=2,hash=03d78a52...
info|2019-12-12 12:57:54.466500|[g:1][CONSENSUS][PBFT]checkTimeout Succ,view=18,toView=19,nodeIdx=1,changeCycle=0,myNode=27fabce4...,timecost=0.218
info|2019-12-12 12:57:54.467473|[g:1][CONSENSUS][PBFT]checkAndChangeView: Reach consensus,org_view=18,org_changeCycle=0,cur_changeCycle=0,to_view=19
info|2019-12-12 12:57:55.469740|[g:1][CONSENSUS]addRawPrepare,height=41,reqIdx=3,hash=85c93980...
info|2019-12-12 12:57:55.469940|[g:1][CONSENSUS][PBFT]checkTimeout Succ,view=19,toView=20,nodeIdx=1,changeCycle=0,myNode=27fabce4...,timecost=0.179
info|2019-12-12 12:57:55.472454|[g:1][CONSENSUS][PBFT]checkAndChangeView: Reach consensus,org_view=19,org_changeCycle=0,cur_changeCycle=0,to_view=20
info|2019-12-12 12:57:56.197438|[P2P][Service] heartBeat,connected count=3
info|2019-12-12 12:57:56.476334|[g:1][CONSENSUS]addRawPrepare,height=41,reqIdx=0,hash=017ecce3...
info|2019-12-12 12:57:56.476616|[g:1][CONSENSUS][PBFT]checkTimeout Succ,view=20,toView=21,nodeIdx=1,changeCycle=0,myNode=27fabce4...,timecost=0.247
info|2019-12-12 12:57:56.478889|[g:1][CONSENSUS][PBFT]checkAndChangeView: Reach consensus,org_view=20,org_changeCycle=0,cur_changeCycle=0,to_view=21
info|2019-12-12 12:57:57.480998|[g:1][CONSENSUS][SEALER]++++++++++++++++ Generating seal on,blkNum=41,tx=0,nodeIdx=1,hash=c199636d...
info|2019-12-12 12:57:57.493990|[g:1][CONSENSUS][PBFT]checkTimeout Succ,view=21,toView=22,nodeIdx=1,changeCycle=0,myNode=27fabce4...,timecost=0.291
info|2019-12-12 12:57:57.495754|[g:1][CONSENSUS][PBFT]checkAndChangeView: Reach consensus,org_view=21,org_changeCycle=0,cur_changeCycle=0,to_view=22
info|2019-12-12 12:57:58.494129|[g:1][CONSENSUS]addRawPrepare,height=41,reqIdx=2,hash=07472a1b...
info|2019-12-12 12:57:58.494328|[g:1][CONSENSUS][PBFT]checkTimeout Succ,view=22,toView=23,nodeIdx=1,changeCycle=0,myNode=27fabce4...,timecost=0.176
info|2019-12-12 12:57:58.496701|[g:1][CONSENSUS][PBFT]checkAndChangeView: Reach consensus,org_view=22,org_changeCycle=0,cur_changeCycle=0,to_view=23
info|2019-12-12 12:57:59.496955|[g:1][CONSENSUS]addRawPrepare,height=41,reqIdx=3,hash=d591cb7b...
info|2019-12-12 12:57:59.497154|[g:1][CONSENSUS][PBFT]checkTimeout Succ,view=23,toView=24,nodeIdx=1,changeCycle=0,myNode=27fabce4...,timecost=0.179
info|2019-12-12 12:57:59.499773|[g:1][CONSENSUS][PBFT]checkAndChangeView: Reach consensus,org_view=23,org_changeCycle=0,cur_changeCycle=0,to_view=24
info|2019-12-12 12:58:00.502532|[g:1][CONSENSUS]addRawPrepare,height=41,reqIdx=0,hash=d3ad82dd...
info|2019-12-12 12:58:00.502727|[g:1][CONSENSUS][PBFT]checkTimeout Succ,view=24,toView=25,nodeIdx=1,changeCycle=0,myNode=27fabce4...,timecost=0.175
info|2019-12-12 12:58:00.504363|[g:1][CONSENSUS][PBFT]checkAndChangeView: Reach consensus,org_view=24,org_changeCycle=0,cur_changeCycle=0,to_view=25
info|2019-12-12 12:58:01.504917|[g:1][CONSENSUS][SEALER]++++++++++++++++ Generating seal on,blkNum=41,tx=0,nodeIdx=1,hash=2f886cb9...
info|2019-12-12 12:58:01.510819|[g:1][CONSENSUS][PBFT]checkTimeout Succ,view=25,toView=26,nodeIdx=1,changeCycle=0,myNode=27fabce4...,timecost=0.184
info|2019-12-12 12:58:01.511673|[g:1][CONSENSUS][PBFT]checkAndChangeView: Reach consensus,org_view=25,org_changeCycle=0,cur_changeCycle=0,to_view=26
info|2019-12-12 12:58:02.512107|[g:1][CONSENSUS]addRawPrepare,height=41,reqIdx=2,hash=5e78fe3a...
info|2019-12-12 12:58:02.512317|[g:1][CONSENSUS][PBFT]checkTimeout Succ,view=26,toView=27,nodeIdx=1,changeCycle=0,myNode=27fabce4...,timecost=0.186
info|2019-12-12 12:58:02.514326|[g:1][CONSENSUS][PBFT]checkAndChangeView: Reach consensus,org_view=26,org_changeCycle=0,cur_changeCycle=0,to_view=27
info|2019-12-12 12:58:03.517258|[g:1][CONSENSUS]addRawPrepare,height=41,reqIdx=3,hash=f78c5a47...
info|2019-12-12 12:58:03.517471|[g:1][CONSENSUS][PBFT]checkTimeout Succ,view=27,toView=28,nodeIdx=1,changeCycle=0,myNode=27fabce4...,timecost=0.195
info|2019-12-12 12:58:03.518795|[g:1][CONSENSUS][PBFT]checkAndChangeView: Reach consensus,org_view=27,org_changeCycle=0,cur_changeCycle=0,to_view=28
info|2019-12-12 12:58:04.521663|[g:1][CONSENSUS]addRawPrepare,height=41,reqIdx=0,hash=4d873855...
info|2019-12-12 12:58:04.521896|[g:1][CONSENSUS][PBFT]checkTimeout Succ,view=28,toView=29,nodeIdx=1,changeCycle=0,myNode=27fabce4...,timecost=0.214
info|2019-12-12 12:58:04.523908|[g:1][CONSENSUS][PBFT]checkAndChangeView: Reach consensus,org_view=28,org_changeCycle=0,cur_changeCycle=0,to_view=29
info|2019-12-12 12:58:05.524153|[g:1][CONSENSUS][SEALER]++++++++++++++++ Generating seal on,blkNum=41,tx=0,nodeIdx=1,hash=cf2e111f...
info|2019-12-12 12:58:05.530563|[g:1][CONSENSUS][PBFT]checkTimeout Succ,view=29,toView=30,nodeIdx=1,changeCycle=0,myNode=27fabce4...,timecost=0.231
info|2019-12-12 12:58:05.531443|[g:1][CONSENSUS][PBFT]checkAndChangeView: Reach consensus,org_view=29,org_changeCycle=0,cur_changeCycle=0,to_view=30
info|2019-12-12 12:58:06.197667|[P2P][Service] heartBeat,connected count=3
info|2019-12-12 12:58:06.540227|[g:1][CONSENSUS]addRawPrepare,height=41,reqIdx=2,hash=a5be7051...
info|2019-12-12 12:58:06.540434|[g:1][CONSENSUS][PBFT]checkTimeout Succ,view=30,toView=31,nodeIdx=1,changeCycle=0,myNode=27fabce4...,timecost=0.183
info|2019-12-12 12:58:06.543355|[g:1][CONSENSUS][PBFT]checkAndChangeView: Reach consensus,org_view=30,org_changeCycle=0,cur_changeCycle=0,to_view=31
info|2019-12-12 12:58:07.546579|[g:1][CONSENSUS]addRawPrepare,height=41,reqIdx=3,hash=81f15239...
info|2019-12-12 12:58:07.550196|[g:1][CONSENSUS][PBFT]checkTimeout Succ,view=31,toView=32,nodeIdx=1,changeCycle=0,myNode=27fabce4...,timecost=0.94
info|2019-12-12 12:58:07.550548|[g:1][CONSENSUS][PBFT]checkAndChangeView: Reach consensus,org_view=31,org_changeCycle=0,cur_changeCycle=0,to_view=32
info|2019-12-12 12:58:08.552410|[g:1][CONSENSUS]addRawPrepare,height=41,reqIdx=0,hash=17eb0e6d...
info|2019-12-12 12:58:08.552618|[g:1][CONSENSUS][PBFT]checkTimeout Succ,view=32,toView=33,nodeIdx=1,changeCycle=0,myNode=27fabce4...,timecost=0.182
info|2019-12-12 12:58:08.556430|[g:1][CONSENSUS][PBFT]checkAndChangeView: Reach consensus,org_view=32,org_changeCycle=0,cur_changeCycle=0,to_view=33
info|2019-12-12 12:58:09.556503|[g:1][CONSENSUS][SEALER]++++++++++++++++ Generating seal on,blkNum=41,tx=0,nodeIdx=1,hash=e92f9c4a...
info|2019-12-12 12:58:09.562265|[g:1][CONSENSUS][PBFT]checkTimeout Succ,view=33,toView=34,nodeIdx=1,changeCycle=0,myNode=27fabce4...,timecost=0.165
info|2019-12-12 12:58:09.562768|[g:1][CONSENSUS][PBFT]checkAndChangeView: Reach consensus,org_view=33,org_changeCycle=0,cur_changeCycle=0,to_view=34
info|2019-12-12 12:58:10.563050|[g:1][CONSENSUS]addRawPrepare,height=41,reqIdx=2,hash=4e8dbd94...
info|2019-12-12 12:58:10.563247|[g:1][CONSENSUS][PBFT]checkTimeout Succ,view=34,toView=35,nodeIdx=1,changeCycle=0,myNode=27fabce4...,timecost=0.177
info|2019-12-12 12:58:10.565413|[g:1][CONSENSUS][PBFT]checkAndChangeView: Reach consensus,org_view=34,org_changeCycle=0,cur_changeCycle=0,to_view=35
info|2019-12-12 12:58:11.569282|[g:1][CONSENSUS][PBFT]Trigger fast-viewchange,view=35,toView=35,minView=36,INFO=,reqNum=40,curNum=40,GenIdx=0,Cview=36,view=35,fromIdx=0,fromNode=1aee600f...,fromIp=127.0.0.1:36966,hash=d6b5204e...,nodeIdx=1,myNode=27fabce4...
info|2019-12-12 12:58:11.569484|[g:1][CONSENSUS][PBFT]checkAndChangeView: Reach consensus,org_view=35,org_changeCycle=0,cur_changeCycle=0,to_view=36
info|2019-12-12 12:58:11.569490|[g:1][CONSENSUS][PBFT]checkTimeout Succ,view=36,toView=36,nodeIdx=1,changeCycle=0,myNode=27fabce4...,timecost=0.171
info|2019-12-12 12:58:12.577373|[g:1][CONSENSUS]addRawPrepare,height=41,reqIdx=0,hash=3ff6f866...
info|2019-12-12 12:58:12.577568|[g:1][CONSENSUS][PBFT]checkTimeout Succ,view=36,toView=37,nodeIdx=1,changeCycle=0,myNode=27fabce4...,timecost=0.172
info|2019-12-12 12:58:12.580496|[g:1][CONSENSUS][PBFT]checkAndChangeView: Reach consensus,org_view=36,org_changeCycle=0,cur_changeCycle=0,to_view=37
info|2019-12-12 12:58:13.580739|[g:1][CONSENSUS][SEALER]++++++++++++++++ Generating seal on,blkNum=41,tx=0,nodeIdx=1,hash=9e5030d9...
info|2019-12-12 12:58:13.586589|[g:1][CONSENSUS][PBFT]checkTimeout Succ,view=37,toView=38,nodeIdx=1,changeCycle=0,myNode=27fabce4...,timecost=0.193
info|2019-12-12 12:58:13.588253|[g:1][CONSENSUS][PBFT]checkAndChangeView: Reach consensus,org_view=37,org_changeCycle=0,cur_changeCycle=0,to_view=38
info|2019-12-12 12:58:14.589695|[g:1][CONSENSUS]addRawPrepare,height=41,reqIdx=2,hash=420a3c78...
info|2019-12-12 12:58:14.590121|[g:1][CONSENSUS][PBFT]checkTimeout Succ,view=38,toView=39,nodeIdx=1,changeCycle=0,myNode=27fabce4...,timecost=0.391
info|2019-12-12 12:58:14.595541|[g:1][CONSENSUS][PBFT]checkAndChangeView: Reach consensus,org_view=38,org_changeCycle=0,cur_changeCycle=0,to_view=39
info|2019-12-12 12:58:15.598730|[g:1][CONSENSUS]addRawPrepare,height=41,reqIdx=3,hash=93b321b8...
info|2019-12-12 12:58:15.598927|[g:1][CONSENSUS][PBFT]checkTimeout Succ,view=39,toView=40,nodeIdx=1,changeCycle=0,myNode=27fabce4...,timecost=0.173
info|2019-12-12 12:58:15.605141|[g:1][CONSENSUS][PBFT]checkAndChangeView: Reach consensus,org_view=39,org_changeCycle=0,cur_changeCycle=0,to_view=40
info|2019-12-12 12:58:16.198188|[P2P][Service] heartBeat,connected count=3
info|2019-12-12 12:58:16.607005|[g:1][CONSENSUS]addRawPrepare,height=41,reqIdx=0,hash=2ea2e2a2...
info|2019-12-12 12:58:16.607203|[g:1][CONSENSUS][PBFT]checkTimeout Succ,view=40,toView=41,nodeIdx=1,changeCycle=0,myNode=27fabce4...,timecost=0.178
info|2019-12-12 12:58:16.608972|[g:1][CONSENSUS][PBFT]checkAndChangeView: Reach consensus,org_view=40,org_changeCycle=0,cur_changeCycle=0,to_view=41
info|2019-12-12 12:58:17.608946|[g:1][CONSENSUS][SEALER]++++++++++++++++ Generating seal on,blkNum=41,tx=0,nodeIdx=1,hash=371e085a...
info|2019-12-12 12:58:17.616651|[g:1][CONSENSUS][PBFT]checkTimeout Succ,view=41,toView=42,nodeIdx=1,changeCycle=0,myNode=27fabce4...,timecost=0.189
info|2019-12-12 12:58:17.617510|[g:1][CONSENSUS][PBFT]checkAndChangeView: Reach consensus,org_view=41,org_changeCycle=0,cur_changeCycle=0,to_view=42
info|2019-12-12 12:58:18.617745|[g:1][CONSENSUS]addRawPrepare,height=41,reqIdx=2,hash=da6cd703...
info|2019-12-12 12:58:18.617949|[g:1][CONSENSUS][PBFT]checkTimeout Succ,view=42,toView=43,nodeIdx=1,changeCycle=0,myNode=27fabce4...,timecost=0.181
info|2019-12-12 12:58:18.623288|[g:1][CONSENSUS][PBFT]checkAndChangeView: Reach consensus,org_view=42,org_changeCycle=0,cur_changeCycle=0,to_view=43
info|2019-12-12 12:58:19.627198|[g:1][CONSENSUS]addRawPrepare,height=41,reqIdx=3,hash=25cfc390...
info|2019-12-12 12:58:19.627401|[g:1][CONSENSUS][PBFT]checkTimeout Succ,view=43,toView=44,nodeIdx=1,changeCycle=0,myNode=27fabce4...,timecost=0.185
info|2019-12-12 12:58:19.631828|[g:1][CONSENSUS][PBFT]checkAndChangeView: Reach consensus,org_view=43,org_changeCycle=0,cur_changeCycle=0,to_view=44
info|2019-12-12 12:58:20.634091|[g:1][CONSENSUS]addRawPrepare,height=41,reqIdx=0,hash=f7cc71d3...
info|2019-12-12 12:58:20.634317|[g:1][CONSENSUS][PBFT]checkTimeout Succ,view=44,toView=45,nodeIdx=1,changeCycle=0,myNode=27fabce4...,timecost=0.205
info|2019-12-12 12:58:20.636365|[g:1][CONSENSUS][PBFT]checkAndChangeView: Reach consensus,org_view=44,org_changeCycle=0,cur_changeCycle=0,to_view=45
info|2019-12-12 12:58:21.636782|[g:1][CONSENSUS][SEALER]++++++++++++++++ Generating seal on,blkNum=41,tx=0,nodeIdx=1,hash=2005a9a9...
info|2019-12-12 12:58:21.644721|[g:1][CONSENSUS][PBFT]checkTimeout Succ,view=45,toView=46,nodeIdx=1,changeCycle=0,myNode=27fabce4...,timecost=0.187
info|2019-12-12 12:58:21.645574|[g:1][CONSENSUS][PBFT]checkAndChangeView: Reach consensus,org_view=45,org_changeCycle=0,cur_changeCycle=0,to_view=46
info|2019-12-12 12:58:22.646238|[g:1][CONSENSUS]addRawPrepare,height=41,reqIdx=2,hash=7e844e9d...
info|2019-12-12 12:58:22.646439|[g:1][CONSENSUS][PBFT]checkTimeout Succ,view=46,toView=47,nodeIdx=1,changeCycle=0,myNode=27fabce4...,timecost=0.179
info|2019-12-12 12:58:22.647568|[g:1][CONSENSUS][PBFT]checkAndChangeView: Reach consensus,org_view=46,org_changeCycle=0,cur_changeCycle=0,to_view=47
info|2019-12-12 12:58:23.653329|[g:1][CONSENSUS]addRawPrepare,height=41,reqIdx=3,hash=20f6fe99...
info|2019-12-12 12:58:23.653513|[g:1][CONSENSUS][PBFT]checkTimeout Succ,view=47,toView=48,nodeIdx=1,changeCycle=0,myNode=27fabce4...,timecost=0.165
info|2019-12-12 12:58:23.655252|[g:1][CONSENSUS][PBFT]checkAndChangeView: Reach consensus,org_view=47,org_changeCycle=0,cur_changeCycle=0,to_view=48
info|2019-12-12 12:58:24.660179|[g:1][CONSENSUS]addRawPrepare,height=41,reqIdx=0,hash=c2fbf65c...
info|2019-12-12 12:58:24.660380|[g:1][CONSENSUS][PBFT]checkTimeout Succ,view=48,toView=49,nodeIdx=1,changeCycle=0,myNode=27fabce4...,timecost=0.178
info|2019-12-12 12:58:24.663234|[g:1][CONSENSUS][PBFT]checkAndChangeView: Reach consensus,org_view=48,org_changeCycle=0,cur_changeCycle=0,to_view=49
info|2019-12-12 12:58:25.663631|[g:1][CONSENSUS][SEALER]++++++++++++++++ Generating seal on,blkNum=41,tx=0,nodeIdx=1,hash=c6587984...
info|2019-12-12 12:58:25.670111|[g:1][CONSENSUS][PBFT]checkTimeout Succ,view=49,toView=50,nodeIdx=1,changeCycle=0,myNode=27fabce4...,timecost=0.184
info|2019-12-12 12:58:25.670887|[g:1][CONSENSUS][PBFT]checkAndChangeView: Reach consensus,org_view=49,org_changeCycle=0,cur_changeCycle=0,to_view=50
info|2019-12-12 12:58:26.198417|[P2P][Service] heartBeat,connected count=3
info|2019-12-12 12:58:26.670377|[g:1][CONSENSUS]addRawPrepare,height=41,reqIdx=2,hash=ef497ae4...
info|2019-12-12 12:58:26.670579|[g:1][CONSENSUS][PBFT]checkTimeout Succ,view=50,toView=51,nodeIdx=1,changeCycle=0,myNode=27fabce4...,timecost=0.18
info|2019-12-12 12:58:26.672959|[g:1][CONSENSUS][PBFT]checkAndChangeView: Reach consensus,org_view=50,org_changeCycle=0,cur_changeCycle=0,to_view=51
info|2019-12-12 12:58:27.678754|[g:1][CONSENSUS]addRawPrepare,height=41,reqIdx=3,hash=28813f69...
info|2019-12-12 12:58:27.679031|[g:1][CONSENSUS][PBFT]checkTimeout Succ,view=51,toView=52,nodeIdx=1,changeCycle=0,myNode=27fabce4...,timecost=0.253
info|2019-12-12 12:58:27.681277|[g:1][CONSENSUS][PBFT]checkAndChangeView: Reach consensus,org_view=51,org_changeCycle=0,cur_changeCycle=0,to_view=52
info|2019-12-12 12:58:28.686030|[g:1][CONSENSUS]addRawPrepare,height=41,reqIdx=0,hash=aaf3125a...
info|2019-12-12 12:58:28.686228|[g:1][CONSENSUS][PBFT]checkTimeout Succ,view=52,toView=53,nodeIdx=1,changeCycle=0,myNode=27fabce4...,timecost=0.177
info|2019-12-12 12:58:28.691698|[g:1][CONSENSUS][PBFT]checkAndChangeView: Reach consensus,org_view=52,org_changeCycle=0,cur_changeCycle=0,to_view=53
info|2019-12-12 12:58:29.691191|[g:1][CONSENSUS][SEALER]++++++++++++++++ Generating seal on,blkNum=41,tx=0,nodeIdx=1,hash=0224bc76...
info|2019-12-12 12:58:29.696637|[g:1][CONSENSUS][PBFT]checkTimeout Succ,view=53,toView=54,nodeIdx=1,changeCycle=0,myNode=27fabce4...,timecost=0.176
info|2019-12-12 12:58:29.698434|[g:1][CONSENSUS][PBFT]checkAndChangeView: Reach consensus,org_view=53,org_changeCycle=0,cur_changeCycle=0,to_view=54
info|2019-12-12 12:58:30.699479|[g:1][CONSENSUS]addRawPrepare,height=41,reqIdx=2,hash=0af49dec...
info|2019-12-12 12:58:30.699748|[g:1][CONSENSUS][PBFT]checkTimeout Succ,view=54,toView=55,nodeIdx=1,changeCycle=0,myNode=27fabce4...,timecost=0.211
info|2019-12-12 12:58:30.705456|[g:1][CONSENSUS][PBFT]checkAndChangeView: Reach consensus,org_view=54,org_changeCycle=0,cur_changeCycle=0,to_view=55
info|2019-12-12 12:58:31.708759|[g:1][CONSENSUS]addRawPrepare,height=41,reqIdx=3,hash=f9b5e85d...
info|2019-12-12 12:58:31.708959|[g:1][CONSENSUS][PBFT]checkTimeout Succ,view=55,toView=56,nodeIdx=1,changeCycle=0,myNode=27fabce4...,timecost=0.179
info|2019-12-12 12:58:31.711614|[g:1][CONSENSUS][PBFT]checkAndChangeView: Reach consensus,org_view=55,org_changeCycle=0,cur_changeCycle=0,to_view=56
info|2019-12-12 12:58:32.713760|[g:1][CONSENSUS]addRawPrepare,height=41,reqIdx=0,hash=1ab0d1c9...
info|2019-12-12 12:58:32.714105|[g:1][CONSENSUS][PBFT]checkTimeout Succ,view=56,toView=57,nodeIdx=1,changeCycle=0,myNode=27fabce4...,timecost=0.305
info|2019-12-12 12:58:32.716826|[g:1][CONSENSUS][PBFT]checkAndChangeView: Reach consensus,org_view=56,org_changeCycle=0,cur_changeCycle=0,to_view=57
info|2019-12-12 12:58:33.520793|[g:1][CONSENSUS][SEALER]++++++++++++++++ Generating seal on,blkNum=41,tx=1,nodeIdx=1,hash=bf5ec896...
info|2019-12-12 12:58:33.564394|[g:1][CONSENSUS]addRawPrepare,height=41,reqIdx=1,hash=bf5ec896...
info|2019-12-12 12:58:33.572747|[g:1][BLOCKVERIFIER][executeBlock]Executing block,txNum=1,num=41,parentHash=d6b5204e417284572ca597ac412efbdc4c82c839f022d0576696a6827c4002b3,parentNum=40,parentStateRoot=2ea9ab9198d1638007400cd2c3bef1cc745b864b76011a0e1bc52180ac6452d4
info|2019-12-12 12:58:33.573248|[g:1][CONSENSUS][PBFT]execBlock,blkNum=41,reqIdx=1,hash=464873d2...,nodeIdx=1,myNode=27fabce4...,decodeCost=0,checkCost=0,notifyCost=0,noteSealingCost=1,currentCycle=0,verifyAndSetSenderCost=0,execCost=1,execPerTx=1,totalCost=2
info|2019-12-12 12:58:33.573829|[g:1][CONSENSUS][PBFT]handlePrepareMsg Succ,Timecost=9.71,INFO=handlePrepareMsg,reqIdx=1,view=57,reqNum=41,curNum=40,consNum=41,fromIp=self,hash=bf5ec896...,nodeIdx=1,myNode=27fabce4...,curChangeCycle=0
info|2019-12-12 12:58:33.573849|[g:1][CONSENSUS][PBFT]generateLocalPrepare,hash=bf5ec896...,H=41,nodeIdx=1,myNode=27fabce4...
info|2019-12-12 12:58:33.574688|[g:1][CONSENSUS][PBFT]handleSignMsg Succ,Timecost=0.825,INFO=handleSignMsg,num=41,curNum=40,GenIdx=2,Sview=57,view=57,fromIdx=3,fromNode=fc2c7888...,fromIp=127.0.0.1:30300,hash=464873d2...,nodeIdx=1,myNode=27fabce4...
info|2019-12-12 12:58:33.574915|[g:1][CONSENSUS][PBFT]checkAndCommit: backup/updateCommittedPrepare,reqNum=41,hash=bf5ec896...,nodeIdx=1,myNode=27fabce4...
info|2019-12-12 12:58:33.575208|[g:1][CONSENSUS][PBFT]handleSignMsg Succ,Timecost=0.502,INFO=handleSignMsg,num=41,curNum=40,GenIdx=0,Sview=57,view=57,fromIdx=0,fromNode=1aee600f...,fromIp=127.0.0.1:36966,hash=464873d2...,nodeIdx=1,myNode=27fabce4...
info|2019-12-12 12:58:33.575444|[g:1][CONSENSUS][PBFT]handleSignMsg Succ,Timecost=0.205,INFO=handleSignMsg,num=41,curNum=40,GenIdx=3,Sview=57,view=57,fromIdx=3,fromNode=fc2c7888...,fromIp=127.0.0.1:30300,hash=464873d2...,nodeIdx=1,myNode=27fabce4...
info|2019-12-12 12:58:33.575682|[g:1][CONSENSUS][PBFT]handleCommitMsg Succ,INFO=handleCommitMsg,reqNum=41,curNum=40,GenIdx=0,Cview=57,view=57,fromIdx=0,fromNode=1aee600f...,fromIp=127.0.0.1:36966,hash=464873d2...,nodeIdx=1,myNode=27fabce4...,Timecost=0.204
info|2019-12-12 12:58:33.578168|[g:1][CONSENSUS][PBFT]checkAndSave: CommitReq enough,prepareHeight=41,commitSize=3,hash=464873d2...,nodeIdx=1,myNode=27fabce4...
info|2019-12-12 12:58:33.578433|[g:1][g:1][STORAGE][CachedStorage]CachedStorage commit: 5 hash: 464873d2a8471bb75525f95f73d238cc5097eb484fcdbb78c760ce7905a8cfde num: 41
info|2019-12-12 12:58:33.578499|[STORAGE]Start commit block: 41 to backend storage
info|2019-12-12 12:58:33.578683|[STORAGE][g:1]
---------------------------------------------------------------------
Commit block: 41 to backend storage finished, current cached block: 41
Flush elapsed time: 0.0002s
---------------------------------------------------------------------

info|2019-12-12 12:58:33.578704|[g:1][STORAGE]Submited block task: 41, current syncd block: 41
info|2019-12-12 12:58:33.578968|[g:1]Push block notify: 1-41
info|2019-12-12 12:58:33.579075|[g:1][CONSENSUS][PBFT]CommitBlock Succ,prepareHeight=41,reqIdx=1,hash=464873d2...,nodeIdx=1,myNode=27fabce4...,genSigTimeCost=0,commitBlockTimeCost=0,dropTxsTimeCost=1,noteSealingTimeCost=0,totalTimeCost=1
info|2019-12-12 12:58:33.579095|[g:1][CONSENSUS][PBFT]handleCommitMsg Succ,INFO=handleCommitMsg,reqNum=41,curNum=40,GenIdx=3,Cview=57,view=57,fromIdx=3,fromNode=fc2c7888...,fromIp=127.0.0.1:30300,hash=464873d2...,nodeIdx=1,myNode=27fabce4...,Timecost=3.385
info|2019-12-12 12:58:33.579411|[g:1][CONSENSUS][PBFT]checkReq: Recv future request,prepHash=00000000...,INFO=handleSignMsg,num=41,curNum=40,GenIdx=3,Sview=57,view=57,fromIdx=0,fromNode=1aee600f...,fromIp=127.0.0.1:36966,hash=464873d2...,nodeIdx=1,myNode=27fabce4...
info|2019-12-12 12:58:33.579428|[g:1][CONSENSUS][PBFT]FutureBlock,INFO=handleSignMsg,num=41,curNum=40,GenIdx=3,Sview=57,view=57,fromIdx=0,fromNode=1aee600f...,fromIp=127.0.0.1:36966,hash=464873d2...,nodeIdx=1,myNode=27fabce4...
info|2019-12-12 12:58:33.579647|[g:1][CONSENSUS][PBFT]checkReq: Recv future request,prepHash=00000000...,INFO=handleSignMsg,num=41,curNum=40,GenIdx=0,Sview=57,view=57,fromIdx=3,fromNode=fc2c7888...,fromIp=127.0.0.1:30300,hash=464873d2...,nodeIdx=1,myNode=27fabce4...
info|2019-12-12 12:58:33.579674|[g:1][CONSENSUS][PBFT]FutureBlock,INFO=handleSignMsg,num=41,curNum=40,GenIdx=0,Sview=57,view=57,fromIdx=3,fromNode=fc2c7888...,fromIp=127.0.0.1:30300,hash=464873d2...,nodeIdx=1,myNode=27fabce4...
info|2019-12-12 12:58:33.579908|[g:1][CONSENSUS][PBFT]checkReq: Recv future request,prepHash=00000000...,INFO=handleCommitMsg,reqNum=41,curNum=40,GenIdx=3,Cview=57,view=57,fromIdx=0,fromNode=1aee600f...,fromIp=127.0.0.1:36966,hash=464873d2...,nodeIdx=1,myNode=27fabce4...
info|2019-12-12 12:58:33.580135|[g:1][CONSENSUS][PBFT]checkReq: Recv future request,prepHash=00000000...,INFO=handleCommitMsg,reqNum=41,curNum=40,GenIdx=2,Cview=57,view=57,fromIdx=3,fromNode=fc2c7888...,fromIp=127.0.0.1:30300,hash=464873d2...,nodeIdx=1,myNode=27fabce4...
info|2019-12-12 12:58:33.583500|[g:1][CONSENSUS][PBFT]checkReq: Recv future request,prepHash=00000000...,INFO=handleSignMsg,num=41,curNum=40,GenIdx=2,Sview=57,view=57,fromIdx=2,fromNode=2f680e6f...,fromIp=127.0.0.1:36996,hash=464873d2...,nodeIdx=1,myNode=27fabce4...
info|2019-12-12 12:58:33.583849|[g:1][CONSENSUS][PBFT]checkReq: Recv future request,prepHash=00000000...,INFO=handleSignMsg,num=41,curNum=40,GenIdx=2,Sview=57,view=57,fromIdx=0,fromNode=1aee600f...,fromIp=127.0.0.1:36966,hash=464873d2...,nodeIdx=1,myNode=27fabce4...
info|2019-12-12 12:58:33.584082|[g:1][CONSENSUS][PBFT]checkReq: Recv future request,prepHash=00000000...,INFO=handleCommitMsg,reqNum=41,curNum=40,GenIdx=0,Cview=57,view=57,fromIdx=3,fromNode=fc2c7888...,fromIp=127.0.0.1:30300,hash=464873d2...,nodeIdx=1,myNode=27fabce4...
info|2019-12-12 12:58:33.584187|[g:1][CONSENSUS][PBFT]^^^^^^^^Report,num=41,sealerIdx=1,hash=464873d2...,next=42,tx=1,nodeIdx=1
info|2019-12-12 12:58:34.084895|[g:1][CONSENSUS][SEALER]++++++++++++++++ Generating seal on,blkNum=42,tx=1,nodeIdx=1,hash=0cfdcfd8...
info|2019-12-12 12:58:34.099124|[g:1][CONSENSUS]addRawPrepare,height=42,reqIdx=1,hash=0cfdcfd8...
info|2019-12-12 12:58:34.099309|[g:1][BLOCKVERIFIER][executeBlock]Executing block,txNum=1,num=42,parentHash=464873d2a8471bb75525f95f73d238cc5097eb484fcdbb78c760ce7905a8cfde,parentNum=41,parentStateRoot=2ea9ab9198d1638007400cd2c3bef1cc745b864b76011a0e1bc52180ac6452d4
info|2019-12-12 12:58:34.099558|[g:1][CONSENSUS][PBFT]execBlock,blkNum=42,reqIdx=1,hash=fe577a76...,nodeIdx=1,myNode=27fabce4...,decodeCost=0,checkCost=0,notifyCost=0,noteSealingCost=0,currentCycle=0,verifyAndSetSenderCost=0,execCost=0,execPerTx=0,totalCost=0
info|2019-12-12 12:58:34.100273|[g:1][CONSENSUS][PBFT]handlePrepareMsg Succ,Timecost=1.366,INFO=handlePrepareMsg,reqIdx=1,view=0,reqNum=42,curNum=41,consNum=42,fromIp=self,hash=0cfdcfd8...,nodeIdx=1,myNode=27fabce4...,curChangeCycle=0
info|2019-12-12 12:58:34.100294|[g:1][CONSENSUS][PBFT]generateLocalPrepare,hash=0cfdcfd8...,H=42,nodeIdx=1,myNode=27fabce4...
info|2019-12-12 12:58:34.100565|[g:1][CONSENSUS][PBFT]handleSignMsg Succ,Timecost=0.255,INFO=handleSignMsg,num=42,curNum=41,GenIdx=2,Sview=0,view=0,fromIdx=0,fromNode=1aee600f...,fromIp=127.0.0.1:36966,hash=fe577a76...,nodeIdx=1,myNode=27fabce4...
info|2019-12-12 12:58:34.100802|[g:1][CONSENSUS][PBFT]checkAndCommit: backup/updateCommittedPrepare,reqNum=42,hash=0cfdcfd8...,nodeIdx=1,myNode=27fabce4...
info|2019-12-12 12:58:34.101014|[g:1][CONSENSUS][PBFT]handleSignMsg Succ,Timecost=0.418,INFO=handleSignMsg,num=42,curNum=41,GenIdx=3,Sview=0,view=0,fromIdx=2,fromNode=2f680e6f...,fromIp=127.0.0.1:36996,hash=fe577a76...,nodeIdx=1,myNode=27fabce4...
info|2019-12-12 12:58:34.101226|[g:1][CONSENSUS][PBFT]handleCommitMsg Succ,INFO=handleCommitMsg,reqNum=42,curNum=41,GenIdx=2,Cview=0,view=0,fromIdx=2,fromNode=2f680e6f...,fromIp=127.0.0.1:36996,hash=fe577a76...,nodeIdx=1,myNode=27fabce4...,Timecost=0.204
info|2019-12-12 12:58:34.101468|[g:1][CONSENSUS][PBFT]handleSignMsg Succ,Timecost=0.204,INFO=handleSignMsg,num=42,curNum=41,GenIdx=0,Sview=0,view=0,fromIdx=2,fromNode=2f680e6f...,fromIp=127.0.0.1:36996,hash=fe577a76...,nodeIdx=1,myNode=27fabce4...
info|2019-12-12 12:58:34.101676|[g:1][CONSENSUS][PBFT]checkAndSave: CommitReq enough,prepareHeight=42,commitSize=3,hash=fe577a76...,nodeIdx=1,myNode=27fabce4...
info|2019-12-12 12:58:34.101898|[g:1][g:1][STORAGE][CachedStorage]CachedStorage commit: 5 hash: fe577a763c9bb6879f2d5f0b2d558018a2fd526c671c3cb53d2aefaba6e3348c num: 42
info|2019-12-12 12:58:34.101948|[STORAGE]Start commit block: 42 to backend storage
info|2019-12-12 12:58:34.102096|[STORAGE][g:1]
---------------------------------------------------------------------
Commit block: 42 to backend storage finished, current cached block: 42
Flush elapsed time: 0.0001s
---------------------------------------------------------------------

info|2019-12-12 12:58:34.102245|[g:1][STORAGE]Submited block task: 42, current syncd block: 42
info|2019-12-12 12:58:34.102443|[g:1]Push block notify: 1-42
info|2019-12-12 12:58:34.102545|[g:1][CONSENSUS][PBFT]CommitBlock Succ,prepareHeight=42,reqIdx=1,hash=fe577a76...,nodeIdx=1,myNode=27fabce4...,genSigTimeCost=0,commitBlockTimeCost=1,dropTxsTimeCost=0,noteSealingTimeCost=0,totalTimeCost=1
info|2019-12-12 12:58:34.102564|[g:1][CONSENSUS][PBFT]handleCommitMsg Succ,INFO=handleCommitMsg,reqNum=42,curNum=41,GenIdx=3,Cview=0,view=0,fromIdx=2,fromNode=2f680e6f...,fromIp=127.0.0.1:36996,hash=fe577a76...,nodeIdx=1,myNode=27fabce4...,Timecost=1.09
info|2019-12-12 12:58:34.102808|[g:1][CONSENSUS][PBFT]checkReq: Recv future request,prepHash=00000000...,INFO=handleCommitMsg,reqNum=42,curNum=41,GenIdx=0,Cview=0,view=0,fromIdx=2,fromNode=2f680e6f...,fromIp=127.0.0.1:36996,hash=fe577a76...,nodeIdx=1,myNode=27fabce4...
info|2019-12-12 12:58:34.103052|[g:1][CONSENSUS][PBFT]checkReq: Recv future request,prepHash=00000000...,INFO=handleSignMsg,num=42,curNum=41,GenIdx=3,Sview=0,view=0,fromIdx=3,fromNode=fc2c7888...,fromIp=127.0.0.1:30300,hash=fe577a76...,nodeIdx=1,myNode=27fabce4...
info|2019-12-12 12:58:34.103067|[g:1][CONSENSUS][PBFT]FutureBlock,INFO=handleSignMsg,num=42,curNum=41,GenIdx=3,Sview=0,view=0,fromIdx=3,fromNode=fc2c7888...,fromIp=127.0.0.1:30300,hash=fe577a76...,nodeIdx=1,myNode=27fabce4...
info|2019-12-12 12:58:34.103375|[g:1][CONSENSUS][PBFT]checkReq: Recv future request,prepHash=00000000...,INFO=handleSignMsg,num=42,curNum=41,GenIdx=0,Sview=0,view=0,fromIdx=0,fromNode=1aee600f...,fromIp=127.0.0.1:36966,hash=fe577a76...,nodeIdx=1,myNode=27fabce4...
info|2019-12-12 12:58:34.103394|[g:1][CONSENSUS][PBFT]FutureBlock,INFO=handleSignMsg,num=42,curNum=41,GenIdx=0,Sview=0,view=0,fromIdx=0,fromNode=1aee600f...,fromIp=127.0.0.1:36966,hash=fe577a76...,nodeIdx=1,myNode=27fabce4...
info|2019-12-12 12:58:34.103679|[g:1][CONSENSUS][PBFT]checkReq: Recv future request,prepHash=00000000...,INFO=handleCommitMsg,reqNum=42,curNum=41,GenIdx=3,Cview=0,view=0,fromIdx=0,fromNode=1aee600f...,fromIp=127.0.0.1:36966,hash=fe577a76...,nodeIdx=1,myNode=27fabce4...
info|2019-12-12 12:58:34.103910|[g:1][CONSENSUS][PBFT]checkReq: Recv future request,prepHash=00000000...,INFO=handleCommitMsg,reqNum=42,curNum=41,GenIdx=2,Cview=0,view=0,fromIdx=0,fromNode=1aee600f...,fromIp=127.0.0.1:36966,hash=fe577a76...,nodeIdx=1,myNode=27fabce4...
info|2019-12-12 12:58:34.104038|[g:1][CONSENSUS][PBFT]^^^^^^^^Report,num=42,sealerIdx=1,hash=fe577a76...,next=43,tx=1,nodeIdx=1
info|2019-12-12 12:58:35.101214|[g:1][CONSENSUS]addRawPrepare,height=43,reqIdx=2,hash=cb5ba19a...
info|2019-12-12 12:58:35.101450|[g:1][CONSENSUS][PBFT]checkTimeout Succ,view=0,toView=1,nodeIdx=1,changeCycle=0,myNode=27fabce4...,timecost=0.174
info|2019-12-12 12:58:35.102386|[g:1][CONSENSUS][PBFT]checkAndChangeView: Reach consensus,org_view=0,org_changeCycle=0,cur_changeCycle=0,to_view=1
info|2019-12-12 12:58:36.107833|[g:1][CONSENSUS]addRawPrepare,height=43,reqIdx=3,hash=e2339e03...
info|2019-12-12 12:58:36.108087|[g:1][CONSENSUS][PBFT]checkTimeout Succ,view=1,toView=2,nodeIdx=1,changeCycle=0,myNode=27fabce4...,timecost=0.234
info|2019-12-12 12:58:36.111093|[g:1][CONSENSUS][PBFT]checkAndChangeView: Reach consensus,org_view=1,org_changeCycle=0,cur_changeCycle=0,to_view=2
info|2019-12-12 12:58:36.198542|[P2P][Service] heartBeat,connected count=3
info|2019-12-12 12:58:37.112450|[g:1][CONSENSUS]addRawPrepare,height=43,reqIdx=0,hash=2ab4042d...
info|2019-12-12 12:58:37.112648|[g:1][CONSENSUS][PBFT]checkTimeout Succ,view=2,toView=3,nodeIdx=1,changeCycle=0,myNode=27fabce4...,timecost=0.179
info|2019-12-12 12:58:37.113639|[g:1][CONSENSUS][PBFT]checkAndChangeView: Reach consensus,org_view=2,org_changeCycle=0,cur_changeCycle=0,to_view=3
info|2019-12-12 12:58:38.114751|[g:1][CONSENSUS][SEALER]++++++++++++++++ Generating seal on,blkNum=43,tx=0,nodeIdx=1,hash=98a9853f...
info|2019-12-12 12:58:38.121373|[g:1][CONSENSUS][PBFT]checkTimeout Succ,view=3,toView=4,nodeIdx=1,changeCycle=0,myNode=27fabce4...,timecost=0.186
info|2019-12-12 12:58:38.122181|[g:1][CONSENSUS][PBFT]checkAndChangeView: Reach consensus,org_view=3,org_changeCycle=0,cur_changeCycle=0,to_view=4
info|2019-12-12 12:58:39.121521|[g:1][CONSENSUS]addRawPrepare,height=43,reqIdx=2,hash=0db252aa...
info|2019-12-12 12:58:39.121724|[g:1][CONSENSUS][PBFT]checkTimeout Succ,view=4,toView=5,nodeIdx=1,changeCycle=0,myNode=27fabce4...,timecost=0.179
info|2019-12-12 12:58:39.124570|[g:1][CONSENSUS][PBFT]checkAndChangeView: Reach consensus,org_view=4,org_changeCycle=0,cur_changeCycle=0,to_view=5
info|2019-12-12 12:58:40.127405|[g:1][CONSENSUS]addRawPrepare,height=43,reqIdx=3,hash=d7eb16b5...
info|2019-12-12 12:58:40.127611|[g:1][CONSENSUS][PBFT]checkTimeout Succ,view=5,toView=6,nodeIdx=1,changeCycle=0,myNode=27fabce4...,timecost=0.181
info|2019-12-12 12:58:40.133781|[g:1][CONSENSUS][PBFT]checkAndChangeView: Reach consensus,org_view=5,org_changeCycle=0,cur_changeCycle=0,to_view=6
info|2019-12-12 12:58:41.138016|[g:1][CONSENSUS]addRawPrepare,height=43,reqIdx=0,hash=0296587b...
info|2019-12-12 12:58:41.138242|[g:1][CONSENSUS][PBFT]checkTimeout Succ,view=6,toView=7,nodeIdx=1,changeCycle=0,myNode=27fabce4...,timecost=0.207
info|2019-12-12 12:58:41.139716|[g:1][CONSENSUS][PBFT]checkAndChangeView: Reach consensus,org_view=6,org_changeCycle=0,cur_changeCycle=0,to_view=7
info|2019-12-12 12:58:41.318108|[NETWORK][Session]Received topic: [2] from fc2c7888ced21f44ebab8c5975a9aa05ef0da8f7d258808e4364334fe9157dac91ebde60444a932ada83a49c0079c9ac47e4fab1a1ff477a1c430f8e7e9a7b61
info|2019-12-12 12:58:42.140653|[g:1][CONSENSUS][SEALER]++++++++++++++++ Generating seal on,blkNum=43,tx=0,nodeIdx=1,hash=a5c3e080...
info|2019-12-12 12:58:42.149649|[g:1][CONSENSUS][PBFT]checkTimeout Succ,view=7,toView=8,nodeIdx=1,changeCycle=0,myNode=27fabce4...,timecost=0.183
info|2019-12-12 12:58:42.150545|[g:1][CONSENSUS][PBFT]checkAndChangeView: Reach consensus,org_view=7,org_changeCycle=0,cur_changeCycle=0,to_view=8
info|2019-12-12 12:58:43.151187|[g:1][CONSENSUS]addRawPrepare,height=43,reqIdx=2,hash=9e7c5695...
info|2019-12-12 12:58:43.151395|[g:1][CONSENSUS][PBFT]checkTimeout Succ,view=8,toView=9,nodeIdx=1,changeCycle=0,myNode=27fabce4...,timecost=0.187
info|2019-12-12 12:58:43.152477|[g:1][CONSENSUS][PBFT]checkAndChangeView: Reach consensus,org_view=8,org_changeCycle=0,cur_changeCycle=0,to_view=9
info|2019-12-12 12:58:44.159479|[g:1][CONSENSUS]addRawPrepare,height=43,reqIdx=3,hash=baf0d1de...
info|2019-12-12 12:58:44.159812|[g:1][CONSENSUS][PBFT]checkTimeout Succ,view=9,toView=10,nodeIdx=1,changeCycle=0,myNode=27fabce4...,timecost=0.286
info|2019-12-12 12:58:44.164582|[g:1][CONSENSUS][PBFT]checkAndChangeView: Reach consensus,org_view=9,org_changeCycle=0,cur_changeCycle=0,to_view=10
info|2019-12-12 12:58:45.165092|[g:1][CONSENSUS]addRawPrepare,height=43,reqIdx=0,hash=b9c0f95d...
info|2019-12-12 12:58:45.165289|[g:1][CONSENSUS][PBFT]checkTimeout Succ,view=10,toView=11,nodeIdx=1,changeCycle=0,myNode=27fabce4...,timecost=0.176
info|2019-12-12 12:58:45.167659|[g:1][CONSENSUS][PBFT]checkAndChangeView: Reach consensus,org_view=10,org_changeCycle=0,cur_changeCycle=0,to_view=11
info|2019-12-12 12:58:46.169644|[g:1][CONSENSUS][SEALER]++++++++++++++++ Generating seal on,blkNum=43,tx=0,nodeIdx=1,hash=adae7c4e...
info|2019-12-12 12:58:46.179362|[g:1][CONSENSUS][PBFT]checkTimeout Succ,view=11,toView=12,nodeIdx=1,changeCycle=0,myNode=27fabce4...,timecost=0.187
info|2019-12-12 12:58:46.180243|[g:1][CONSENSUS][PBFT]checkAndChangeView: Reach consensus,org_view=11,org_changeCycle=0,cur_changeCycle=0,to_view=12
info|2019-12-12 12:58:46.199202|[P2P][Service] heartBeat,connected count=3
info|2019-12-12 12:58:47.180364|[g:1][CONSENSUS]addRawPrepare,height=43,reqIdx=2,hash=6489f41a...
info|2019-12-12 12:58:47.181682|[g:1][CONSENSUS][PBFT]checkTimeout Succ,view=12,toView=13,nodeIdx=1,changeCycle=0,myNode=27fabce4...,timecost=1.298
info|2019-12-12 12:58:47.182948|[g:1][CONSENSUS][PBFT]checkAndChangeView: Reach consensus,org_view=12,org_changeCycle=0,cur_changeCycle=0,to_view=13
info|2019-12-12 12:58:48.185794|[g:1][CONSENSUS]addRawPrepare,height=43,reqIdx=3,hash=51e5c2b1...
info|2019-12-12 12:58:48.185976|[g:1][CONSENSUS][PBFT]checkTimeout Succ,view=13,toView=14,nodeIdx=1,changeCycle=0,myNode=27fabce4...,timecost=0.163
info|2019-12-12 12:58:48.188013|[g:1][CONSENSUS][PBFT]checkAndChangeView: Reach consensus,org_view=13,org_changeCycle=0,cur_changeCycle=0,to_view=14
info|2019-12-12 12:58:49.190025|[g:1][CONSENSUS]addRawPrepare,height=43,reqIdx=0,hash=d301b948...
info|2019-12-12 12:58:49.190230|[g:1][CONSENSUS][PBFT]checkTimeout Succ,view=14,toView=15,nodeIdx=1,changeCycle=0,myNode=27fabce4...,timecost=0.183
info|2019-12-12 12:58:49.192557|[g:1][CONSENSUS][PBFT]checkAndChangeView: Reach consensus,org_view=14,org_changeCycle=0,cur_changeCycle=0,to_view=15
info|2019-12-12 12:58:50.192749|[g:1][CONSENSUS][SEALER]++++++++++++++++ Generating seal on,blkNum=43,tx=0,nodeIdx=1,hash=e1bfddd8...
info|2019-12-12 12:58:50.197875|[g:1][CONSENSUS][PBFT]checkTimeout Succ,view=15,toView=16,nodeIdx=1,changeCycle=0,myNode=27fabce4...,timecost=0.164
info|2019-12-12 12:58:50.198430|[g:1][CONSENSUS][PBFT]checkAndChangeView: Reach consensus,org_view=15,org_changeCycle=0,cur_changeCycle=0,to_view=16
info|2019-12-12 12:58:51.199284|[g:1][CONSENSUS]addRawPrepare,height=43,reqIdx=2,hash=9521a32d...
info|2019-12-12 12:58:51.199502|[g:1][CONSENSUS][PBFT]checkTimeout Succ,view=16,toView=17,nodeIdx=1,changeCycle=0,myNode=27fabce4...,timecost=0.198
info|2019-12-12 12:58:51.202238|[g:1][CONSENSUS][PBFT]checkAndChangeView: Reach consensus,org_view=16,org_changeCycle=0,cur_changeCycle=0,to_view=17
info|2019-12-12 12:58:52.204854|[g:1][CONSENSUS]addRawPrepare,height=43,reqIdx=3,hash=a2dc67d0...
info|2019-12-12 12:58:52.205042|[g:1][CONSENSUS][PBFT]checkTimeout Succ,view=17,toView=18,nodeIdx=1,changeCycle=0,myNode=27fabce4...,timecost=0.169
info|2019-12-12 12:58:52.207442|[g:1][CONSENSUS][PBFT]checkAndChangeView: Reach consensus,org_view=17,org_changeCycle=0,cur_changeCycle=0,to_view=18
info|2019-12-12 12:58:53.211124|[g:1][CONSENSUS]addRawPrepare,height=43,reqIdx=0,hash=49e7ba52...
info|2019-12-12 12:58:53.211338|[g:1][CONSENSUS][PBFT]checkTimeout Succ,view=18,toView=19,nodeIdx=1,changeCycle=0,myNode=27fabce4...,timecost=0.193
info|2019-12-12 12:58:53.214011|[g:1][CONSENSUS][PBFT]checkAndChangeView: Reach consensus,org_view=18,org_changeCycle=0,cur_changeCycle=0,to_view=19
info|2019-12-12 12:58:54.214251|[g:1][CONSENSUS][SEALER]++++++++++++++++ Generating seal on,blkNum=43,tx=0,nodeIdx=1,hash=6f6f9863...
info|2019-12-12 12:58:54.220023|[g:1][CONSENSUS][PBFT]checkTimeout Succ,view=19,toView=20,nodeIdx=1,changeCycle=0,myNode=27fabce4...,timecost=0.192
info|2019-12-12 12:58:54.220576|[g:1][CONSENSUS][PBFT]checkAndChangeView: Reach consensus,org_view=19,org_changeCycle=0,cur_changeCycle=0,to_view=20
info|2019-12-12 12:58:55.221627|[g:1][CONSENSUS]addRawPrepare,height=43,reqIdx=2,hash=73fd7ecb...
info|2019-12-12 12:58:55.221830|[g:1][CONSENSUS][PBFT]checkTimeout Succ,view=20,toView=21,nodeIdx=1,changeCycle=0,myNode=27fabce4...,timecost=0.175
info|2019-12-12 12:58:55.222799|[g:1][CONSENSUS][PBFT]checkAndChangeView: Reach consensus,org_view=20,org_changeCycle=0,cur_changeCycle=0,to_view=21
info|2019-12-12 12:58:56.199295|[P2P][Service] heartBeat,connected count=3
info|2019-12-12 12:58:56.225637|[g:1][CONSENSUS]addRawPrepare,height=43,reqIdx=3,hash=cbb7def6...
info|2019-12-12 12:58:56.225834|[g:1][CONSENSUS][PBFT]checkTimeout Succ,view=21,toView=22,nodeIdx=1,changeCycle=0,myNode=27fabce4...,timecost=0.177
info|2019-12-12 12:58:56.228021|[g:1][CONSENSUS][PBFT]checkAndChangeView: Reach consensus,org_view=21,org_changeCycle=0,cur_changeCycle=0,to_view=22
info|2019-12-12 12:58:57.230102|[g:1][CONSENSUS]addRawPrepare,height=43,reqIdx=0,hash=cbdb56ae...
info|2019-12-12 12:58:57.230304|[g:1][CONSENSUS][PBFT]checkTimeout Succ,view=22,toView=23,nodeIdx=1,changeCycle=0,myNode=27fabce4...,timecost=0.178
info|2019-12-12 12:58:57.232300|[g:1][CONSENSUS][PBFT]checkAndChangeView: Reach consensus,org_view=22,org_changeCycle=0,cur_changeCycle=0,to_view=23
info|2019-12-12 12:58:58.233064|[g:1][CONSENSUS][SEALER]++++++++++++++++ Generating seal on,blkNum=43,tx=0,nodeIdx=1,hash=7bdf7d8e...
info|2019-12-12 12:58:58.238376|[g:1][CONSENSUS][PBFT]checkTimeout Succ,view=23,toView=24,nodeIdx=1,changeCycle=0,myNode=27fabce4...,timecost=0.175
info|2019-12-12 12:58:58.239199|[g:1][CONSENSUS][PBFT]checkAndChangeView: Reach consensus,org_view=23,org_changeCycle=0,cur_changeCycle=0,to_view=24
info|2019-12-12 12:58:59.240243|[g:1][CONSENSUS]addRawPrepare,height=43,reqIdx=2,hash=2f70c99a...
info|2019-12-12 12:58:59.240444|[g:1][CONSENSUS][PBFT]checkTimeout Succ,view=24,toView=25,nodeIdx=1,changeCycle=0,myNode=27fabce4...,timecost=0.178
info|2019-12-12 12:58:59.242541|[g:1][CONSENSUS][PBFT]checkAndChangeView: Reach consensus,org_view=24,org_changeCycle=0,cur_changeCycle=0,to_view=25
info|2019-12-12 12:59:00.244748|[g:1][CONSENSUS][PBFT]Trigger fast-viewchange,view=25,toView=25,minView=26,INFO=,reqNum=42,curNum=42,GenIdx=0,Cview=26,view=25,fromIdx=0,fromNode=1aee600f...,fromIp=127.0.0.1:36966,hash=fe577a76...,nodeIdx=1,myNode=27fabce4...
info|2019-12-12 12:59:00.244978|[g:1][CONSENSUS][PBFT]checkAndChangeView: Reach consensus,org_view=25,org_changeCycle=0,cur_changeCycle=0,to_view=26
info|2019-12-12 12:59:00.244985|[g:1][CONSENSUS][PBFT]checkTimeout Succ,view=26,toView=26,nodeIdx=1,changeCycle=0,myNode=27fabce4...,timecost=0.204
info|2019-12-12 12:59:01.248420|[g:1][CONSENSUS]addRawPrepare,height=43,reqIdx=0,hash=06d25a43...
info|2019-12-12 12:59:01.248627|[g:1][CONSENSUS][PBFT]checkTimeout Succ,view=26,toView=27,nodeIdx=1,changeCycle=0,myNode=27fabce4...,timecost=0.187
info|2019-12-12 12:59:01.250812|[g:1][CONSENSUS][PBFT]checkAndChangeView: Reach consensus,org_view=26,org_changeCycle=0,cur_changeCycle=0,to_view=27
info|2019-12-12 12:59:02.251556|[g:1][CONSENSUS][SEALER]++++++++++++++++ Generating seal on,blkNum=43,tx=0,nodeIdx=1,hash=8313d145...
info|2019-12-12 12:59:02.261361|[g:1][CONSENSUS][PBFT]checkTimeout Succ,view=27,toView=28,nodeIdx=1,changeCycle=0,myNode=27fabce4...,timecost=0.344
info|2019-12-12 12:59:02.262922|[g:1][CONSENSUS][PBFT]checkAndChangeView: Reach consensus,org_view=27,org_changeCycle=0,cur_changeCycle=0,to_view=28
info|2019-12-12 12:59:03.262550|[g:1][CONSENSUS]addRawPrepare,height=43,reqIdx=2,hash=32c20a07...
info|2019-12-12 12:59:03.262748|[g:1][CONSENSUS][PBFT]checkTimeout Succ,view=28,toView=29,nodeIdx=1,changeCycle=0,myNode=27fabce4...,timecost=0.177
info|2019-12-12 12:59:03.266043|[g:1][CONSENSUS][PBFT]checkAndChangeView: Reach consensus,org_view=28,org_changeCycle=0,cur_changeCycle=0,to_view=29
info|2019-12-12 12:59:04.274140|[g:1][CONSENSUS]addRawPrepare,height=43,reqIdx=3,hash=950908b1...
info|2019-12-12 12:59:04.274336|[g:1][CONSENSUS][PBFT]checkTimeout Succ,view=29,toView=30,nodeIdx=1,changeCycle=0,myNode=27fabce4...,timecost=0.176
info|2019-12-12 12:59:04.275114|[g:1][CONSENSUS][PBFT]checkAndChangeView: Reach consensus,org_view=29,org_changeCycle=0,cur_changeCycle=0,to_view=30
info|2019-12-12 12:59:05.281065|[g:1][CONSENSUS]addRawPrepare,height=43,reqIdx=0,hash=3e3730ba...
info|2019-12-12 12:59:05.281253|[g:1][CONSENSUS][PBFT]checkTimeout Succ,view=30,toView=31,nodeIdx=1,changeCycle=0,myNode=27fabce4...,timecost=0.168
info|2019-12-12 12:59:05.281542|[g:1][CONSENSUS][PBFT]checkAndChangeView: Reach consensus,org_view=30,org_changeCycle=0,cur_changeCycle=0,to_view=31
info|2019-12-12 12:59:06.199383|[P2P][Service] heartBeat,connected count=3
info|2019-12-12 12:59:06.281565|[g:1][CONSENSUS][SEALER]++++++++++++++++ Generating seal on,blkNum=43,tx=0,nodeIdx=1,hash=fb11c14b...
info|2019-12-12 12:59:06.286918|[g:1][CONSENSUS][PBFT]checkTimeout Succ,view=31,toView=32,nodeIdx=1,changeCycle=0,myNode=27fabce4...,timecost=0.192
info|2019-12-12 12:59:06.287696|[g:1][CONSENSUS][PBFT]checkAndChangeView: Reach consensus,org_view=31,org_changeCycle=0,cur_changeCycle=0,to_view=32
info|2019-12-12 12:59:07.290719|[g:1][CONSENSUS]addRawPrepare,height=43,reqIdx=2,hash=f4a61fa5...
info|2019-12-12 12:59:07.290928|[g:1][CONSENSUS][PBFT]checkTimeout Succ,view=32,toView=33,nodeIdx=1,changeCycle=0,myNode=27fabce4...,timecost=0.184
info|2019-12-12 12:59:07.294854|[g:1][CONSENSUS][PBFT]checkAndChangeView: Reach consensus,org_view=32,org_changeCycle=0,cur_changeCycle=0,to_view=33
info|2019-12-12 12:59:08.299317|[g:1][CONSENSUS]addRawPrepare,height=43,reqIdx=3,hash=51d5848c...
info|2019-12-12 12:59:08.299521|[g:1][CONSENSUS][PBFT]checkTimeout Succ,view=33,toView=34,nodeIdx=1,changeCycle=0,myNode=27fabce4...,timecost=0.181
info|2019-12-12 12:59:08.302256|[g:1][CONSENSUS][PBFT]checkAndChangeView: Reach consensus,org_view=33,org_changeCycle=0,cur_changeCycle=0,to_view=34
info|2019-12-12 12:59:09.303254|[g:1][CONSENSUS]addRawPrepare,height=43,reqIdx=0,hash=40b1eb00...
info|2019-12-12 12:59:09.303467|[g:1][CONSENSUS][PBFT]checkTimeout Succ,view=34,toView=35,nodeIdx=1,changeCycle=0,myNode=27fabce4...,timecost=0.191
info|2019-12-12 12:59:09.309479|[g:1][CONSENSUS][PBFT]checkAndChangeView: Reach consensus,org_view=34,org_changeCycle=0,cur_changeCycle=0,to_view=35
info|2019-12-12 12:59:10.310470|[g:1][CONSENSUS][SEALER]++++++++++++++++ Generating seal on,blkNum=43,tx=0,nodeIdx=1,hash=d8c553c6...
info|2019-12-12 12:59:10.322694|[g:1][CONSENSUS][PBFT]checkTimeout Succ,view=35,toView=36,nodeIdx=1,changeCycle=0,myNode=27fabce4...,timecost=0.355
info|2019-12-12 12:59:10.323458|[g:1][CONSENSUS][PBFT]checkAndChangeView: Reach consensus,org_view=35,org_changeCycle=0,cur_changeCycle=0,to_view=36
info|2019-12-12 12:59:11.323790|[g:1][CONSENSUS]addRawPrepare,height=43,reqIdx=2,hash=24ab4f37...
info|2019-12-12 12:59:11.324688|[g:1][CONSENSUS][PBFT]checkTimeout Succ,view=36,toView=37,nodeIdx=1,changeCycle=0,myNode=27fabce4...,timecost=0.879
info|2019-12-12 12:59:11.324943|[g:1][CONSENSUS][PBFT]checkAndChangeView: Reach consensus,org_view=36,org_changeCycle=0,cur_changeCycle=0,to_view=37
info|2019-12-12 12:59:12.330104|[g:1][CONSENSUS]addRawPrepare,height=43,reqIdx=3,hash=96fba650...
info|2019-12-12 12:59:12.330316|[g:1][CONSENSUS][PBFT]checkTimeout Succ,view=37,toView=38,nodeIdx=1,changeCycle=0,myNode=27fabce4...,timecost=0.184
info|2019-12-12 12:59:12.332092|[g:1][CONSENSUS][PBFT]checkAndChangeView: Reach consensus,org_view=37,org_changeCycle=0,cur_changeCycle=0,to_view=38
info|2019-12-12 12:59:13.334538|[g:1][CONSENSUS]addRawPrepare,height=43,reqIdx=0,hash=adc10d92...
info|2019-12-12 12:59:13.334731|[g:1][CONSENSUS][PBFT]checkTimeout Succ,view=38,toView=39,nodeIdx=1,changeCycle=0,myNode=27fabce4...,timecost=0.172
info|2019-12-12 12:59:13.334995|[g:1][CONSENSUS][PBFT]checkAndChangeView: Reach consensus,org_view=38,org_changeCycle=0,cur_changeCycle=0,to_view=39
info|2019-12-12 12:59:14.337803|[g:1][CONSENSUS][SEALER]++++++++++++++++ Generating seal on,blkNum=43,tx=0,nodeIdx=1,hash=14e18c6c...
info|2019-12-12 12:59:14.344322|[g:1][CONSENSUS][PBFT]checkTimeout Succ,view=39,toView=40,nodeIdx=1,changeCycle=0,myNode=27fabce4...,timecost=0.189
info|2019-12-12 12:59:14.345524|[g:1][CONSENSUS][PBFT]checkAndChangeView: Reach consensus,org_view=39,org_changeCycle=0,cur_changeCycle=0,to_view=40
info|2019-12-12 12:59:15.345114|[g:1][CONSENSUS]addRawPrepare,height=43,reqIdx=2,hash=9f6c2092...
info|2019-12-12 12:59:15.345313|[g:1][CONSENSUS][PBFT]checkTimeout Succ,view=40,toView=41,nodeIdx=1,changeCycle=0,myNode=27fabce4...,timecost=0.178
info|2019-12-12 12:59:15.347406|[g:1][CONSENSUS][PBFT]checkAndChangeView: Reach consensus,org_view=40,org_changeCycle=0,cur_changeCycle=0,to_view=41
info|2019-12-12 12:59:16.199633|[P2P][Service] heartBeat,connected count=3
info|2019-12-12 12:59:16.351565|[g:1][CONSENSUS]addRawPrepare,height=43,reqIdx=3,hash=478dad57...
info|2019-12-12 12:59:16.351756|[g:1][CONSENSUS][PBFT]checkTimeout Succ,view=41,toView=42,nodeIdx=1,changeCycle=0,myNode=27fabce4...,timecost=0.171
info|2019-12-12 12:59:16.352010|[g:1][CONSENSUS][PBFT]checkAndChangeView: Reach consensus,org_view=41,org_changeCycle=0,cur_changeCycle=0,to_view=42
info|2019-12-12 12:59:17.356887|[g:1][CONSENSUS]addRawPrepare,height=43,reqIdx=0,hash=f15f4dd4...
info|2019-12-12 12:59:17.357113|[g:1][CONSENSUS][PBFT]checkTimeout Succ,view=42,toView=43,nodeIdx=1,changeCycle=0,myNode=27fabce4...,timecost=0.204
info|2019-12-12 12:59:17.358710|[g:1][CONSENSUS][PBFT]checkAndChangeView: Reach consensus,org_view=42,org_changeCycle=0,cur_changeCycle=0,to_view=43
info|2019-12-12 12:59:18.358748|[g:1][CONSENSUS][SEALER]++++++++++++++++ Generating seal on,blkNum=43,tx=0,nodeIdx=1,hash=715da1d8...
info|2019-12-12 12:59:18.364902|[g:1][CONSENSUS][PBFT]checkTimeout Succ,view=43,toView=44,nodeIdx=1,changeCycle=0,myNode=27fabce4...,timecost=0.177
info|2019-12-12 12:59:18.365745|[g:1][CONSENSUS][PBFT]checkAndChangeView: Reach consensus,org_view=43,org_changeCycle=0,cur_changeCycle=0,to_view=44
info|2019-12-12 12:59:19.366407|[g:1][CONSENSUS]addRawPrepare,height=43,reqIdx=2,hash=b017c616...
info|2019-12-12 12:59:19.366847|[g:1][CONSENSUS][PBFT]checkTimeout Succ,view=44,toView=45,nodeIdx=1,changeCycle=0,myNode=27fabce4...,timecost=0.357
info|2019-12-12 12:59:19.380587|[g:1][CONSENSUS][PBFT]checkAndChangeView: Reach consensus,org_view=44,org_changeCycle=0,cur_changeCycle=0,to_view=45
info|2019-12-12 12:59:20.383363|[g:1][CONSENSUS]addRawPrepare,height=43,reqIdx=3,hash=ce578fe6...
info|2019-12-12 12:59:20.383681|[g:1][CONSENSUS][PBFT]checkTimeout Succ,view=45,toView=46,nodeIdx=1,changeCycle=0,myNode=27fabce4...,timecost=0.294
info|2019-12-12 12:59:20.386393|[g:1][CONSENSUS][PBFT]checkAndChangeView: Reach consensus,org_view=45,org_changeCycle=0,cur_changeCycle=0,to_view=46
info|2019-12-12 12:59:21.387052|[g:1][CONSENSUS]addRawPrepare,height=43,reqIdx=0,hash=7f72be73...
info|2019-12-12 12:59:21.387252|[g:1][CONSENSUS][PBFT]checkTimeout Succ,view=46,toView=47,nodeIdx=1,changeCycle=0,myNode=27fabce4...,timecost=0.177
info|2019-12-12 12:59:21.388290|[g:1][CONSENSUS][PBFT]checkAndChangeView: Reach consensus,org_view=46,org_changeCycle=0,cur_changeCycle=0,to_view=47
info|2019-12-12 12:59:22.391710|[g:1][CONSENSUS][SEALER]++++++++++++++++ Generating seal on,blkNum=43,tx=0,nodeIdx=1,hash=8a67ecce...
info|2019-12-12 12:59:22.397918|[g:1][CONSENSUS][PBFT]checkTimeout Succ,view=47,toView=48,nodeIdx=1,changeCycle=0,myNode=27fabce4...,timecost=0.187
info|2019-12-12 12:59:22.398768|[g:1][CONSENSUS][PBFT]checkAndChangeView: Reach consensus,org_view=47,org_changeCycle=0,cur_changeCycle=0,to_view=48
info|2019-12-12 12:59:23.401761|[g:1][CONSENSUS]addRawPrepare,height=43,reqIdx=2,hash=5a57be34...
info|2019-12-12 12:59:23.408646|[g:1][CONSENSUS][PBFT]checkTimeout Succ,view=48,toView=49,nodeIdx=1,changeCycle=0,myNode=27fabce4...,timecost=6.736
info|2019-12-12 12:59:23.409745|[g:1][CONSENSUS][PBFT]checkAndChangeView: Reach consensus,org_view=48,org_changeCycle=0,cur_changeCycle=0,to_view=49
info|2019-12-12 12:59:24.412726|[g:1][CONSENSUS]addRawPrepare,height=43,reqIdx=3,hash=d54189eb...
info|2019-12-12 12:59:24.412931|[g:1][CONSENSUS][PBFT]checkTimeout Succ,view=49,toView=50,nodeIdx=1,changeCycle=0,myNode=27fabce4...,timecost=0.179
info|2019-12-12 12:59:24.422029|[g:1][CONSENSUS][PBFT]checkAndChangeView: Reach consensus,org_view=49,org_changeCycle=0,cur_changeCycle=0,to_view=50
info|2019-12-12 12:59:25.416495|[g:1][CONSENSUS]addRawPrepare,height=43,reqIdx=0,hash=4f7fa4f3...
info|2019-12-12 12:59:25.416779|[g:1][CONSENSUS][PBFT]checkTimeout Succ,view=50,toView=51,nodeIdx=1,changeCycle=0,myNode=27fabce4...,timecost=0.265
info|2019-12-12 12:59:25.420107|[g:1][CONSENSUS][PBFT]checkAndChangeView: Reach consensus,org_view=50,org_changeCycle=0,cur_changeCycle=0,to_view=51
info|2019-12-12 12:59:26.199812|[P2P][Service] heartBeat,connected count=3
info|2019-12-12 12:59:26.420910|[g:1][CONSENSUS][SEALER]++++++++++++++++ Generating seal on,blkNum=43,tx=0,nodeIdx=1,hash=a8ef1c27...
info|2019-12-12 12:59:26.434123|[g:1][CONSENSUS][PBFT]checkTimeout Succ,view=51,toView=52,nodeIdx=1,changeCycle=0,myNode=27fabce4...,timecost=0.348
info|2019-12-12 12:59:26.435572|[g:1][CONSENSUS][PBFT]checkAndChangeView: Reach consensus,org_view=51,org_changeCycle=0,cur_changeCycle=0,to_view=52
info|2019-12-12 12:59:27.432695|[g:1][CONSENSUS]addRawPrepare,height=43,reqIdx=2,hash=2c30dd45...
info|2019-12-12 12:59:27.432905|[g:1][CONSENSUS][PBFT]checkTimeout Succ,view=52,toView=53,nodeIdx=1,changeCycle=0,myNode=27fabce4...,timecost=0.187
info|2019-12-12 12:59:27.434123|[g:1][CONSENSUS][PBFT]checkAndChangeView: Reach consensus,org_view=52,org_changeCycle=0,cur_changeCycle=0,to_view=53
info|2019-12-12 12:59:28.439189|[g:1][CONSENSUS]addRawPrepare,height=43,reqIdx=3,hash=ee429a43...
info|2019-12-12 12:59:28.439375|[g:1][CONSENSUS][PBFT]checkTimeout Succ,view=53,toView=54,nodeIdx=1,changeCycle=0,myNode=27fabce4...,timecost=0.167
info|2019-12-12 12:59:28.441087|[g:1][CONSENSUS][PBFT]checkAndChangeView: Reach consensus,org_view=53,org_changeCycle=0,cur_changeCycle=0,to_view=54
info|2019-12-12 12:59:29.441742|[g:1][CONSENSUS]addRawPrepare,height=43,reqIdx=0,hash=56cbaca1...
info|2019-12-12 12:59:29.441941|[g:1][CONSENSUS][PBFT]checkTimeout Succ,view=54,toView=55,nodeIdx=1,changeCycle=0,myNode=27fabce4...,timecost=0.178
info|2019-12-12 12:59:29.444881|[g:1][CONSENSUS][PBFT]checkAndChangeView: Reach consensus,org_view=54,org_changeCycle=0,cur_changeCycle=0,to_view=55
info|2019-12-12 12:59:30.444921|[g:1][CONSENSUS][SEALER]++++++++++++++++ Generating seal on,blkNum=43,tx=0,nodeIdx=1,hash=69a3b7d1...
info|2019-12-12 12:59:30.451553|[g:1][CONSENSUS][PBFT]checkTimeout Succ,view=55,toView=56,nodeIdx=1,changeCycle=0,myNode=27fabce4...,timecost=0.191
info|2019-12-12 12:59:30.452505|[g:1][CONSENSUS][PBFT]checkAndChangeView: Reach consensus,org_view=55,org_changeCycle=0,cur_changeCycle=0,to_view=56
info|2019-12-12 12:59:31.452459|[g:1][CONSENSUS]addRawPrepare,height=43,reqIdx=2,hash=a86a7944...
info|2019-12-12 12:59:31.454394|[g:1][CONSENSUS][PBFT]checkTimeout Succ,view=56,toView=57,nodeIdx=1,changeCycle=0,myNode=27fabce4...,timecost=1.917
info|2019-12-12 12:59:31.457264|[g:1][CONSENSUS][PBFT]checkAndChangeView: Reach consensus,org_view=56,org_changeCycle=0,cur_changeCycle=0,to_view=57
info|2019-12-12 12:59:32.458672|[g:1][CONSENSUS]addRawPrepare,height=43,reqIdx=3,hash=f97e03f5...
info|2019-12-12 12:59:32.458921|[g:1][CONSENSUS][PBFT]checkTimeout Succ,view=57,toView=58,nodeIdx=1,changeCycle=0,myNode=27fabce4...,timecost=0.229
info|2019-12-12 12:59:32.461282|[g:1][CONSENSUS][PBFT]checkAndChangeView: Reach consensus,org_view=57,org_changeCycle=0,cur_changeCycle=0,to_view=58
info|2019-12-12 12:59:33.464872|[g:1][CONSENSUS]addRawPrepare,height=43,reqIdx=0,hash=52d3df67...
info|2019-12-12 12:59:33.465069|[g:1][CONSENSUS][PBFT]checkTimeout Succ,view=58,toView=59,nodeIdx=1,changeCycle=0,myNode=27fabce4...,timecost=0.176
info|2019-12-12 12:59:33.465895|[g:1][CONSENSUS][PBFT]checkAndChangeView: Reach consensus,org_view=58,org_changeCycle=0,cur_changeCycle=0,to_view=59
info|2019-12-12 12:59:34.465763|[g:1][CONSENSUS][SEALER]++++++++++++++++ Generating seal on,blkNum=43,tx=0,nodeIdx=1,hash=f5aca1c1...
info|2019-12-12 12:59:34.474522|[g:1][CONSENSUS][PBFT]checkTimeout Succ,view=59,toView=60,nodeIdx=1,changeCycle=0,myNode=27fabce4...,timecost=0.18
info|2019-12-12 12:59:34.475208|[g:1][CONSENSUS][PBFT]checkAndChangeView: Reach consensus,org_view=59,org_changeCycle=0,cur_changeCycle=0,to_view=60
info|2019-12-12 12:59:35.475934|[g:1][CONSENSUS]addRawPrepare,height=43,reqIdx=2,hash=b658601a...
info|2019-12-12 12:59:35.476132|[g:1][CONSENSUS][PBFT]checkTimeout Succ,view=60,toView=61,nodeIdx=1,changeCycle=0,myNode=27fabce4...,timecost=0.177
info|2019-12-12 12:59:35.477174|[g:1][CONSENSUS][PBFT]checkAndChangeView: Reach consensus,org_view=60,org_changeCycle=0,cur_changeCycle=0,to_view=61
info|2019-12-12 12:59:36.199903|[P2P][Service] heartBeat,connected count=3
info|2019-12-12 12:59:36.481027|[g:1][CONSENSUS]addRawPrepare,height=43,reqIdx=3,hash=499861e7...
info|2019-12-12 12:59:36.481216|[g:1][CONSENSUS][PBFT]checkTimeout Succ,view=61,toView=62,nodeIdx=1,changeCycle=0,myNode=27fabce4...,timecost=0.169
info|2019-12-12 12:59:36.481491|[g:1][CONSENSUS][PBFT]checkAndChangeView: Reach consensus,org_view=61,org_changeCycle=0,cur_changeCycle=0,to_view=62
info|2019-12-12 12:59:37.485737|[g:1][CONSENSUS]addRawPrepare,height=43,reqIdx=0,hash=5062c42e...
info|2019-12-12 12:59:37.485996|[g:1][CONSENSUS][PBFT]checkTimeout Succ,view=62,toView=63,nodeIdx=1,changeCycle=0,myNode=27fabce4...,timecost=0.237
info|2019-12-12 12:59:37.488169|[g:1][CONSENSUS][PBFT]checkAndChangeView: Reach consensus,org_view=62,org_changeCycle=0,cur_changeCycle=0,to_view=63
info|2019-12-12 12:59:38.490112|[g:1][CONSENSUS][SEALER]++++++++++++++++ Generating seal on,blkNum=43,tx=0,nodeIdx=1,hash=ce9e7373...
info|2019-12-12 12:59:38.495466|[g:1][CONSENSUS][PBFT]checkTimeout Succ,view=63,toView=64,nodeIdx=1,changeCycle=0,myNode=27fabce4...,timecost=0.176
info|2019-12-12 12:59:38.496197|[g:1][CONSENSUS][PBFT]checkAndChangeView: Reach consensus,org_view=63,org_changeCycle=0,cur_changeCycle=0,to_view=64
info|2019-12-12 12:59:39.496398|[g:1][CONSENSUS]addRawPrepare,height=43,reqIdx=2,hash=247b310d...
info|2019-12-12 12:59:39.496664|[g:1][CONSENSUS][PBFT]checkTimeout Succ,view=64,toView=65,nodeIdx=1,changeCycle=0,myNode=27fabce4...,timecost=0.245
info|2019-12-12 12:59:39.499403|[g:1][CONSENSUS][PBFT]checkAndChangeView: Reach consensus,org_view=64,org_changeCycle=0,cur_changeCycle=0,to_view=65
info|2019-12-12 12:59:40.500865|[g:1][CONSENSUS]addRawPrepare,height=43,reqIdx=3,hash=e6098a44...
info|2019-12-12 12:59:40.501169|[g:1][CONSENSUS][PBFT]checkTimeout Succ,view=65,toView=66,nodeIdx=1,changeCycle=0,myNode=27fabce4...,timecost=0.262
info|2019-12-12 12:59:40.503805|[g:1][CONSENSUS][PBFT]checkAndChangeView: Reach consensus,org_view=65,org_changeCycle=0,cur_changeCycle=0,to_view=66
info|2019-12-12 12:59:41.507046|[g:1][CONSENSUS]addRawPrepare,height=43,reqIdx=0,hash=175b6276...
info|2019-12-12 12:59:41.507245|[g:1][CONSENSUS][PBFT]checkTimeout Succ,view=66,toView=67,nodeIdx=1,changeCycle=0,myNode=27fabce4...,timecost=0.177
info|2019-12-12 12:59:41.508224|[g:1][CONSENSUS][PBFT]checkAndChangeView: Reach consensus,org_view=66,org_changeCycle=0,cur_changeCycle=0,to_view=67
info|2019-12-12 12:59:42.508119|[g:1][CONSENSUS][SEALER]++++++++++++++++ Generating seal on,blkNum=43,tx=0,nodeIdx=1,hash=98fd462b...
info|2019-12-12 12:59:42.514257|[g:1][CONSENSUS][PBFT]checkTimeout Succ,view=67,toView=68,nodeIdx=1,changeCycle=0,myNode=27fabce4...,timecost=0.192
info|2019-12-12 12:59:42.515097|[g:1][CONSENSUS][PBFT]checkAndChangeView: Reach consensus,org_view=67,org_changeCycle=0,cur_changeCycle=0,to_view=68
info|2019-12-12 12:59:43.517356|[g:1][CONSENSUS]addRawPrepare,height=43,reqIdx=2,hash=e14c229d...
info|2019-12-12 12:59:43.517554|[g:1][CONSENSUS][PBFT]checkTimeout Succ,view=68,toView=69,nodeIdx=1,changeCycle=0,myNode=27fabce4...,timecost=0.177
info|2019-12-12 12:59:43.519302|[g:1][CONSENSUS][PBFT]checkAndChangeView: Reach consensus,org_view=68,org_changeCycle=0,cur_changeCycle=0,to_view=69
info|2019-12-12 12:59:44.524596|[g:1][CONSENSUS]addRawPrepare,height=43,reqIdx=3,hash=89dcf7df...
info|2019-12-12 12:59:44.524792|[g:1][CONSENSUS][PBFT]checkTimeout Succ,view=69,toView=70,nodeIdx=1,changeCycle=0,myNode=27fabce4...,timecost=0.175
info|2019-12-12 12:59:44.525285|[g:1][CONSENSUS][PBFT]checkAndChangeView: Reach consensus,org_view=69,org_changeCycle=0,cur_changeCycle=0,to_view=70
info|2019-12-12 12:59:45.528530|[g:1][CONSENSUS]addRawPrepare,height=43,reqIdx=0,hash=ca07c945...
info|2019-12-12 12:59:45.528727|[g:1][CONSENSUS][PBFT]checkTimeout Succ,view=70,toView=71,nodeIdx=1,changeCycle=0,myNode=27fabce4...,timecost=0.175
info|2019-12-12 12:59:45.531447|[g:1][CONSENSUS][PBFT]checkAndChangeView: Reach consensus,org_view=70,org_changeCycle=0,cur_changeCycle=0,to_view=71
info|2019-12-12 12:59:46.200518|[P2P][Service] heartBeat,connected count=3
info|2019-12-12 12:59:46.531992|[g:1][CONSENSUS][SEALER]++++++++++++++++ Generating seal on,blkNum=43,tx=0,nodeIdx=1,hash=9f45c525...
info|2019-12-12 12:59:46.536978|[g:1][CONSENSUS][PBFT]checkTimeout Succ,view=71,toView=72,nodeIdx=1,changeCycle=0,myNode=27fabce4...,timecost=0.179
info|2019-12-12 12:59:46.537807|[g:1][CONSENSUS][PBFT]checkAndChangeView: Reach consensus,org_view=71,org_changeCycle=0,cur_changeCycle=0,to_view=72
info|2019-12-12 12:59:47.538777|[g:1][CONSENSUS]addRawPrepare,height=43,reqIdx=2,hash=2fbdf0b8...
info|2019-12-12 12:59:47.539041|[g:1][CONSENSUS][PBFT]checkTimeout Succ,view=72,toView=73,nodeIdx=1,changeCycle=0,myNode=27fabce4...,timecost=0.246
info|2019-12-12 12:59:47.540106|[g:1][CONSENSUS][PBFT]checkAndChangeView: Reach consensus,org_view=72,org_changeCycle=0,cur_changeCycle=0,to_view=73
info|2019-12-12 12:59:48.544486|[g:1][CONSENSUS]addRawPrepare,height=43,reqIdx=3,hash=f5cf24fe...
info|2019-12-12 12:59:48.544669|[g:1][CONSENSUS][PBFT]checkTimeout Succ,view=73,toView=74,nodeIdx=1,changeCycle=0,myNode=27fabce4...,timecost=0.164
info|2019-12-12 12:59:48.546375|[g:1][CONSENSUS][PBFT]checkAndChangeView: Reach consensus,org_view=73,org_changeCycle=0,cur_changeCycle=0,to_view=74
info|2019-12-12 12:59:49.547686|[g:1][CONSENSUS]addRawPrepare,height=43,reqIdx=0,hash=860a622a...
info|2019-12-12 12:59:49.547919|[g:1][CONSENSUS][PBFT]checkTimeout Succ,view=74,toView=75,nodeIdx=1,changeCycle=0,myNode=27fabce4...,timecost=0.214
info|2019-12-12 12:59:49.552475|[g:1][CONSENSUS][PBFT]checkAndChangeView: Reach consensus,org_view=74,org_changeCycle=0,cur_changeCycle=0,to_view=75
info|2019-12-12 12:59:50.552191|[g:1][CONSENSUS][SEALER]++++++++++++++++ Generating seal on,blkNum=43,tx=0,nodeIdx=1,hash=b7a53621...
info|2019-12-12 12:59:50.557660|[g:1][CONSENSUS][PBFT]checkTimeout Succ,view=75,toView=76,nodeIdx=1,changeCycle=0,myNode=27fabce4...,timecost=0.225
info|2019-12-12 12:59:50.558479|[g:1][CONSENSUS][PBFT]checkAndChangeView: Reach consensus,org_view=75,org_changeCycle=0,cur_changeCycle=0,to_view=76
info|2019-12-12 12:59:51.558692|[g:1][CONSENSUS]addRawPrepare,height=43,reqIdx=2,hash=fd40ab2c...
info|2019-12-12 12:59:51.558893|[g:1][CONSENSUS][PBFT]checkTimeout Succ,view=76,toView=77,nodeIdx=1,changeCycle=0,myNode=27fabce4...,timecost=0.178
info|2019-12-12 12:59:51.561167|[g:1][CONSENSUS][PBFT]checkAndChangeView: Reach consensus,org_view=76,org_changeCycle=0,cur_changeCycle=0,to_view=77
info|2019-12-12 12:59:52.563785|[g:1][CONSENSUS]addRawPrepare,height=43,reqIdx=3,hash=bc960d35...
info|2019-12-12 12:59:52.563982|[g:1][CONSENSUS][PBFT]checkTimeout Succ,view=77,toView=78,nodeIdx=1,changeCycle=0,myNode=27fabce4...,timecost=0.173
info|2019-12-12 12:59:52.569303|[g:1][CONSENSUS][PBFT]checkAndChangeView: Reach consensus,org_view=77,org_changeCycle=0,cur_changeCycle=0,to_view=78
info|2019-12-12 12:59:53.571774|[g:1][CONSENSUS]addRawPrepare,height=43,reqIdx=0,hash=2df8a65f...
info|2019-12-12 12:59:53.571958|[g:1][CONSENSUS][PBFT]checkTimeout Succ,view=78,toView=79,nodeIdx=1,changeCycle=0,myNode=27fabce4...,timecost=0.164
info|2019-12-12 12:59:53.574080|[g:1][CONSENSUS][PBFT]checkAndChangeView: Reach consensus,org_view=78,org_changeCycle=0,cur_changeCycle=0,to_view=79
info|2019-12-12 12:59:54.574999|[g:1][CONSENSUS][SEALER]++++++++++++++++ Generating seal on,blkNum=43,tx=0,nodeIdx=1,hash=c36b46d1...
info|2019-12-12 12:59:54.580598|[g:1][CONSENSUS][PBFT]checkTimeout Succ,view=79,toView=80,nodeIdx=1,changeCycle=0,myNode=27fabce4...,timecost=0.186
info|2019-12-12 12:59:54.581275|[g:1][CONSENSUS][PBFT]checkAndChangeView: Reach consensus,org_view=79,org_changeCycle=0,cur_changeCycle=0,to_view=80
info|2019-12-12 12:59:55.581181|[g:1][CONSENSUS]addRawPrepare,height=43,reqIdx=2,hash=5ebf0b83...
info|2019-12-12 12:59:55.581381|[g:1][CONSENSUS][PBFT]checkTimeout Succ,view=80,toView=81,nodeIdx=1,changeCycle=0,myNode=27fabce4...,timecost=0.179
info|2019-12-12 12:59:55.583477|[g:1][CONSENSUS][PBFT]checkAndChangeView: Reach consensus,org_view=80,org_changeCycle=0,cur_changeCycle=0,to_view=81
info|2019-12-12 12:59:56.201019|[P2P][Service] heartBeat,connected count=3
info|2019-12-12 12:59:56.586743|[g:1][CONSENSUS][PBFT]Trigger fast-viewchange,view=81,toView=81,minView=82,INFO=,reqNum=42,curNum=42,GenIdx=0,Cview=82,view=81,fromIdx=0,fromNode=1aee600f...,fromIp=127.0.0.1:36966,hash=fe577a76...,nodeIdx=1,myNode=27fabce4...
info|2019-12-12 12:59:56.586951|[g:1][CONSENSUS][PBFT]checkAndChangeView: Reach consensus,org_view=81,org_changeCycle=0,cur_changeCycle=0,to_view=82
info|2019-12-12 12:59:56.586957|[g:1][CONSENSUS][PBFT]checkTimeout Succ,view=82,toView=82,nodeIdx=1,changeCycle=0,myNode=27fabce4...,timecost=0.183
info|2019-12-12 12:59:57.589040|[g:1][CONSENSUS]addRawPrepare,height=43,reqIdx=0,hash=cd070fe2...
info|2019-12-12 12:59:57.589342|[g:1][CONSENSUS][PBFT]checkTimeout Succ,view=82,toView=83,nodeIdx=1,changeCycle=0,myNode=27fabce4...,timecost=0.229
info|2019-12-12 12:59:57.592572|[g:1][CONSENSUS][PBFT]checkAndChangeView: Reach consensus,org_view=82,org_changeCycle=0,cur_changeCycle=0,to_view=83
info|2019-12-12 12:59:58.592856|[g:1][CONSENSUS][SEALER]++++++++++++++++ Generating seal on,blkNum=43,tx=0,nodeIdx=1,hash=ca816c7d...
info|2019-12-12 12:59:58.598599|[g:1][CONSENSUS][PBFT]checkTimeout Succ,view=83,toView=84,nodeIdx=1,changeCycle=0,myNode=27fabce4...,timecost=0.178
info|2019-12-12 12:59:58.599354|[g:1][CONSENSUS][PBFT]checkAndChangeView: Reach consensus,org_view=83,org_changeCycle=0,cur_changeCycle=0,to_view=84
info|2019-12-12 12:59:59.599842|[g:1][CONSENSUS]addRawPrepare,height=43,reqIdx=2,hash=3b6a06e7...
info|2019-12-12 12:59:59.600043|[g:1][CONSENSUS][PBFT]checkTimeout Succ,view=84,toView=85,nodeIdx=1,changeCycle=0,myNode=27fabce4...,timecost=0.178
info|2019-12-12 12:59:59.601911|[g:1][CONSENSUS][PBFT]checkAndChangeView: Reach consensus,org_view=84,org_changeCycle=0,cur_changeCycle=0,to_view=85
